ARM GAS  C:\Users\Admin\AppData\Local\Temp\ccMTe0wg.s 			page 1


   1              		.cpu cortex-m3
   2              		.arch armv7-m
   3              		.fpu softvfp
   4              		.eabi_attribute 20, 1
   5              		.eabi_attribute 21, 1
   6              		.eabi_attribute 23, 3
   7              		.eabi_attribute 24, 1
   8              		.eabi_attribute 25, 1
   9              		.eabi_attribute 26, 1
  10              		.eabi_attribute 30, 1
  11              		.eabi_attribute 34, 1
  12              		.eabi_attribute 18, 4
  13              		.file	"adc.c"
  14              		.text
  15              	.Ltext0:
  16              		.cfi_sections	.debug_frame
  17              		.section	.text.MX_ADC1_Init,"ax",%progbits
  18              		.align	1
  19              		.global	MX_ADC1_Init
  20              		.syntax unified
  21              		.thumb
  22              		.thumb_func
  24              	MX_ADC1_Init:
  25              	.LFB65:
  26              		.file 1 "Core/Src/adc.c"
   1:Core/Src/adc.c **** /* USER CODE BEGIN Header */
   2:Core/Src/adc.c **** /**
   3:Core/Src/adc.c ****   ******************************************************************************
   4:Core/Src/adc.c ****   * @file    adc.c
   5:Core/Src/adc.c ****   * @brief   This file provides code for the configuration
   6:Core/Src/adc.c ****   *          of the ADC instances.
   7:Core/Src/adc.c ****   ******************************************************************************
   8:Core/Src/adc.c ****   * @attention
   9:Core/Src/adc.c ****   *
  10:Core/Src/adc.c ****   * Copyright (c) 2023 STMicroelectronics.
  11:Core/Src/adc.c ****   * All rights reserved.
  12:Core/Src/adc.c ****   *
  13:Core/Src/adc.c ****   * This software is licensed under terms that can be found in the LICENSE file
  14:Core/Src/adc.c ****   * in the root directory of this software component.
  15:Core/Src/adc.c ****   * If no LICENSE file comes with this software, it is provided AS-IS.
  16:Core/Src/adc.c ****   *
  17:Core/Src/adc.c ****   ******************************************************************************
  18:Core/Src/adc.c ****   */
  19:Core/Src/adc.c **** /* USER CODE END Header */
  20:Core/Src/adc.c **** /* Includes ------------------------------------------------------------------*/
  21:Core/Src/adc.c **** #include "adc.h"
  22:Core/Src/adc.c **** 
  23:Core/Src/adc.c **** /* USER CODE BEGIN 0 */
  24:Core/Src/adc.c **** 
  25:Core/Src/adc.c **** /* USER CODE END 0 */
  26:Core/Src/adc.c **** 
  27:Core/Src/adc.c **** ADC_HandleTypeDef hadc1;
  28:Core/Src/adc.c **** ADC_HandleTypeDef hadc2;
  29:Core/Src/adc.c **** 
  30:Core/Src/adc.c **** /* ADC1 init function */
  31:Core/Src/adc.c **** void MX_ADC1_Init(void)
  32:Core/Src/adc.c **** {
ARM GAS  C:\Users\Admin\AppData\Local\Temp\ccMTe0wg.s 			page 2


  27              		.loc 1 32 1 view -0
  28              		.cfi_startproc
  29              		@ args = 0, pretend = 0, frame = 16
  30              		@ frame_needed = 0, uses_anonymous_args = 0
  31 0000 00B5     		push	{lr}
  32              	.LCFI0:
  33              		.cfi_def_cfa_offset 4
  34              		.cfi_offset 14, -4
  35 0002 85B0     		sub	sp, sp, #20
  36              	.LCFI1:
  37              		.cfi_def_cfa_offset 24
  33:Core/Src/adc.c **** 
  34:Core/Src/adc.c ****   /* USER CODE BEGIN ADC1_Init 0 */
  35:Core/Src/adc.c **** 
  36:Core/Src/adc.c ****   /* USER CODE END ADC1_Init 0 */
  37:Core/Src/adc.c **** 
  38:Core/Src/adc.c ****   ADC_ChannelConfTypeDef sConfig = {0};
  38              		.loc 1 38 3 view .LVU1
  39              		.loc 1 38 26 is_stmt 0 view .LVU2
  40 0004 0023     		movs	r3, #0
  41 0006 0193     		str	r3, [sp, #4]
  42 0008 0293     		str	r3, [sp, #8]
  43 000a 0393     		str	r3, [sp, #12]
  39:Core/Src/adc.c **** 
  40:Core/Src/adc.c ****   /* USER CODE BEGIN ADC1_Init 1 */
  41:Core/Src/adc.c **** 
  42:Core/Src/adc.c ****   /* USER CODE END ADC1_Init 1 */
  43:Core/Src/adc.c **** 
  44:Core/Src/adc.c ****   /** Common config
  45:Core/Src/adc.c ****   */
  46:Core/Src/adc.c ****   hadc1.Instance = ADC1;
  44              		.loc 1 46 3 is_stmt 1 view .LVU3
  45              		.loc 1 46 18 is_stmt 0 view .LVU4
  46 000c 1148     		ldr	r0, .L7
  47 000e 124A     		ldr	r2, .L7+4
  48 0010 0260     		str	r2, [r0]
  47:Core/Src/adc.c ****   hadc1.Init.ScanConvMode = ADC_SCAN_DISABLE;
  49              		.loc 1 47 3 is_stmt 1 view .LVU5
  50              		.loc 1 47 27 is_stmt 0 view .LVU6
  51 0012 8360     		str	r3, [r0, #8]
  48:Core/Src/adc.c ****   hadc1.Init.ContinuousConvMode = ENABLE;
  52              		.loc 1 48 3 is_stmt 1 view .LVU7
  53              		.loc 1 48 33 is_stmt 0 view .LVU8
  54 0014 0122     		movs	r2, #1
  55 0016 0273     		strb	r2, [r0, #12]
  49:Core/Src/adc.c ****   hadc1.Init.DiscontinuousConvMode = DISABLE;
  56              		.loc 1 49 3 is_stmt 1 view .LVU9
  57              		.loc 1 49 36 is_stmt 0 view .LVU10
  58 0018 0375     		strb	r3, [r0, #20]
  50:Core/Src/adc.c ****   hadc1.Init.ExternalTrigConv = ADC_SOFTWARE_START;
  59              		.loc 1 50 3 is_stmt 1 view .LVU11
  60              		.loc 1 50 31 is_stmt 0 view .LVU12
  61 001a 4FF46021 		mov	r1, #917504
  62 001e C161     		str	r1, [r0, #28]
  51:Core/Src/adc.c ****   hadc1.Init.DataAlign = ADC_DATAALIGN_RIGHT;
  63              		.loc 1 51 3 is_stmt 1 view .LVU13
  64              		.loc 1 51 24 is_stmt 0 view .LVU14
ARM GAS  C:\Users\Admin\AppData\Local\Temp\ccMTe0wg.s 			page 3


  65 0020 4360     		str	r3, [r0, #4]
  52:Core/Src/adc.c ****   hadc1.Init.NbrOfConversion = 1;
  66              		.loc 1 52 3 is_stmt 1 view .LVU15
  67              		.loc 1 52 30 is_stmt 0 view .LVU16
  68 0022 0261     		str	r2, [r0, #16]
  53:Core/Src/adc.c ****   if (HAL_ADC_Init(&hadc1) != HAL_OK)
  69              		.loc 1 53 3 is_stmt 1 view .LVU17
  70              		.loc 1 53 7 is_stmt 0 view .LVU18
  71 0024 FFF7FEFF 		bl	HAL_ADC_Init
  72              	.LVL0:
  73              		.loc 1 53 6 view .LVU19
  74 0028 68B9     		cbnz	r0, .L5
  75              	.L2:
  54:Core/Src/adc.c ****   {
  55:Core/Src/adc.c ****     Error_Handler();
  56:Core/Src/adc.c ****   }
  57:Core/Src/adc.c **** 
  58:Core/Src/adc.c ****   /** Configure Regular Channel
  59:Core/Src/adc.c ****   */
  60:Core/Src/adc.c ****   sConfig.Channel = ADC_CHANNEL_11;
  76              		.loc 1 60 3 is_stmt 1 view .LVU20
  77              		.loc 1 60 19 is_stmt 0 view .LVU21
  78 002a 0B23     		movs	r3, #11
  79 002c 0193     		str	r3, [sp, #4]
  61:Core/Src/adc.c ****   sConfig.Rank = ADC_REGULAR_RANK_1;
  80              		.loc 1 61 3 is_stmt 1 view .LVU22
  81              		.loc 1 61 16 is_stmt 0 view .LVU23
  82 002e 0123     		movs	r3, #1
  83 0030 0293     		str	r3, [sp, #8]
  62:Core/Src/adc.c ****   sConfig.SamplingTime = ADC_SAMPLETIME_28CYCLES_5;
  84              		.loc 1 62 3 is_stmt 1 view .LVU24
  85              		.loc 1 62 24 is_stmt 0 view .LVU25
  86 0032 0323     		movs	r3, #3
  87 0034 0393     		str	r3, [sp, #12]
  63:Core/Src/adc.c ****   if (HAL_ADC_ConfigChannel(&hadc1, &sConfig) != HAL_OK)
  88              		.loc 1 63 3 is_stmt 1 view .LVU26
  89              		.loc 1 63 7 is_stmt 0 view .LVU27
  90 0036 01A9     		add	r1, sp, #4
  91 0038 0648     		ldr	r0, .L7
  92 003a FFF7FEFF 		bl	HAL_ADC_ConfigChannel
  93              	.LVL1:
  94              		.loc 1 63 6 view .LVU28
  95 003e 28B9     		cbnz	r0, .L6
  96              	.L1:
  64:Core/Src/adc.c ****   {
  65:Core/Src/adc.c ****     Error_Handler();
  66:Core/Src/adc.c ****   }
  67:Core/Src/adc.c ****   /* USER CODE BEGIN ADC1_Init 2 */
  68:Core/Src/adc.c **** 
  69:Core/Src/adc.c ****   /* USER CODE END ADC1_Init 2 */
  70:Core/Src/adc.c **** 
  71:Core/Src/adc.c **** }
  97              		.loc 1 71 1 view .LVU29
  98 0040 05B0     		add	sp, sp, #20
  99              	.LCFI2:
 100              		.cfi_remember_state
 101              		.cfi_def_cfa_offset 4
ARM GAS  C:\Users\Admin\AppData\Local\Temp\ccMTe0wg.s 			page 4


 102              		@ sp needed
 103 0042 5DF804FB 		ldr	pc, [sp], #4
 104              	.L5:
 105              	.LCFI3:
 106              		.cfi_restore_state
  55:Core/Src/adc.c ****   }
 107              		.loc 1 55 5 is_stmt 1 view .LVU30
 108 0046 FFF7FEFF 		bl	Error_Handler
 109              	.LVL2:
 110 004a EEE7     		b	.L2
 111              	.L6:
  65:Core/Src/adc.c ****   }
 112              		.loc 1 65 5 view .LVU31
 113 004c FFF7FEFF 		bl	Error_Handler
 114              	.LVL3:
 115              		.loc 1 71 1 is_stmt 0 view .LVU32
 116 0050 F6E7     		b	.L1
 117              	.L8:
 118 0052 00BF     		.align	2
 119              	.L7:
 120 0054 00000000 		.word	.LANCHOR0
 121 0058 00240140 		.word	1073816576
 122              		.cfi_endproc
 123              	.LFE65:
 125              		.section	.text.MX_ADC2_Init,"ax",%progbits
 126              		.align	1
 127              		.global	MX_ADC2_Init
 128              		.syntax unified
 129              		.thumb
 130              		.thumb_func
 132              	MX_ADC2_Init:
 133              	.LFB66:
  72:Core/Src/adc.c **** /* ADC2 init function */
  73:Core/Src/adc.c **** void MX_ADC2_Init(void)
  74:Core/Src/adc.c **** {
 134              		.loc 1 74 1 is_stmt 1 view -0
 135              		.cfi_startproc
 136              		@ args = 0, pretend = 0, frame = 16
 137              		@ frame_needed = 0, uses_anonymous_args = 0
 138 0000 00B5     		push	{lr}
 139              	.LCFI4:
 140              		.cfi_def_cfa_offset 4
 141              		.cfi_offset 14, -4
 142 0002 85B0     		sub	sp, sp, #20
 143              	.LCFI5:
 144              		.cfi_def_cfa_offset 24
  75:Core/Src/adc.c **** 
  76:Core/Src/adc.c ****   /* USER CODE BEGIN ADC2_Init 0 */
  77:Core/Src/adc.c **** 
  78:Core/Src/adc.c ****   /* USER CODE END ADC2_Init 0 */
  79:Core/Src/adc.c **** 
  80:Core/Src/adc.c ****   ADC_ChannelConfTypeDef sConfig = {0};
 145              		.loc 1 80 3 view .LVU34
 146              		.loc 1 80 26 is_stmt 0 view .LVU35
 147 0004 0023     		movs	r3, #0
 148 0006 0193     		str	r3, [sp, #4]
 149 0008 0293     		str	r3, [sp, #8]
ARM GAS  C:\Users\Admin\AppData\Local\Temp\ccMTe0wg.s 			page 5


 150 000a 0393     		str	r3, [sp, #12]
  81:Core/Src/adc.c **** 
  82:Core/Src/adc.c ****   /* USER CODE BEGIN ADC2_Init 1 */
  83:Core/Src/adc.c **** 
  84:Core/Src/adc.c ****   /* USER CODE END ADC2_Init 1 */
  85:Core/Src/adc.c **** 
  86:Core/Src/adc.c ****   /** Common config
  87:Core/Src/adc.c ****   */
  88:Core/Src/adc.c ****   hadc2.Instance = ADC2;
 151              		.loc 1 88 3 is_stmt 1 view .LVU36
 152              		.loc 1 88 18 is_stmt 0 view .LVU37
 153 000c 1148     		ldr	r0, .L15
 154 000e 124A     		ldr	r2, .L15+4
 155 0010 0260     		str	r2, [r0]
  89:Core/Src/adc.c ****   hadc2.Init.ScanConvMode = ADC_SCAN_DISABLE;
 156              		.loc 1 89 3 is_stmt 1 view .LVU38
 157              		.loc 1 89 27 is_stmt 0 view .LVU39
 158 0012 8360     		str	r3, [r0, #8]
  90:Core/Src/adc.c ****   hadc2.Init.ContinuousConvMode = ENABLE;
 159              		.loc 1 90 3 is_stmt 1 view .LVU40
 160              		.loc 1 90 33 is_stmt 0 view .LVU41
 161 0014 0122     		movs	r2, #1
 162 0016 0273     		strb	r2, [r0, #12]
  91:Core/Src/adc.c ****   hadc2.Init.DiscontinuousConvMode = DISABLE;
 163              		.loc 1 91 3 is_stmt 1 view .LVU42
 164              		.loc 1 91 36 is_stmt 0 view .LVU43
 165 0018 0375     		strb	r3, [r0, #20]
  92:Core/Src/adc.c ****   hadc2.Init.ExternalTrigConv = ADC_SOFTWARE_START;
 166              		.loc 1 92 3 is_stmt 1 view .LVU44
 167              		.loc 1 92 31 is_stmt 0 view .LVU45
 168 001a 4FF46021 		mov	r1, #917504
 169 001e C161     		str	r1, [r0, #28]
  93:Core/Src/adc.c ****   hadc2.Init.DataAlign = ADC_DATAALIGN_RIGHT;
 170              		.loc 1 93 3 is_stmt 1 view .LVU46
 171              		.loc 1 93 24 is_stmt 0 view .LVU47
 172 0020 4360     		str	r3, [r0, #4]
  94:Core/Src/adc.c ****   hadc2.Init.NbrOfConversion = 1;
 173              		.loc 1 94 3 is_stmt 1 view .LVU48
 174              		.loc 1 94 30 is_stmt 0 view .LVU49
 175 0022 0261     		str	r2, [r0, #16]
  95:Core/Src/adc.c ****   if (HAL_ADC_Init(&hadc2) != HAL_OK)
 176              		.loc 1 95 3 is_stmt 1 view .LVU50
 177              		.loc 1 95 7 is_stmt 0 view .LVU51
 178 0024 FFF7FEFF 		bl	HAL_ADC_Init
 179              	.LVL4:
 180              		.loc 1 95 6 view .LVU52
 181 0028 70B9     		cbnz	r0, .L13
 182              	.L10:
  96:Core/Src/adc.c ****   {
  97:Core/Src/adc.c ****     Error_Handler();
  98:Core/Src/adc.c ****   }
  99:Core/Src/adc.c **** 
 100:Core/Src/adc.c ****   /** Configure Regular Channel
 101:Core/Src/adc.c ****   */
 102:Core/Src/adc.c ****   sConfig.Channel = ADC_CHANNEL_12;
 183              		.loc 1 102 3 is_stmt 1 view .LVU53
 184              		.loc 1 102 19 is_stmt 0 view .LVU54
ARM GAS  C:\Users\Admin\AppData\Local\Temp\ccMTe0wg.s 			page 6


 185 002a 0C23     		movs	r3, #12
 186 002c 0193     		str	r3, [sp, #4]
 103:Core/Src/adc.c ****   sConfig.Rank = ADC_REGULAR_RANK_1;
 187              		.loc 1 103 3 is_stmt 1 view .LVU55
 188              		.loc 1 103 16 is_stmt 0 view .LVU56
 189 002e 0123     		movs	r3, #1
 190 0030 0293     		str	r3, [sp, #8]
 104:Core/Src/adc.c ****   sConfig.SamplingTime = ADC_SAMPLETIME_41CYCLES_5;
 191              		.loc 1 104 3 is_stmt 1 view .LVU57
 192              		.loc 1 104 24 is_stmt 0 view .LVU58
 193 0032 0423     		movs	r3, #4
 194 0034 0393     		str	r3, [sp, #12]
 105:Core/Src/adc.c ****   if (HAL_ADC_ConfigChannel(&hadc2, &sConfig) != HAL_OK)
 195              		.loc 1 105 3 is_stmt 1 view .LVU59
 196              		.loc 1 105 7 is_stmt 0 view .LVU60
 197 0036 0DEB0301 		add	r1, sp, r3
 198 003a 0648     		ldr	r0, .L15
 199 003c FFF7FEFF 		bl	HAL_ADC_ConfigChannel
 200              	.LVL5:
 201              		.loc 1 105 6 view .LVU61
 202 0040 28B9     		cbnz	r0, .L14
 203              	.L9:
 106:Core/Src/adc.c ****   {
 107:Core/Src/adc.c ****     Error_Handler();
 108:Core/Src/adc.c ****   }
 109:Core/Src/adc.c ****   /* USER CODE BEGIN ADC2_Init 2 */
 110:Core/Src/adc.c **** 
 111:Core/Src/adc.c ****   /* USER CODE END ADC2_Init 2 */
 112:Core/Src/adc.c **** 
 113:Core/Src/adc.c **** }
 204              		.loc 1 113 1 view .LVU62
 205 0042 05B0     		add	sp, sp, #20
 206              	.LCFI6:
 207              		.cfi_remember_state
 208              		.cfi_def_cfa_offset 4
 209              		@ sp needed
 210 0044 5DF804FB 		ldr	pc, [sp], #4
 211              	.L13:
 212              	.LCFI7:
 213              		.cfi_restore_state
  97:Core/Src/adc.c ****   }
 214              		.loc 1 97 5 is_stmt 1 view .LVU63
 215 0048 FFF7FEFF 		bl	Error_Handler
 216              	.LVL6:
 217 004c EDE7     		b	.L10
 218              	.L14:
 107:Core/Src/adc.c ****   }
 219              		.loc 1 107 5 view .LVU64
 220 004e FFF7FEFF 		bl	Error_Handler
 221              	.LVL7:
 222              		.loc 1 113 1 is_stmt 0 view .LVU65
 223 0052 F6E7     		b	.L9
 224              	.L16:
 225              		.align	2
 226              	.L15:
 227 0054 00000000 		.word	.LANCHOR1
 228 0058 00280140 		.word	1073817600
ARM GAS  C:\Users\Admin\AppData\Local\Temp\ccMTe0wg.s 			page 7


 229              		.cfi_endproc
 230              	.LFE66:
 232              		.section	.text.HAL_ADC_MspInit,"ax",%progbits
 233              		.align	1
 234              		.global	HAL_ADC_MspInit
 235              		.syntax unified
 236              		.thumb
 237              		.thumb_func
 239              	HAL_ADC_MspInit:
 240              	.LVL8:
 241              	.LFB67:
 114:Core/Src/adc.c **** 
 115:Core/Src/adc.c **** void HAL_ADC_MspInit(ADC_HandleTypeDef* adcHandle)
 116:Core/Src/adc.c **** {
 242              		.loc 1 116 1 is_stmt 1 view -0
 243              		.cfi_startproc
 244              		@ args = 0, pretend = 0, frame = 32
 245              		@ frame_needed = 0, uses_anonymous_args = 0
 246              		.loc 1 116 1 is_stmt 0 view .LVU67
 247 0000 00B5     		push	{lr}
 248              	.LCFI8:
 249              		.cfi_def_cfa_offset 4
 250              		.cfi_offset 14, -4
 251 0002 89B0     		sub	sp, sp, #36
 252              	.LCFI9:
 253              		.cfi_def_cfa_offset 40
 117:Core/Src/adc.c **** 
 118:Core/Src/adc.c ****   GPIO_InitTypeDef GPIO_InitStruct = {0};
 254              		.loc 1 118 3 is_stmt 1 view .LVU68
 255              		.loc 1 118 20 is_stmt 0 view .LVU69
 256 0004 0023     		movs	r3, #0
 257 0006 0493     		str	r3, [sp, #16]
 258 0008 0593     		str	r3, [sp, #20]
 259 000a 0693     		str	r3, [sp, #24]
 260 000c 0793     		str	r3, [sp, #28]
 119:Core/Src/adc.c ****   if(adcHandle->Instance==ADC1)
 261              		.loc 1 119 3 is_stmt 1 view .LVU70
 262              		.loc 1 119 15 is_stmt 0 view .LVU71
 263 000e 0368     		ldr	r3, [r0]
 264              		.loc 1 119 5 view .LVU72
 265 0010 204A     		ldr	r2, .L23
 266 0012 9342     		cmp	r3, r2
 267 0014 05D0     		beq	.L21
 120:Core/Src/adc.c ****   {
 121:Core/Src/adc.c ****   /* USER CODE BEGIN ADC1_MspInit 0 */
 122:Core/Src/adc.c **** 
 123:Core/Src/adc.c ****   /* USER CODE END ADC1_MspInit 0 */
 124:Core/Src/adc.c ****     /* ADC1 clock enable */
 125:Core/Src/adc.c ****     __HAL_RCC_ADC1_CLK_ENABLE();
 126:Core/Src/adc.c **** 
 127:Core/Src/adc.c ****     __HAL_RCC_GPIOC_CLK_ENABLE();
 128:Core/Src/adc.c ****     /**ADC1 GPIO Configuration
 129:Core/Src/adc.c ****     PC1     ------> ADC1_IN11
 130:Core/Src/adc.c ****     */
 131:Core/Src/adc.c ****     GPIO_InitStruct.Pin = ADC_VIN_ACCQI_Pin;
 132:Core/Src/adc.c ****     GPIO_InitStruct.Mode = GPIO_MODE_ANALOG;
 133:Core/Src/adc.c ****     HAL_GPIO_Init(ADC_VIN_ACCQI_GPIO_Port, &GPIO_InitStruct);
ARM GAS  C:\Users\Admin\AppData\Local\Temp\ccMTe0wg.s 			page 8


 134:Core/Src/adc.c **** 
 135:Core/Src/adc.c ****   /* USER CODE BEGIN ADC1_MspInit 1 */
 136:Core/Src/adc.c **** 
 137:Core/Src/adc.c ****   /* USER CODE END ADC1_MspInit 1 */
 138:Core/Src/adc.c ****   }
 139:Core/Src/adc.c ****   else if(adcHandle->Instance==ADC2)
 268              		.loc 1 139 8 is_stmt 1 view .LVU73
 269              		.loc 1 139 10 is_stmt 0 view .LVU74
 270 0016 204A     		ldr	r2, .L23+4
 271 0018 9342     		cmp	r3, r2
 272 001a 1ED0     		beq	.L22
 273              	.LVL9:
 274              	.L17:
 140:Core/Src/adc.c ****   {
 141:Core/Src/adc.c ****   /* USER CODE BEGIN ADC2_MspInit 0 */
 142:Core/Src/adc.c **** 
 143:Core/Src/adc.c ****   /* USER CODE END ADC2_MspInit 0 */
 144:Core/Src/adc.c ****     /* ADC2 clock enable */
 145:Core/Src/adc.c ****     __HAL_RCC_ADC2_CLK_ENABLE();
 146:Core/Src/adc.c **** 
 147:Core/Src/adc.c ****     __HAL_RCC_GPIOC_CLK_ENABLE();
 148:Core/Src/adc.c ****     /**ADC2 GPIO Configuration
 149:Core/Src/adc.c ****     PC2     ------> ADC2_IN12
 150:Core/Src/adc.c ****     */
 151:Core/Src/adc.c ****     GPIO_InitStruct.Pin = LEVEL_SENSOR_Pin;
 152:Core/Src/adc.c ****     GPIO_InitStruct.Mode = GPIO_MODE_ANALOG;
 153:Core/Src/adc.c ****     HAL_GPIO_Init(LEVEL_SENSOR_GPIO_Port, &GPIO_InitStruct);
 154:Core/Src/adc.c **** 
 155:Core/Src/adc.c ****   /* USER CODE BEGIN ADC2_MspInit 1 */
 156:Core/Src/adc.c **** 
 157:Core/Src/adc.c ****   /* USER CODE END ADC2_MspInit 1 */
 158:Core/Src/adc.c ****   }
 159:Core/Src/adc.c **** }
 275              		.loc 1 159 1 view .LVU75
 276 001c 09B0     		add	sp, sp, #36
 277              	.LCFI10:
 278              		.cfi_remember_state
 279              		.cfi_def_cfa_offset 4
 280              		@ sp needed
 281 001e 5DF804FB 		ldr	pc, [sp], #4
 282              	.LVL10:
 283              	.L21:
 284              	.LCFI11:
 285              		.cfi_restore_state
 125:Core/Src/adc.c **** 
 286              		.loc 1 125 5 is_stmt 1 view .LVU76
 287              	.LBB2:
 125:Core/Src/adc.c **** 
 288              		.loc 1 125 5 view .LVU77
 125:Core/Src/adc.c **** 
 289              		.loc 1 125 5 view .LVU78
 290 0022 1E4B     		ldr	r3, .L23+8
 291 0024 9A69     		ldr	r2, [r3, #24]
 292 0026 42F40072 		orr	r2, r2, #512
 293 002a 9A61     		str	r2, [r3, #24]
 125:Core/Src/adc.c **** 
 294              		.loc 1 125 5 view .LVU79
ARM GAS  C:\Users\Admin\AppData\Local\Temp\ccMTe0wg.s 			page 9


 295 002c 9A69     		ldr	r2, [r3, #24]
 296 002e 02F40072 		and	r2, r2, #512
 297 0032 0092     		str	r2, [sp]
 125:Core/Src/adc.c **** 
 298              		.loc 1 125 5 view .LVU80
 299 0034 009A     		ldr	r2, [sp]
 300              	.LBE2:
 125:Core/Src/adc.c **** 
 301              		.loc 1 125 5 view .LVU81
 127:Core/Src/adc.c ****     /**ADC1 GPIO Configuration
 302              		.loc 1 127 5 view .LVU82
 303              	.LBB3:
 127:Core/Src/adc.c ****     /**ADC1 GPIO Configuration
 304              		.loc 1 127 5 view .LVU83
 127:Core/Src/adc.c ****     /**ADC1 GPIO Configuration
 305              		.loc 1 127 5 view .LVU84
 306 0036 9A69     		ldr	r2, [r3, #24]
 307 0038 42F01002 		orr	r2, r2, #16
 308 003c 9A61     		str	r2, [r3, #24]
 127:Core/Src/adc.c ****     /**ADC1 GPIO Configuration
 309              		.loc 1 127 5 view .LVU85
 310 003e 9B69     		ldr	r3, [r3, #24]
 311 0040 03F01003 		and	r3, r3, #16
 312 0044 0193     		str	r3, [sp, #4]
 127:Core/Src/adc.c ****     /**ADC1 GPIO Configuration
 313              		.loc 1 127 5 view .LVU86
 314 0046 019B     		ldr	r3, [sp, #4]
 315              	.LBE3:
 127:Core/Src/adc.c ****     /**ADC1 GPIO Configuration
 316              		.loc 1 127 5 view .LVU87
 131:Core/Src/adc.c ****     GPIO_InitStruct.Mode = GPIO_MODE_ANALOG;
 317              		.loc 1 131 5 view .LVU88
 131:Core/Src/adc.c ****     GPIO_InitStruct.Mode = GPIO_MODE_ANALOG;
 318              		.loc 1 131 25 is_stmt 0 view .LVU89
 319 0048 0223     		movs	r3, #2
 320 004a 0493     		str	r3, [sp, #16]
 132:Core/Src/adc.c ****     HAL_GPIO_Init(ADC_VIN_ACCQI_GPIO_Port, &GPIO_InitStruct);
 321              		.loc 1 132 5 is_stmt 1 view .LVU90
 132:Core/Src/adc.c ****     HAL_GPIO_Init(ADC_VIN_ACCQI_GPIO_Port, &GPIO_InitStruct);
 322              		.loc 1 132 26 is_stmt 0 view .LVU91
 323 004c 0323     		movs	r3, #3
 324 004e 0593     		str	r3, [sp, #20]
 133:Core/Src/adc.c **** 
 325              		.loc 1 133 5 is_stmt 1 view .LVU92
 326 0050 04A9     		add	r1, sp, #16
 327 0052 1348     		ldr	r0, .L23+12
 328              	.LVL11:
 133:Core/Src/adc.c **** 
 329              		.loc 1 133 5 is_stmt 0 view .LVU93
 330 0054 FFF7FEFF 		bl	HAL_GPIO_Init
 331              	.LVL12:
 332 0058 E0E7     		b	.L17
 333              	.LVL13:
 334              	.L22:
 145:Core/Src/adc.c **** 
 335              		.loc 1 145 5 is_stmt 1 view .LVU94
 336              	.LBB4:
ARM GAS  C:\Users\Admin\AppData\Local\Temp\ccMTe0wg.s 			page 10


 145:Core/Src/adc.c **** 
 337              		.loc 1 145 5 view .LVU95
 145:Core/Src/adc.c **** 
 338              		.loc 1 145 5 view .LVU96
 339 005a 104B     		ldr	r3, .L23+8
 340 005c 9A69     		ldr	r2, [r3, #24]
 341 005e 42F48062 		orr	r2, r2, #1024
 342 0062 9A61     		str	r2, [r3, #24]
 145:Core/Src/adc.c **** 
 343              		.loc 1 145 5 view .LVU97
 344 0064 9A69     		ldr	r2, [r3, #24]
 345 0066 02F48062 		and	r2, r2, #1024
 346 006a 0292     		str	r2, [sp, #8]
 145:Core/Src/adc.c **** 
 347              		.loc 1 145 5 view .LVU98
 348 006c 029A     		ldr	r2, [sp, #8]
 349              	.LBE4:
 145:Core/Src/adc.c **** 
 350              		.loc 1 145 5 view .LVU99
 147:Core/Src/adc.c ****     /**ADC2 GPIO Configuration
 351              		.loc 1 147 5 view .LVU100
 352              	.LBB5:
 147:Core/Src/adc.c ****     /**ADC2 GPIO Configuration
 353              		.loc 1 147 5 view .LVU101
 147:Core/Src/adc.c ****     /**ADC2 GPIO Configuration
 354              		.loc 1 147 5 view .LVU102
 355 006e 9A69     		ldr	r2, [r3, #24]
 356 0070 42F01002 		orr	r2, r2, #16
 357 0074 9A61     		str	r2, [r3, #24]
 147:Core/Src/adc.c ****     /**ADC2 GPIO Configuration
 358              		.loc 1 147 5 view .LVU103
 359 0076 9B69     		ldr	r3, [r3, #24]
 360 0078 03F01003 		and	r3, r3, #16
 361 007c 0393     		str	r3, [sp, #12]
 147:Core/Src/adc.c ****     /**ADC2 GPIO Configuration
 362              		.loc 1 147 5 view .LVU104
 363 007e 039B     		ldr	r3, [sp, #12]
 364              	.LBE5:
 147:Core/Src/adc.c ****     /**ADC2 GPIO Configuration
 365              		.loc 1 147 5 view .LVU105
 151:Core/Src/adc.c ****     GPIO_InitStruct.Mode = GPIO_MODE_ANALOG;
 366              		.loc 1 151 5 view .LVU106
 151:Core/Src/adc.c ****     GPIO_InitStruct.Mode = GPIO_MODE_ANALOG;
 367              		.loc 1 151 25 is_stmt 0 view .LVU107
 368 0080 0423     		movs	r3, #4
 369 0082 0493     		str	r3, [sp, #16]
 152:Core/Src/adc.c ****     HAL_GPIO_Init(LEVEL_SENSOR_GPIO_Port, &GPIO_InitStruct);
 370              		.loc 1 152 5 is_stmt 1 view .LVU108
 152:Core/Src/adc.c ****     HAL_GPIO_Init(LEVEL_SENSOR_GPIO_Port, &GPIO_InitStruct);
 371              		.loc 1 152 26 is_stmt 0 view .LVU109
 372 0084 0323     		movs	r3, #3
 373 0086 0593     		str	r3, [sp, #20]
 153:Core/Src/adc.c **** 
 374              		.loc 1 153 5 is_stmt 1 view .LVU110
 375 0088 04A9     		add	r1, sp, #16
 376 008a 0548     		ldr	r0, .L23+12
 377              	.LVL14:
ARM GAS  C:\Users\Admin\AppData\Local\Temp\ccMTe0wg.s 			page 11


 153:Core/Src/adc.c **** 
 378              		.loc 1 153 5 is_stmt 0 view .LVU111
 379 008c FFF7FEFF 		bl	HAL_GPIO_Init
 380              	.LVL15:
 381              		.loc 1 159 1 view .LVU112
 382 0090 C4E7     		b	.L17
 383              	.L24:
 384 0092 00BF     		.align	2
 385              	.L23:
 386 0094 00240140 		.word	1073816576
 387 0098 00280140 		.word	1073817600
 388 009c 00100240 		.word	1073876992
 389 00a0 00100140 		.word	1073811456
 390              		.cfi_endproc
 391              	.LFE67:
 393              		.section	.text.HAL_ADC_MspDeInit,"ax",%progbits
 394              		.align	1
 395              		.global	HAL_ADC_MspDeInit
 396              		.syntax unified
 397              		.thumb
 398              		.thumb_func
 400              	HAL_ADC_MspDeInit:
 401              	.LVL16:
 402              	.LFB68:
 160:Core/Src/adc.c **** 
 161:Core/Src/adc.c **** void HAL_ADC_MspDeInit(ADC_HandleTypeDef* adcHandle)
 162:Core/Src/adc.c **** {
 403              		.loc 1 162 1 is_stmt 1 view -0
 404              		.cfi_startproc
 405              		@ args = 0, pretend = 0, frame = 0
 406              		@ frame_needed = 0, uses_anonymous_args = 0
 407              		.loc 1 162 1 is_stmt 0 view .LVU114
 408 0000 08B5     		push	{r3, lr}
 409              	.LCFI12:
 410              		.cfi_def_cfa_offset 8
 411              		.cfi_offset 3, -8
 412              		.cfi_offset 14, -4
 163:Core/Src/adc.c **** 
 164:Core/Src/adc.c ****   if(adcHandle->Instance==ADC1)
 413              		.loc 1 164 3 is_stmt 1 view .LVU115
 414              		.loc 1 164 15 is_stmt 0 view .LVU116
 415 0002 0368     		ldr	r3, [r0]
 416              		.loc 1 164 5 view .LVU117
 417 0004 0E4A     		ldr	r2, .L31
 418 0006 9342     		cmp	r3, r2
 419 0008 03D0     		beq	.L29
 165:Core/Src/adc.c ****   {
 166:Core/Src/adc.c ****   /* USER CODE BEGIN ADC1_MspDeInit 0 */
 167:Core/Src/adc.c **** 
 168:Core/Src/adc.c ****   /* USER CODE END ADC1_MspDeInit 0 */
 169:Core/Src/adc.c ****     /* Peripheral clock disable */
 170:Core/Src/adc.c ****     __HAL_RCC_ADC1_CLK_DISABLE();
 171:Core/Src/adc.c **** 
 172:Core/Src/adc.c ****     /**ADC1 GPIO Configuration
 173:Core/Src/adc.c ****     PC1     ------> ADC1_IN11
 174:Core/Src/adc.c ****     */
 175:Core/Src/adc.c ****     HAL_GPIO_DeInit(ADC_VIN_ACCQI_GPIO_Port, ADC_VIN_ACCQI_Pin);
ARM GAS  C:\Users\Admin\AppData\Local\Temp\ccMTe0wg.s 			page 12


 176:Core/Src/adc.c **** 
 177:Core/Src/adc.c ****   /* USER CODE BEGIN ADC1_MspDeInit 1 */
 178:Core/Src/adc.c **** 
 179:Core/Src/adc.c ****   /* USER CODE END ADC1_MspDeInit 1 */
 180:Core/Src/adc.c ****   }
 181:Core/Src/adc.c ****   else if(adcHandle->Instance==ADC2)
 420              		.loc 1 181 8 is_stmt 1 view .LVU118
 421              		.loc 1 181 10 is_stmt 0 view .LVU119
 422 000a 0E4A     		ldr	r2, .L31+4
 423 000c 9342     		cmp	r3, r2
 424 000e 0BD0     		beq	.L30
 425              	.LVL17:
 426              	.L25:
 182:Core/Src/adc.c ****   {
 183:Core/Src/adc.c ****   /* USER CODE BEGIN ADC2_MspDeInit 0 */
 184:Core/Src/adc.c **** 
 185:Core/Src/adc.c ****   /* USER CODE END ADC2_MspDeInit 0 */
 186:Core/Src/adc.c ****     /* Peripheral clock disable */
 187:Core/Src/adc.c ****     __HAL_RCC_ADC2_CLK_DISABLE();
 188:Core/Src/adc.c **** 
 189:Core/Src/adc.c ****     /**ADC2 GPIO Configuration
 190:Core/Src/adc.c ****     PC2     ------> ADC2_IN12
 191:Core/Src/adc.c ****     */
 192:Core/Src/adc.c ****     HAL_GPIO_DeInit(LEVEL_SENSOR_GPIO_Port, LEVEL_SENSOR_Pin);
 193:Core/Src/adc.c **** 
 194:Core/Src/adc.c ****   /* USER CODE BEGIN ADC2_MspDeInit 1 */
 195:Core/Src/adc.c **** 
 196:Core/Src/adc.c ****   /* USER CODE END ADC2_MspDeInit 1 */
 197:Core/Src/adc.c ****   }
 198:Core/Src/adc.c **** }
 427              		.loc 1 198 1 view .LVU120
 428 0010 08BD     		pop	{r3, pc}
 429              	.LVL18:
 430              	.L29:
 170:Core/Src/adc.c **** 
 431              		.loc 1 170 5 is_stmt 1 view .LVU121
 432 0012 02F56C42 		add	r2, r2, #60416
 433 0016 9369     		ldr	r3, [r2, #24]
 434 0018 23F40073 		bic	r3, r3, #512
 435 001c 9361     		str	r3, [r2, #24]
 175:Core/Src/adc.c **** 
 436              		.loc 1 175 5 view .LVU122
 437 001e 0221     		movs	r1, #2
 438 0020 0948     		ldr	r0, .L31+8
 439              	.LVL19:
 175:Core/Src/adc.c **** 
 440              		.loc 1 175 5 is_stmt 0 view .LVU123
 441 0022 FFF7FEFF 		bl	HAL_GPIO_DeInit
 442              	.LVL20:
 443 0026 F3E7     		b	.L25
 444              	.LVL21:
 445              	.L30:
 187:Core/Src/adc.c **** 
 446              		.loc 1 187 5 is_stmt 1 view .LVU124
 447 0028 02F56842 		add	r2, r2, #59392
 448 002c 9369     		ldr	r3, [r2, #24]
 449 002e 23F48063 		bic	r3, r3, #1024
ARM GAS  C:\Users\Admin\AppData\Local\Temp\ccMTe0wg.s 			page 13


 450 0032 9361     		str	r3, [r2, #24]
 192:Core/Src/adc.c **** 
 451              		.loc 1 192 5 view .LVU125
 452 0034 0421     		movs	r1, #4
 453 0036 0448     		ldr	r0, .L31+8
 454              	.LVL22:
 192:Core/Src/adc.c **** 
 455              		.loc 1 192 5 is_stmt 0 view .LVU126
 456 0038 FFF7FEFF 		bl	HAL_GPIO_DeInit
 457              	.LVL23:
 458              		.loc 1 198 1 view .LVU127
 459 003c E8E7     		b	.L25
 460              	.L32:
 461 003e 00BF     		.align	2
 462              	.L31:
 463 0040 00240140 		.word	1073816576
 464 0044 00280140 		.word	1073817600
 465 0048 00100140 		.word	1073811456
 466              		.cfi_endproc
 467              	.LFE68:
 469              		.global	hadc2
 470              		.global	hadc1
 471              		.section	.bss.hadc1,"aw",%nobits
 472              		.align	2
 473              		.set	.LANCHOR0,. + 0
 476              	hadc1:
 477 0000 00000000 		.space	48
 477      00000000 
 477      00000000 
 477      00000000 
 477      00000000 
 478              		.section	.bss.hadc2,"aw",%nobits
 479              		.align	2
 480              		.set	.LANCHOR1,. + 0
 483              	hadc2:
 484 0000 00000000 		.space	48
 484      00000000 
 484      00000000 
 484      00000000 
 484      00000000 
 485              		.text
 486              	.Letext0:
 487              		.file 2 "d:\\10 2021.10\\arm-none-eabi\\include\\machine\\_default_types.h"
 488              		.file 3 "d:\\10 2021.10\\arm-none-eabi\\include\\sys\\_stdint.h"
 489              		.file 4 "Drivers/CMSIS/Device/ST/STM32F1xx/Include/stm32f103xe.h"
 490              		.file 5 "Drivers/CMSIS/Device/ST/STM32F1xx/Include/stm32f1xx.h"
 491              		.file 6 "Drivers/STM32F1xx_HAL_Driver/Inc/stm32f1xx_hal_def.h"
 492              		.file 7 "Drivers/STM32F1xx_HAL_Driver/Inc/stm32f1xx_hal_gpio.h"
 493              		.file 8 "Drivers/STM32F1xx_HAL_Driver/Inc/stm32f1xx_hal_dma.h"
 494              		.file 9 "Drivers/STM32F1xx_HAL_Driver/Inc/stm32f1xx_hal_adc.h"
 495              		.file 10 "Core/Inc/adc.h"
 496              		.file 11 "Core/Inc/main.h"
ARM GAS  C:\Users\Admin\AppData\Local\Temp\ccMTe0wg.s 			page 14


DEFINED SYMBOLS
                            *ABS*:00000000 adc.c
C:\Users\Admin\AppData\Local\Temp\ccMTe0wg.s:18     .text.MX_ADC1_Init:00000000 $t
C:\Users\Admin\AppData\Local\Temp\ccMTe0wg.s:24     .text.MX_ADC1_Init:00000000 MX_ADC1_Init
C:\Users\Admin\AppData\Local\Temp\ccMTe0wg.s:120    .text.MX_ADC1_Init:00000054 $d
C:\Users\Admin\AppData\Local\Temp\ccMTe0wg.s:126    .text.MX_ADC2_Init:00000000 $t
C:\Users\Admin\AppData\Local\Temp\ccMTe0wg.s:132    .text.MX_ADC2_Init:00000000 MX_ADC2_Init
C:\Users\Admin\AppData\Local\Temp\ccMTe0wg.s:227    .text.MX_ADC2_Init:00000054 $d
C:\Users\Admin\AppData\Local\Temp\ccMTe0wg.s:233    .text.HAL_ADC_MspInit:00000000 $t
C:\Users\Admin\AppData\Local\Temp\ccMTe0wg.s:239    .text.HAL_ADC_MspInit:00000000 HAL_ADC_MspInit
C:\Users\Admin\AppData\Local\Temp\ccMTe0wg.s:386    .text.HAL_ADC_MspInit:00000094 $d
C:\Users\Admin\AppData\Local\Temp\ccMTe0wg.s:394    .text.HAL_ADC_MspDeInit:00000000 $t
C:\Users\Admin\AppData\Local\Temp\ccMTe0wg.s:400    .text.HAL_ADC_MspDeInit:00000000 HAL_ADC_MspDeInit
C:\Users\Admin\AppData\Local\Temp\ccMTe0wg.s:463    .text.HAL_ADC_MspDeInit:00000040 $d
C:\Users\Admin\AppData\Local\Temp\ccMTe0wg.s:483    .bss.hadc2:00000000 hadc2
C:\Users\Admin\AppData\Local\Temp\ccMTe0wg.s:476    .bss.hadc1:00000000 hadc1
C:\Users\Admin\AppData\Local\Temp\ccMTe0wg.s:472    .bss.hadc1:00000000 $d
C:\Users\Admin\AppData\Local\Temp\ccMTe0wg.s:479    .bss.hadc2:00000000 $d

UNDEFINED SYMBOLS
HAL_ADC_Init
HAL_ADC_ConfigChannel
Error_Handler
HAL_GPIO_Init
HAL_GPIO_DeInit
