ARM GAS  C:\Users\Admin\AppData\Local\Temp\ccO09nt5.s 			page 1


   1              		.cpu cortex-m3
   2              		.arch armv7-m
   3              		.fpu softvfp
   4              		.eabi_attribute 20, 1
   5              		.eabi_attribute 21, 1
   6              		.eabi_attribute 23, 3
   7              		.eabi_attribute 24, 1
   8              		.eabi_attribute 25, 1
   9              		.eabi_attribute 26, 1
  10              		.eabi_attribute 30, 1
  11              		.eabi_attribute 34, 1
  12              		.eabi_attribute 18, 4
  13              		.file	"debug.c"
  14              		.text
  15              	.Ltext0:
  16              		.cfi_sections	.debug_frame
  17              		.section	.text.log_data,"ax",%progbits
  18              		.align	1
  19              		.global	log_data
  20              		.syntax unified
  21              		.thumb
  22              		.thumb_func
  24              	log_data:
  25              	.LVL0:
  26              	.LFB65:
  27              		.file 1 "Core/Src/debug.c"
   1:Core/Src/debug.c **** #include "debug.h"
   2:Core/Src/debug.c **** 
   3:Core/Src/debug.c **** void log_data(char *string)
   4:Core/Src/debug.c **** {
  28              		.loc 1 4 1 view -0
  29              		.cfi_startproc
  30              		@ args = 0, pretend = 0, frame = 0
  31              		@ frame_needed = 0, uses_anonymous_args = 0
  32              		.loc 1 4 1 is_stmt 0 view .LVU1
  33 0000 10B5     		push	{r4, lr}
  34              	.LCFI0:
  35              		.cfi_def_cfa_offset 8
  36              		.cfi_offset 4, -8
  37              		.cfi_offset 14, -4
  38 0002 0446     		mov	r4, r0
   5:Core/Src/debug.c ****   HAL_UART_Transmit(&huart5, (uint8_t *)string, strlen(string), 1000);
  39              		.loc 1 5 3 is_stmt 1 view .LVU2
  40              		.loc 1 5 49 is_stmt 0 view .LVU3
  41 0004 FFF7FEFF 		bl	strlen
  42              	.LVL1:
  43              		.loc 1 5 3 view .LVU4
  44 0008 4FF47A73 		mov	r3, #1000
  45 000c 82B2     		uxth	r2, r0
  46 000e 2146     		mov	r1, r4
  47 0010 0148     		ldr	r0, .L3
  48 0012 FFF7FEFF 		bl	HAL_UART_Transmit
  49              	.LVL2:
   6:Core/Src/debug.c **** }...
  50              		.loc 1 6 1 view .LVU5
  51 0016 10BD     		pop	{r4, pc}
  52              	.LVL3:
ARM GAS  C:\Users\Admin\AppData\Local\Temp\ccO09nt5.s 			page 2


  53              	.L4:
  54              		.loc 1 6 1 view .LVU6
  55              		.align	2
  56              	.L3:
  57 0018 00000000 		.word	huart5
  58              		.cfi_endproc
  59              	.LFE65:
  61              		.text
  62              	.Letext0:
  63              		.file 2 "d:\\10 2021.10\\arm-none-eabi\\include\\machine\\_default_types.h"
  64              		.file 3 "d:\\10 2021.10\\arm-none-eabi\\include\\sys\\_stdint.h"
  65              		.file 4 "Drivers/CMSIS/Device/ST/STM32F1xx/Include/stm32f103xe.h"
  66              		.file 5 "Drivers/STM32F1xx_HAL_Driver/Inc/stm32f1xx_hal_def.h"
  67              		.file 6 "Drivers/STM32F1xx_HAL_Driver/Inc/stm32f1xx_hal_dma.h"
  68              		.file 7 "Drivers/STM32F1xx_HAL_Driver/Inc/stm32f1xx_hal_uart.h"
  69              		.file 8 "d:\\10 2021.10\\arm-none-eabi\\include\\string.h"
  70              		.file 9 "Core/Inc/debug.h"
ARM GAS  C:\Users\Admin\AppData\Local\Temp\ccO09nt5.s 			page 3


DEFINED SYMBOLS
                            *ABS*:00000000 debug.c
C:\Users\Admin\AppData\Local\Temp\ccO09nt5.s:18     .text.log_data:00000000 $t
C:\Users\Admin\AppData\Local\Temp\ccO09nt5.s:24     .text.log_data:00000000 log_data
C:\Users\Admin\AppData\Local\Temp\ccO09nt5.s:57     .text.log_data:00000018 $d

UNDEFINED SYMBOLS
strlen
HAL_UART_Transmit
huart5
