ARM GAS  C:\Users\Admin\AppData\Local\Temp\ccdg0UZr.s 			page 1


   1              		.cpu cortex-m3
   2              		.arch armv7-m
   3              		.fpu softvfp
   4              		.eabi_attribute 20, 1
   5              		.eabi_attribute 21, 1
   6              		.eabi_attribute 23, 3
   7              		.eabi_attribute 24, 1
   8              		.eabi_attribute 25, 1
   9              		.eabi_attribute 26, 1
  10              		.eabi_attribute 30, 1
  11              		.eabi_attribute 34, 1
  12              		.eabi_attribute 18, 4
  13              		.file	"gpio.c"
  14              		.text
  15              	.Ltext0:
  16              		.cfi_sections	.debug_frame
  17              		.section	.text.MX_GPIO_Init,"ax",%progbits
  18              		.align	1
  19              		.global	MX_GPIO_Init
  20              		.syntax unified
  21              		.thumb
  22              		.thumb_func
  24              	MX_GPIO_Init:
  25              	.LFB65:
  26              		.file 1 "Core/Src/gpio.c"
   1:Core/Src/gpio.c **** /* USER CODE BEGIN Header */
   2:Core/Src/gpio.c **** /**
   3:Core/Src/gpio.c ****   ******************************************************************************
   4:Core/Src/gpio.c ****   * @file    gpio.c
   5:Core/Src/gpio.c ****   * @brief   This file provides code for the configuration
   6:Core/Src/gpio.c ****   *          of all used GPIO pins.
   7:Core/Src/gpio.c ****   ******************************************************************************
   8:Core/Src/gpio.c ****   * @attention
   9:Core/Src/gpio.c ****   *
  10:Core/Src/gpio.c ****   * Copyright (c) 2023 STMicroelectronics.
  11:Core/Src/gpio.c ****   * All rights reserved.
  12:Core/Src/gpio.c ****   *
  13:Core/Src/gpio.c ****   * This software is licensed under terms that can be found in the LICENSE file
  14:Core/Src/gpio.c ****   * in the root directory of this software component.
  15:Core/Src/gpio.c ****   * If no LICENSE file comes with this software, it is provided AS-IS.
  16:Core/Src/gpio.c ****   *
  17:Core/Src/gpio.c ****   ******************************************************************************
  18:Core/Src/gpio.c ****   */
  19:Core/Src/gpio.c **** /* USER CODE END Header */
  20:Core/Src/gpio.c **** 
  21:Core/Src/gpio.c **** /* Includes ------------------------------------------------------------------*/
  22:Core/Src/gpio.c **** #include "gpio.h"
  23:Core/Src/gpio.c **** 
  24:Core/Src/gpio.c **** /* USER CODE BEGIN 0 */
  25:Core/Src/gpio.c **** 
  26:Core/Src/gpio.c **** /* USER CODE END 0 */
  27:Core/Src/gpio.c **** 
  28:Core/Src/gpio.c **** /*----------------------------------------------------------------------------*/
  29:Core/Src/gpio.c **** /* Configure GPIO                                                             */
  30:Core/Src/gpio.c **** /*----------------------------------------------------------------------------*/
  31:Core/Src/gpio.c **** /* USER CODE BEGIN 1 */
  32:Core/Src/gpio.c **** 
ARM GAS  C:\Users\Admin\AppData\Local\Temp\ccdg0UZr.s 			page 2


  33:Core/Src/gpio.c **** /* USER CODE END 1 */
  34:Core/Src/gpio.c **** 
  35:Core/Src/gpio.c **** /** Configure pins as
  36:Core/Src/gpio.c ****         * Analog
  37:Core/Src/gpio.c ****         * Input
  38:Core/Src/gpio.c ****         * Output
  39:Core/Src/gpio.c ****         * EVENT_OUT
  40:Core/Src/gpio.c ****         * EXTI
  41:Core/Src/gpio.c **** */
  42:Core/Src/gpio.c **** void MX_GPIO_Init(void)
  43:Core/Src/gpio.c **** {
  27              		.loc 1 43 1 view -0
  28              		.cfi_startproc
  29              		@ args = 0, pretend = 0, frame = 32
  30              		@ frame_needed = 0, uses_anonymous_args = 0
  31 0000 2DE9F043 		push	{r4, r5, r6, r7, r8, r9, lr}
  32              	.LCFI0:
  33              		.cfi_def_cfa_offset 28
  34              		.cfi_offset 4, -28
  35              		.cfi_offset 5, -24
  36              		.cfi_offset 6, -20
  37              		.cfi_offset 7, -16
  38              		.cfi_offset 8, -12
  39              		.cfi_offset 9, -8
  40              		.cfi_offset 14, -4
  41 0004 89B0     		sub	sp, sp, #36
  42              	.LCFI1:
  43              		.cfi_def_cfa_offset 64
  44:Core/Src/gpio.c **** 
  45:Core/Src/gpio.c ****   GPIO_InitTypeDef GPIO_InitStruct = {0};
  44              		.loc 1 45 3 view .LVU1
  45              		.loc 1 45 20 is_stmt 0 view .LVU2
  46 0006 0024     		movs	r4, #0
  47 0008 0494     		str	r4, [sp, #16]
  48 000a 0594     		str	r4, [sp, #20]
  49 000c 0694     		str	r4, [sp, #24]
  50 000e 0794     		str	r4, [sp, #28]
  46:Core/Src/gpio.c **** 
  47:Core/Src/gpio.c ****   /* GPIO Ports Clock Enable */
  48:Core/Src/gpio.c ****   __HAL_RCC_GPIOC_CLK_ENABLE();
  51              		.loc 1 48 3 is_stmt 1 view .LVU3
  52              	.LBB2:
  53              		.loc 1 48 3 view .LVU4
  54              		.loc 1 48 3 view .LVU5
  55 0010 3A4B     		ldr	r3, .L3
  56 0012 9A69     		ldr	r2, [r3, #24]
  57 0014 42F01002 		orr	r2, r2, #16
  58 0018 9A61     		str	r2, [r3, #24]
  59              		.loc 1 48 3 view .LVU6
  60 001a 9A69     		ldr	r2, [r3, #24]
  61 001c 02F01002 		and	r2, r2, #16
  62 0020 0092     		str	r2, [sp]
  63              		.loc 1 48 3 view .LVU7
  64 0022 009A     		ldr	r2, [sp]
  65              	.LBE2:
  66              		.loc 1 48 3 view .LVU8
  49:Core/Src/gpio.c ****   __HAL_RCC_GPIOD_CLK_ENABLE();
ARM GAS  C:\Users\Admin\AppData\Local\Temp\ccdg0UZr.s 			page 3


  67              		.loc 1 49 3 view .LVU9
  68              	.LBB3:
  69              		.loc 1 49 3 view .LVU10
  70              		.loc 1 49 3 view .LVU11
  71 0024 9A69     		ldr	r2, [r3, #24]
  72 0026 42F02002 		orr	r2, r2, #32
  73 002a 9A61     		str	r2, [r3, #24]
  74              		.loc 1 49 3 view .LVU12
  75 002c 9A69     		ldr	r2, [r3, #24]
  76 002e 02F02002 		and	r2, r2, #32
  77 0032 0192     		str	r2, [sp, #4]
  78              		.loc 1 49 3 view .LVU13
  79 0034 019A     		ldr	r2, [sp, #4]
  80              	.LBE3:
  81              		.loc 1 49 3 view .LVU14
  50:Core/Src/gpio.c ****   __HAL_RCC_GPIOA_CLK_ENABLE();
  82              		.loc 1 50 3 view .LVU15
  83              	.LBB4:
  84              		.loc 1 50 3 view .LVU16
  85              		.loc 1 50 3 view .LVU17
  86 0036 9A69     		ldr	r2, [r3, #24]
  87 0038 42F00402 		orr	r2, r2, #4
  88 003c 9A61     		str	r2, [r3, #24]
  89              		.loc 1 50 3 view .LVU18
  90 003e 9A69     		ldr	r2, [r3, #24]
  91 0040 02F00402 		and	r2, r2, #4
  92 0044 0292     		str	r2, [sp, #8]
  93              		.loc 1 50 3 view .LVU19
  94 0046 029A     		ldr	r2, [sp, #8]
  95              	.LBE4:
  96              		.loc 1 50 3 view .LVU20
  51:Core/Src/gpio.c ****   __HAL_RCC_GPIOB_CLK_ENABLE();
  97              		.loc 1 51 3 view .LVU21
  98              	.LBB5:
  99              		.loc 1 51 3 view .LVU22
 100              		.loc 1 51 3 view .LVU23
 101 0048 9A69     		ldr	r2, [r3, #24]
 102 004a 42F00802 		orr	r2, r2, #8
 103 004e 9A61     		str	r2, [r3, #24]
 104              		.loc 1 51 3 view .LVU24
 105 0050 9B69     		ldr	r3, [r3, #24]
 106 0052 03F00803 		and	r3, r3, #8
 107 0056 0393     		str	r3, [sp, #12]
 108              		.loc 1 51 3 view .LVU25
 109 0058 039B     		ldr	r3, [sp, #12]
 110              	.LBE5:
 111              		.loc 1 51 3 view .LVU26
  52:Core/Src/gpio.c **** 
  53:Core/Src/gpio.c ****   /*Configure GPIO pin Output Level */
  54:Core/Src/gpio.c ****   HAL_GPIO_WritePin(GPIOC, DS18B20_SENSOR_Pin|DHT11_SENSOR_Pin|GNSS_CTRL_PWR_Pin|GNSS_RESET_Pin, GP
 112              		.loc 1 54 3 view .LVU27
 113 005a DFF8A480 		ldr	r8, .L3+4
 114 005e 2246     		mov	r2, r4
 115 0060 4FF44671 		mov	r1, #792
 116 0064 4046     		mov	r0, r8
 117 0066 FFF7FEFF 		bl	HAL_GPIO_WritePin
 118              	.LVL0:
ARM GAS  C:\Users\Admin\AppData\Local\Temp\ccdg0UZr.s 			page 4


  55:Core/Src/gpio.c **** 
  56:Core/Src/gpio.c ****   /*Configure GPIO pin Output Level */
  57:Core/Src/gpio.c ****   HAL_GPIO_WritePin(GPIOA, BUZZER_Pin|SIM_PWRKEY_Pin|SIM_RESET_Pin, GPIO_PIN_RESET);
 119              		.loc 1 57 3 view .LVU28
 120 006a 264D     		ldr	r5, .L3+8
 121 006c 2246     		mov	r2, r4
 122 006e 49F20201 		movw	r1, #36866
 123 0072 2846     		mov	r0, r5
 124 0074 FFF7FEFF 		bl	HAL_GPIO_WritePin
 125              	.LVL1:
  58:Core/Src/gpio.c **** 
  59:Core/Src/gpio.c ****   /*Configure GPIO pin Output Level */
  60:Core/Src/gpio.c ****   HAL_GPIO_WritePin(GPIOA, RFID_SS_Pin|SIM_CTRL_PWR_Pin, GPIO_PIN_SET);
 126              		.loc 1 60 3 view .LVU29
 127 0078 0122     		movs	r2, #1
 128 007a 4FF40161 		mov	r1, #2064
 129 007e 2846     		mov	r0, r5
 130 0080 FFF7FEFF 		bl	HAL_GPIO_WritePin
 131              	.LVL2:
  61:Core/Src/gpio.c **** 
  62:Core/Src/gpio.c ****   /*Configure GPIO pin Output Level */
  63:Core/Src/gpio.c ****   HAL_GPIO_WritePin(GPIOB, SDCARD_SS_Pin|FLASH_SS_Pin, GPIO_PIN_RESET);
 132              		.loc 1 63 3 view .LVU30
 133 0084 DFF88090 		ldr	r9, .L3+12
 134 0088 2246     		mov	r2, r4
 135 008a 41F20201 		movw	r1, #4098
 136 008e 4846     		mov	r0, r9
 137 0090 FFF7FEFF 		bl	HAL_GPIO_WritePin
 138              	.LVL3:
  64:Core/Src/gpio.c **** 
  65:Core/Src/gpio.c ****   /*Configure GPIO pin : PtPin */
  66:Core/Src/gpio.c ****   GPIO_InitStruct.Pin = NPN_DATA_IN_Pin;
 139              		.loc 1 66 3 view .LVU31
 140              		.loc 1 66 23 is_stmt 0 view .LVU32
 141 0094 0126     		movs	r6, #1
 142 0096 0496     		str	r6, [sp, #16]
  67:Core/Src/gpio.c ****   GPIO_InitStruct.Mode = GPIO_MODE_IT_RISING_FALLING;
 143              		.loc 1 67 3 is_stmt 1 view .LVU33
 144              		.loc 1 67 24 is_stmt 0 view .LVU34
 145 0098 1C4B     		ldr	r3, .L3+16
 146 009a 0593     		str	r3, [sp, #20]
  68:Core/Src/gpio.c ****   GPIO_InitStruct.Pull = GPIO_NOPULL;
 147              		.loc 1 68 3 is_stmt 1 view .LVU35
 148              		.loc 1 68 24 is_stmt 0 view .LVU36
 149 009c 0694     		str	r4, [sp, #24]
  69:Core/Src/gpio.c ****   HAL_GPIO_Init(NPN_DATA_IN_GPIO_Port, &GPIO_InitStruct);
 150              		.loc 1 69 3 is_stmt 1 view .LVU37
 151 009e 04A9     		add	r1, sp, #16
 152 00a0 4046     		mov	r0, r8
 153 00a2 FFF7FEFF 		bl	HAL_GPIO_Init
 154              	.LVL4:
  70:Core/Src/gpio.c **** 
  71:Core/Src/gpio.c ****   /*Configure GPIO pins : PCPin PCPin PCPin PCPin */
  72:Core/Src/gpio.c ****   GPIO_InitStruct.Pin = DS18B20_SENSOR_Pin|DHT11_SENSOR_Pin|GNSS_CTRL_PWR_Pin|GNSS_RESET_Pin;
 155              		.loc 1 72 3 view .LVU38
 156              		.loc 1 72 23 is_stmt 0 view .LVU39
 157 00a6 4FF44673 		mov	r3, #792
ARM GAS  C:\Users\Admin\AppData\Local\Temp\ccdg0UZr.s 			page 5


 158 00aa 0493     		str	r3, [sp, #16]
  73:Core/Src/gpio.c ****   GPIO_InitStruct.Mode = GPIO_MODE_OUTPUT_PP;
 159              		.loc 1 73 3 is_stmt 1 view .LVU40
 160              		.loc 1 73 24 is_stmt 0 view .LVU41
 161 00ac 0596     		str	r6, [sp, #20]
  74:Core/Src/gpio.c ****   GPIO_InitStruct.Pull = GPIO_NOPULL;
 162              		.loc 1 74 3 is_stmt 1 view .LVU42
 163              		.loc 1 74 24 is_stmt 0 view .LVU43
 164 00ae 0694     		str	r4, [sp, #24]
  75:Core/Src/gpio.c ****   GPIO_InitStruct.Speed = GPIO_SPEED_FREQ_LOW;
 165              		.loc 1 75 3 is_stmt 1 view .LVU44
 166              		.loc 1 75 25 is_stmt 0 view .LVU45
 167 00b0 0227     		movs	r7, #2
 168 00b2 0797     		str	r7, [sp, #28]
  76:Core/Src/gpio.c ****   HAL_GPIO_Init(GPIOC, &GPIO_InitStruct);
 169              		.loc 1 76 3 is_stmt 1 view .LVU46
 170 00b4 04A9     		add	r1, sp, #16
 171 00b6 4046     		mov	r0, r8
 172 00b8 FFF7FEFF 		bl	HAL_GPIO_Init
 173              	.LVL5:
  77:Core/Src/gpio.c **** 
  78:Core/Src/gpio.c ****   /*Configure GPIO pins : PAPin PAPin PAPin PAPin
  79:Core/Src/gpio.c ****                            PAPin */
  80:Core/Src/gpio.c ****   GPIO_InitStruct.Pin = BUZZER_Pin|RFID_SS_Pin|SIM_CTRL_PWR_Pin|SIM_PWRKEY_Pin
 174              		.loc 1 80 3 view .LVU47
 175              		.loc 1 80 23 is_stmt 0 view .LVU48
 176 00bc 49F61203 		movw	r3, #38930
 177 00c0 0493     		str	r3, [sp, #16]
  81:Core/Src/gpio.c ****                           |SIM_RESET_Pin;
  82:Core/Src/gpio.c ****   GPIO_InitStruct.Mode = GPIO_MODE_OUTPUT_PP;
 178              		.loc 1 82 3 is_stmt 1 view .LVU49
 179              		.loc 1 82 24 is_stmt 0 view .LVU50
 180 00c2 0596     		str	r6, [sp, #20]
  83:Core/Src/gpio.c ****   GPIO_InitStruct.Pull = GPIO_NOPULL;
 181              		.loc 1 83 3 is_stmt 1 view .LVU51
 182              		.loc 1 83 24 is_stmt 0 view .LVU52
 183 00c4 0694     		str	r4, [sp, #24]
  84:Core/Src/gpio.c ****   GPIO_InitStruct.Speed = GPIO_SPEED_FREQ_LOW;
 184              		.loc 1 84 3 is_stmt 1 view .LVU53
 185              		.loc 1 84 25 is_stmt 0 view .LVU54
 186 00c6 0797     		str	r7, [sp, #28]
  85:Core/Src/gpio.c ****   HAL_GPIO_Init(GPIOA, &GPIO_InitStruct);
 187              		.loc 1 85 3 is_stmt 1 view .LVU55
 188 00c8 04A9     		add	r1, sp, #16
 189 00ca 2846     		mov	r0, r5
 190 00cc FFF7FEFF 		bl	HAL_GPIO_Init
 191              	.LVL6:
  86:Core/Src/gpio.c **** 
  87:Core/Src/gpio.c ****   /*Configure GPIO pins : PBPin PBPin */
  88:Core/Src/gpio.c ****   GPIO_InitStruct.Pin = SDCARD_SS_Pin|FLASH_SS_Pin;
 192              		.loc 1 88 3 view .LVU56
 193              		.loc 1 88 23 is_stmt 0 view .LVU57
 194 00d0 41F20203 		movw	r3, #4098
 195 00d4 0493     		str	r3, [sp, #16]
  89:Core/Src/gpio.c ****   GPIO_InitStruct.Mode = GPIO_MODE_OUTPUT_PP;
 196              		.loc 1 89 3 is_stmt 1 view .LVU58
 197              		.loc 1 89 24 is_stmt 0 view .LVU59
ARM GAS  C:\Users\Admin\AppData\Local\Temp\ccdg0UZr.s 			page 6


 198 00d6 0596     		str	r6, [sp, #20]
  90:Core/Src/gpio.c ****   GPIO_InitStruct.Pull = GPIO_NOPULL;
 199              		.loc 1 90 3 is_stmt 1 view .LVU60
 200              		.loc 1 90 24 is_stmt 0 view .LVU61
 201 00d8 0694     		str	r4, [sp, #24]
  91:Core/Src/gpio.c ****   GPIO_InitStruct.Speed = GPIO_SPEED_FREQ_LOW;
 202              		.loc 1 91 3 is_stmt 1 view .LVU62
 203              		.loc 1 91 25 is_stmt 0 view .LVU63
 204 00da 0797     		str	r7, [sp, #28]
  92:Core/Src/gpio.c ****   HAL_GPIO_Init(GPIOB, &GPIO_InitStruct);
 205              		.loc 1 92 3 is_stmt 1 view .LVU64
 206 00dc 04A9     		add	r1, sp, #16
 207 00de 4846     		mov	r0, r9
 208 00e0 FFF7FEFF 		bl	HAL_GPIO_Init
 209              	.LVL7:
  93:Core/Src/gpio.c **** 
  94:Core/Src/gpio.c ****   /*Configure GPIO pin : PtPin */
  95:Core/Src/gpio.c ****   GPIO_InitStruct.Pin = SIM_STATUS_Pin;
 210              		.loc 1 95 3 view .LVU65
 211              		.loc 1 95 23 is_stmt 0 view .LVU66
 212 00e4 4FF48073 		mov	r3, #256
 213 00e8 0493     		str	r3, [sp, #16]
  96:Core/Src/gpio.c ****   GPIO_InitStruct.Mode = GPIO_MODE_INPUT;
 214              		.loc 1 96 3 is_stmt 1 view .LVU67
 215              		.loc 1 96 24 is_stmt 0 view .LVU68
 216 00ea 0594     		str	r4, [sp, #20]
  97:Core/Src/gpio.c ****   GPIO_InitStruct.Pull = GPIO_NOPULL;
 217              		.loc 1 97 3 is_stmt 1 view .LVU69
 218              		.loc 1 97 24 is_stmt 0 view .LVU70
 219 00ec 0694     		str	r4, [sp, #24]
  98:Core/Src/gpio.c ****   HAL_GPIO_Init(SIM_STATUS_GPIO_Port, &GPIO_InitStruct);
 220              		.loc 1 98 3 is_stmt 1 view .LVU71
 221 00ee 04A9     		add	r1, sp, #16
 222 00f0 2846     		mov	r0, r5
 223 00f2 FFF7FEFF 		bl	HAL_GPIO_Init
 224              	.LVL8:
  99:Core/Src/gpio.c **** 
 100:Core/Src/gpio.c **** }
 225              		.loc 1 100 1 is_stmt 0 view .LVU72
 226 00f6 09B0     		add	sp, sp, #36
 227              	.LCFI2:
 228              		.cfi_def_cfa_offset 28
 229              		@ sp needed
 230 00f8 BDE8F083 		pop	{r4, r5, r6, r7, r8, r9, pc}
 231              	.L4:
 232              		.align	2
 233              	.L3:
 234 00fc 00100240 		.word	1073876992
 235 0100 00100140 		.word	1073811456
 236 0104 00080140 		.word	1073809408
 237 0108 000C0140 		.word	1073810432
 238 010c 00003110 		.word	271646720
 239              		.cfi_endproc
 240              	.LFE65:
 242              		.text
 243              	.Letext0:
 244              		.file 2 "d:\\10 2021.10\\arm-none-eabi\\include\\machine\\_default_types.h"
ARM GAS  C:\Users\Admin\AppData\Local\Temp\ccdg0UZr.s 			page 7


 245              		.file 3 "d:\\10 2021.10\\arm-none-eabi\\include\\sys\\_stdint.h"
 246              		.file 4 "Drivers/CMSIS/Device/ST/STM32F1xx/Include/stm32f103xe.h"
 247              		.file 5 "Drivers/STM32F1xx_HAL_Driver/Inc/stm32f1xx_hal_gpio.h"
ARM GAS  C:\Users\Admin\AppData\Local\Temp\ccdg0UZr.s 			page 8


DEFINED SYMBOLS
                            *ABS*:00000000 gpio.c
C:\Users\Admin\AppData\Local\Temp\ccdg0UZr.s:18     .text.MX_GPIO_Init:00000000 $t
C:\Users\Admin\AppData\Local\Temp\ccdg0UZr.s:24     .text.MX_GPIO_Init:00000000 MX_GPIO_Init
C:\Users\Admin\AppData\Local\Temp\ccdg0UZr.s:234    .text.MX_GPIO_Init:000000fc $d

UNDEFINED SYMBOLS
HAL_GPIO_WritePin
HAL_GPIO_Init
