ARM GAS  C:\Users\Admin\AppData\Local\Temp\ccaAKXHR.s 			page 1


   1              		.cpu cortex-m3
   2              		.arch armv7-m
   3              		.fpu softvfp
   4              		.eabi_attribute 20, 1
   5              		.eabi_attribute 21, 1
   6              		.eabi_attribute 23, 3
   7              		.eabi_attribute 24, 1
   8              		.eabi_attribute 25, 1
   9              		.eabi_attribute 26, 1
  10              		.eabi_attribute 30, 1
  11              		.eabi_attribute 34, 1
  12              		.eabi_attribute 18, 4
  13              		.file	"spi.c"
  14              		.text
  15              	.Ltext0:
  16              		.cfi_sections	.debug_frame
  17              		.section	.text.MX_SPI1_Init,"ax",%progbits
  18              		.align	1
  19              		.global	MX_SPI1_Init
  20              		.syntax unified
  21              		.thumb
  22              		.thumb_func
  24              	MX_SPI1_Init:
  25              	.LFB65:
  26              		.file 1 "Core/Src/spi.c"
   1:Core/Src/spi.c **** /* USER CODE BEGIN Header */
   2:Core/Src/spi.c **** /**
   3:Core/Src/spi.c ****   ******************************************************************************
   4:Core/Src/spi.c ****   * @file    spi.c
   5:Core/Src/spi.c ****   * @brief   This file provides code for the configuration
   6:Core/Src/spi.c ****   *          of the SPI instances.
   7:Core/Src/spi.c ****   ******************************************************************************
   8:Core/Src/spi.c ****   * @attention
   9:Core/Src/spi.c ****   *
  10:Core/Src/spi.c ****   * Copyright (c) 2023 STMicroelectronics.
  11:Core/Src/spi.c ****   * All rights reserved.
  12:Core/Src/spi.c ****   *
  13:Core/Src/spi.c ****   * This software is licensed under terms that can be found in the LICENSE file
  14:Core/Src/spi.c ****   * in the root directory of this software component.
  15:Core/Src/spi.c ****   * If no LICENSE file comes with this software, it is provided AS-IS.
  16:Core/Src/spi.c ****   *
  17:Core/Src/spi.c ****   ******************************************************************************
  18:Core/Src/spi.c ****   */
  19:Core/Src/spi.c **** /* USER CODE END Header */
  20:Core/Src/spi.c **** /* Includes ------------------------------------------------------------------*/
  21:Core/Src/spi.c **** #include "spi.h"
  22:Core/Src/spi.c **** 
  23:Core/Src/spi.c **** /* USER CODE BEGIN 0 */
  24:Core/Src/spi.c **** 
  25:Core/Src/spi.c **** /* USER CODE END 0 */
  26:Core/Src/spi.c **** 
  27:Core/Src/spi.c **** SPI_HandleTypeDef hspi1;
  28:Core/Src/spi.c **** SPI_HandleTypeDef hspi2;
  29:Core/Src/spi.c **** SPI_HandleTypeDef hspi3;
  30:Core/Src/spi.c **** 
  31:Core/Src/spi.c **** /* SPI1 init function */
  32:Core/Src/spi.c **** void MX_SPI1_Init(void)
ARM GAS  C:\Users\Admin\AppData\Local\Temp\ccaAKXHR.s 			page 2


  33:Core/Src/spi.c **** {
  27              		.loc 1 33 1 view -0
  28              		.cfi_startproc
  29              		@ args = 0, pretend = 0, frame = 0
  30              		@ frame_needed = 0, uses_anonymous_args = 0
  31 0000 08B5     		push	{r3, lr}
  32              	.LCFI0:
  33              		.cfi_def_cfa_offset 8
  34              		.cfi_offset 3, -8
  35              		.cfi_offset 14, -4
  34:Core/Src/spi.c **** 
  35:Core/Src/spi.c ****   /* USER CODE BEGIN SPI1_Init 0 */
  36:Core/Src/spi.c **** 
  37:Core/Src/spi.c ****   /* USER CODE END SPI1_Init 0 */
  38:Core/Src/spi.c **** 
  39:Core/Src/spi.c ****   /* USER CODE BEGIN SPI1_Init 1 */
  40:Core/Src/spi.c **** 
  41:Core/Src/spi.c ****   /* USER CODE END SPI1_Init 1 */
  42:Core/Src/spi.c ****   hspi1.Instance = SPI1;
  36              		.loc 1 42 3 view .LVU1
  37              		.loc 1 42 18 is_stmt 0 view .LVU2
  38 0002 0E48     		ldr	r0, .L5
  39 0004 0E4B     		ldr	r3, .L5+4
  40 0006 0360     		str	r3, [r0]
  43:Core/Src/spi.c ****   hspi1.Init.Mode = SPI_MODE_MASTER;
  41              		.loc 1 43 3 is_stmt 1 view .LVU3
  42              		.loc 1 43 19 is_stmt 0 view .LVU4
  43 0008 4FF48273 		mov	r3, #260
  44 000c 4360     		str	r3, [r0, #4]
  44:Core/Src/spi.c ****   hspi1.Init.Direction = SPI_DIRECTION_2LINES;
  45              		.loc 1 44 3 is_stmt 1 view .LVU5
  46              		.loc 1 44 24 is_stmt 0 view .LVU6
  47 000e 0023     		movs	r3, #0
  48 0010 8360     		str	r3, [r0, #8]
  45:Core/Src/spi.c ****   hspi1.Init.DataSize = SPI_DATASIZE_8BIT;
  49              		.loc 1 45 3 is_stmt 1 view .LVU7
  50              		.loc 1 45 23 is_stmt 0 view .LVU8
  51 0012 C360     		str	r3, [r0, #12]
  46:Core/Src/spi.c ****   hspi1.Init.CLKPolarity = SPI_POLARITY_LOW;
  52              		.loc 1 46 3 is_stmt 1 view .LVU9
  53              		.loc 1 46 26 is_stmt 0 view .LVU10
  54 0014 0361     		str	r3, [r0, #16]
  47:Core/Src/spi.c ****   hspi1.Init.CLKPhase = SPI_PHASE_1EDGE;
  55              		.loc 1 47 3 is_stmt 1 view .LVU11
  56              		.loc 1 47 23 is_stmt 0 view .LVU12
  57 0016 4361     		str	r3, [r0, #20]
  48:Core/Src/spi.c ****   hspi1.Init.NSS = SPI_NSS_SOFT;
  58              		.loc 1 48 3 is_stmt 1 view .LVU13
  59              		.loc 1 48 18 is_stmt 0 view .LVU14
  60 0018 4FF40072 		mov	r2, #512
  61 001c 8261     		str	r2, [r0, #24]
  49:Core/Src/spi.c ****   hspi1.Init.BaudRatePrescaler = SPI_BAUDRATEPRESCALER_4;
  62              		.loc 1 49 3 is_stmt 1 view .LVU15
  63              		.loc 1 49 32 is_stmt 0 view .LVU16
  64 001e 0822     		movs	r2, #8
  65 0020 C261     		str	r2, [r0, #28]
  50:Core/Src/spi.c ****   hspi1.Init.FirstBit = SPI_FIRSTBIT_MSB;
ARM GAS  C:\Users\Admin\AppData\Local\Temp\ccaAKXHR.s 			page 3


  66              		.loc 1 50 3 is_stmt 1 view .LVU17
  67              		.loc 1 50 23 is_stmt 0 view .LVU18
  68 0022 0362     		str	r3, [r0, #32]
  51:Core/Src/spi.c ****   hspi1.Init.TIMode = SPI_TIMODE_DISABLE;
  69              		.loc 1 51 3 is_stmt 1 view .LVU19
  70              		.loc 1 51 21 is_stmt 0 view .LVU20
  71 0024 4362     		str	r3, [r0, #36]
  52:Core/Src/spi.c ****   hspi1.Init.CRCCalculation = SPI_CRCCALCULATION_DISABLE;
  72              		.loc 1 52 3 is_stmt 1 view .LVU21
  73              		.loc 1 52 29 is_stmt 0 view .LVU22
  74 0026 8362     		str	r3, [r0, #40]
  53:Core/Src/spi.c ****   hspi1.Init.CRCPolynomial = 10;
  75              		.loc 1 53 3 is_stmt 1 view .LVU23
  76              		.loc 1 53 28 is_stmt 0 view .LVU24
  77 0028 0A23     		movs	r3, #10
  78 002a C362     		str	r3, [r0, #44]
  54:Core/Src/spi.c ****   if (HAL_SPI_Init(&hspi1) != HAL_OK)
  79              		.loc 1 54 3 is_stmt 1 view .LVU25
  80              		.loc 1 54 7 is_stmt 0 view .LVU26
  81 002c FFF7FEFF 		bl	HAL_SPI_Init
  82              	.LVL0:
  83              		.loc 1 54 6 view .LVU27
  84 0030 00B9     		cbnz	r0, .L4
  85              	.L1:
  55:Core/Src/spi.c ****   {
  56:Core/Src/spi.c ****     Error_Handler();
  57:Core/Src/spi.c ****   }
  58:Core/Src/spi.c ****   /* USER CODE BEGIN SPI1_Init 2 */
  59:Core/Src/spi.c **** 
  60:Core/Src/spi.c ****   /* USER CODE END SPI1_Init 2 */
  61:Core/Src/spi.c **** 
  62:Core/Src/spi.c **** }
  86              		.loc 1 62 1 view .LVU28
  87 0032 08BD     		pop	{r3, pc}
  88              	.L4:
  56:Core/Src/spi.c ****   }
  89              		.loc 1 56 5 is_stmt 1 view .LVU29
  90 0034 FFF7FEFF 		bl	Error_Handler
  91              	.LVL1:
  92              		.loc 1 62 1 is_stmt 0 view .LVU30
  93 0038 FBE7     		b	.L1
  94              	.L6:
  95 003a 00BF     		.align	2
  96              	.L5:
  97 003c 00000000 		.word	.LANCHOR0
  98 0040 00300140 		.word	1073819648
  99              		.cfi_endproc
 100              	.LFE65:
 102              		.section	.text.MX_SPI2_Init,"ax",%progbits
 103              		.align	1
 104              		.global	MX_SPI2_Init
 105              		.syntax unified
 106              		.thumb
 107              		.thumb_func
 109              	MX_SPI2_Init:
 110              	.LFB66:
  63:Core/Src/spi.c **** /* SPI2 init function */
ARM GAS  C:\Users\Admin\AppData\Local\Temp\ccaAKXHR.s 			page 4


  64:Core/Src/spi.c **** void MX_SPI2_Init(void)
  65:Core/Src/spi.c **** {
 111              		.loc 1 65 1 is_stmt 1 view -0
 112              		.cfi_startproc
 113              		@ args = 0, pretend = 0, frame = 0
 114              		@ frame_needed = 0, uses_anonymous_args = 0
 115 0000 08B5     		push	{r3, lr}
 116              	.LCFI1:
 117              		.cfi_def_cfa_offset 8
 118              		.cfi_offset 3, -8
 119              		.cfi_offset 14, -4
  66:Core/Src/spi.c **** 
  67:Core/Src/spi.c ****   /* USER CODE BEGIN SPI2_Init 0 */
  68:Core/Src/spi.c **** 
  69:Core/Src/spi.c ****   /* USER CODE END SPI2_Init 0 */
  70:Core/Src/spi.c **** 
  71:Core/Src/spi.c ****   /* USER CODE BEGIN SPI2_Init 1 */
  72:Core/Src/spi.c **** 
  73:Core/Src/spi.c ****   /* USER CODE END SPI2_Init 1 */
  74:Core/Src/spi.c ****   hspi2.Instance = SPI2;
 120              		.loc 1 74 3 view .LVU32
 121              		.loc 1 74 18 is_stmt 0 view .LVU33
 122 0002 0D48     		ldr	r0, .L11
 123 0004 0D4B     		ldr	r3, .L11+4
 124 0006 0360     		str	r3, [r0]
  75:Core/Src/spi.c ****   hspi2.Init.Mode = SPI_MODE_MASTER;
 125              		.loc 1 75 3 is_stmt 1 view .LVU34
 126              		.loc 1 75 19 is_stmt 0 view .LVU35
 127 0008 4FF48273 		mov	r3, #260
 128 000c 4360     		str	r3, [r0, #4]
  76:Core/Src/spi.c ****   hspi2.Init.Direction = SPI_DIRECTION_2LINES;
 129              		.loc 1 76 3 is_stmt 1 view .LVU36
 130              		.loc 1 76 24 is_stmt 0 view .LVU37
 131 000e 0023     		movs	r3, #0
 132 0010 8360     		str	r3, [r0, #8]
  77:Core/Src/spi.c ****   hspi2.Init.DataSize = SPI_DATASIZE_8BIT;
 133              		.loc 1 77 3 is_stmt 1 view .LVU38
 134              		.loc 1 77 23 is_stmt 0 view .LVU39
 135 0012 C360     		str	r3, [r0, #12]
  78:Core/Src/spi.c ****   hspi2.Init.CLKPolarity = SPI_POLARITY_LOW;
 136              		.loc 1 78 3 is_stmt 1 view .LVU40
 137              		.loc 1 78 26 is_stmt 0 view .LVU41
 138 0014 0361     		str	r3, [r0, #16]
  79:Core/Src/spi.c ****   hspi2.Init.CLKPhase = SPI_PHASE_1EDGE;
 139              		.loc 1 79 3 is_stmt 1 view .LVU42
 140              		.loc 1 79 23 is_stmt 0 view .LVU43
 141 0016 4361     		str	r3, [r0, #20]
  80:Core/Src/spi.c ****   hspi2.Init.NSS = SPI_NSS_SOFT;
 142              		.loc 1 80 3 is_stmt 1 view .LVU44
 143              		.loc 1 80 18 is_stmt 0 view .LVU45
 144 0018 4FF40072 		mov	r2, #512
 145 001c 8261     		str	r2, [r0, #24]
  81:Core/Src/spi.c ****   hspi2.Init.BaudRatePrescaler = SPI_BAUDRATEPRESCALER_2;
 146              		.loc 1 81 3 is_stmt 1 view .LVU46
 147              		.loc 1 81 32 is_stmt 0 view .LVU47
 148 001e C361     		str	r3, [r0, #28]
  82:Core/Src/spi.c ****   hspi2.Init.FirstBit = SPI_FIRSTBIT_MSB;
ARM GAS  C:\Users\Admin\AppData\Local\Temp\ccaAKXHR.s 			page 5


 149              		.loc 1 82 3 is_stmt 1 view .LVU48
 150              		.loc 1 82 23 is_stmt 0 view .LVU49
 151 0020 0362     		str	r3, [r0, #32]
  83:Core/Src/spi.c ****   hspi2.Init.TIMode = SPI_TIMODE_DISABLE;
 152              		.loc 1 83 3 is_stmt 1 view .LVU50
 153              		.loc 1 83 21 is_stmt 0 view .LVU51
 154 0022 4362     		str	r3, [r0, #36]
  84:Core/Src/spi.c ****   hspi2.Init.CRCCalculation = SPI_CRCCALCULATION_DISABLE;
 155              		.loc 1 84 3 is_stmt 1 view .LVU52
 156              		.loc 1 84 29 is_stmt 0 view .LVU53
 157 0024 8362     		str	r3, [r0, #40]
  85:Core/Src/spi.c ****   hspi2.Init.CRCPolynomial = 10;
 158              		.loc 1 85 3 is_stmt 1 view .LVU54
 159              		.loc 1 85 28 is_stmt 0 view .LVU55
 160 0026 0A23     		movs	r3, #10
 161 0028 C362     		str	r3, [r0, #44]
  86:Core/Src/spi.c ****   if (HAL_SPI_Init(&hspi2) != HAL_OK)
 162              		.loc 1 86 3 is_stmt 1 view .LVU56
 163              		.loc 1 86 7 is_stmt 0 view .LVU57
 164 002a FFF7FEFF 		bl	HAL_SPI_Init
 165              	.LVL2:
 166              		.loc 1 86 6 view .LVU58
 167 002e 00B9     		cbnz	r0, .L10
 168              	.L7:
  87:Core/Src/spi.c ****   {
  88:Core/Src/spi.c ****     Error_Handler();
  89:Core/Src/spi.c ****   }
  90:Core/Src/spi.c ****   /* USER CODE BEGIN SPI2_Init 2 */
  91:Core/Src/spi.c **** 
  92:Core/Src/spi.c ****   /* USER CODE END SPI2_Init 2 */
  93:Core/Src/spi.c **** 
  94:Core/Src/spi.c **** }
 169              		.loc 1 94 1 view .LVU59
 170 0030 08BD     		pop	{r3, pc}
 171              	.L10:
  88:Core/Src/spi.c ****   }
 172              		.loc 1 88 5 is_stmt 1 view .LVU60
 173 0032 FFF7FEFF 		bl	Error_Handler
 174              	.LVL3:
 175              		.loc 1 94 1 is_stmt 0 view .LVU61
 176 0036 FBE7     		b	.L7
 177              	.L12:
 178              		.align	2
 179              	.L11:
 180 0038 00000000 		.word	.LANCHOR1
 181 003c 00380040 		.word	1073756160
 182              		.cfi_endproc
 183              	.LFE66:
 185              		.section	.text.MX_SPI3_Init,"ax",%progbits
 186              		.align	1
 187              		.global	MX_SPI3_Init
 188              		.syntax unified
 189              		.thumb
 190              		.thumb_func
 192              	MX_SPI3_Init:
 193              	.LFB67:
  95:Core/Src/spi.c **** /* SPI3 init function */
ARM GAS  C:\Users\Admin\AppData\Local\Temp\ccaAKXHR.s 			page 6


  96:Core/Src/spi.c **** void MX_SPI3_Init(void)
  97:Core/Src/spi.c **** {
 194              		.loc 1 97 1 is_stmt 1 view -0
 195              		.cfi_startproc
 196              		@ args = 0, pretend = 0, frame = 0
 197              		@ frame_needed = 0, uses_anonymous_args = 0
 198 0000 08B5     		push	{r3, lr}
 199              	.LCFI2:
 200              		.cfi_def_cfa_offset 8
 201              		.cfi_offset 3, -8
 202              		.cfi_offset 14, -4
  98:Core/Src/spi.c **** 
  99:Core/Src/spi.c ****   /* USER CODE BEGIN SPI3_Init 0 */
 100:Core/Src/spi.c **** 
 101:Core/Src/spi.c ****   /* USER CODE END SPI3_Init 0 */
 102:Core/Src/spi.c **** 
 103:Core/Src/spi.c ****   /* USER CODE BEGIN SPI3_Init 1 */
 104:Core/Src/spi.c **** 
 105:Core/Src/spi.c ****   /* USER CODE END SPI3_Init 1 */
 106:Core/Src/spi.c ****   hspi3.Instance = SPI3;
 203              		.loc 1 106 3 view .LVU63
 204              		.loc 1 106 18 is_stmt 0 view .LVU64
 205 0002 0E48     		ldr	r0, .L17
 206 0004 0E4B     		ldr	r3, .L17+4
 207 0006 0360     		str	r3, [r0]
 107:Core/Src/spi.c ****   hspi3.Init.Mode = SPI_MODE_MASTER;
 208              		.loc 1 107 3 is_stmt 1 view .LVU65
 209              		.loc 1 107 19 is_stmt 0 view .LVU66
 210 0008 4FF48273 		mov	r3, #260
 211 000c 4360     		str	r3, [r0, #4]
 108:Core/Src/spi.c ****   hspi3.Init.Direction = SPI_DIRECTION_2LINES;
 212              		.loc 1 108 3 is_stmt 1 view .LVU67
 213              		.loc 1 108 24 is_stmt 0 view .LVU68
 214 000e 0023     		movs	r3, #0
 215 0010 8360     		str	r3, [r0, #8]
 109:Core/Src/spi.c ****   hspi3.Init.DataSize = SPI_DATASIZE_8BIT;
 216              		.loc 1 109 3 is_stmt 1 view .LVU69
 217              		.loc 1 109 23 is_stmt 0 view .LVU70
 218 0012 C360     		str	r3, [r0, #12]
 110:Core/Src/spi.c ****   hspi3.Init.CLKPolarity = SPI_POLARITY_LOW;
 219              		.loc 1 110 3 is_stmt 1 view .LVU71
 220              		.loc 1 110 26 is_stmt 0 view .LVU72
 221 0014 0361     		str	r3, [r0, #16]
 111:Core/Src/spi.c ****   hspi3.Init.CLKPhase = SPI_PHASE_1EDGE;
 222              		.loc 1 111 3 is_stmt 1 view .LVU73
 223              		.loc 1 111 23 is_stmt 0 view .LVU74
 224 0016 4361     		str	r3, [r0, #20]
 112:Core/Src/spi.c ****   hspi3.Init.NSS = SPI_NSS_SOFT;
 225              		.loc 1 112 3 is_stmt 1 view .LVU75
 226              		.loc 1 112 18 is_stmt 0 view .LVU76
 227 0018 4FF40072 		mov	r2, #512
 228 001c 8261     		str	r2, [r0, #24]
 113:Core/Src/spi.c ****   hspi3.Init.BaudRatePrescaler = SPI_BAUDRATEPRESCALER_16;
 229              		.loc 1 113 3 is_stmt 1 view .LVU77
 230              		.loc 1 113 32 is_stmt 0 view .LVU78
 231 001e 1822     		movs	r2, #24
 232 0020 C261     		str	r2, [r0, #28]
ARM GAS  C:\Users\Admin\AppData\Local\Temp\ccaAKXHR.s 			page 7


 114:Core/Src/spi.c ****   hspi3.Init.FirstBit = SPI_FIRSTBIT_MSB;
 233              		.loc 1 114 3 is_stmt 1 view .LVU79
 234              		.loc 1 114 23 is_stmt 0 view .LVU80
 235 0022 0362     		str	r3, [r0, #32]
 115:Core/Src/spi.c ****   hspi3.Init.TIMode = SPI_TIMODE_DISABLE;
 236              		.loc 1 115 3 is_stmt 1 view .LVU81
 237              		.loc 1 115 21 is_stmt 0 view .LVU82
 238 0024 4362     		str	r3, [r0, #36]
 116:Core/Src/spi.c ****   hspi3.Init.CRCCalculation = SPI_CRCCALCULATION_DISABLE;
 239              		.loc 1 116 3 is_stmt 1 view .LVU83
 240              		.loc 1 116 29 is_stmt 0 view .LVU84
 241 0026 8362     		str	r3, [r0, #40]
 117:Core/Src/spi.c ****   hspi3.Init.CRCPolynomial = 10;
 242              		.loc 1 117 3 is_stmt 1 view .LVU85
 243              		.loc 1 117 28 is_stmt 0 view .LVU86
 244 0028 0A23     		movs	r3, #10
 245 002a C362     		str	r3, [r0, #44]
 118:Core/Src/spi.c ****   if (HAL_SPI_Init(&hspi3) != HAL_OK)
 246              		.loc 1 118 3 is_stmt 1 view .LVU87
 247              		.loc 1 118 7 is_stmt 0 view .LVU88
 248 002c FFF7FEFF 		bl	HAL_SPI_Init
 249              	.LVL4:
 250              		.loc 1 118 6 view .LVU89
 251 0030 00B9     		cbnz	r0, .L16
 252              	.L13:
 119:Core/Src/spi.c ****   {
 120:Core/Src/spi.c ****     Error_Handler();
 121:Core/Src/spi.c ****   }
 122:Core/Src/spi.c ****   /* USER CODE BEGIN SPI3_Init 2 */
 123:Core/Src/spi.c **** 
 124:Core/Src/spi.c ****   /* USER CODE END SPI3_Init 2 */
 125:Core/Src/spi.c **** 
 126:Core/Src/spi.c **** }
 253              		.loc 1 126 1 view .LVU90
 254 0032 08BD     		pop	{r3, pc}
 255              	.L16:
 120:Core/Src/spi.c ****   }
 256              		.loc 1 120 5 is_stmt 1 view .LVU91
 257 0034 FFF7FEFF 		bl	Error_Handler
 258              	.LVL5:
 259              		.loc 1 126 1 is_stmt 0 view .LVU92
 260 0038 FBE7     		b	.L13
 261              	.L18:
 262 003a 00BF     		.align	2
 263              	.L17:
 264 003c 00000000 		.word	.LANCHOR2
 265 0040 003C0040 		.word	1073757184
 266              		.cfi_endproc
 267              	.LFE67:
 269              		.section	.text.HAL_SPI_MspInit,"ax",%progbits
 270              		.align	1
 271              		.global	HAL_SPI_MspInit
 272              		.syntax unified
 273              		.thumb
 274              		.thumb_func
 276              	HAL_SPI_MspInit:
 277              	.LVL6:
ARM GAS  C:\Users\Admin\AppData\Local\Temp\ccaAKXHR.s 			page 8


 278              	.LFB68:
 127:Core/Src/spi.c **** 
 128:Core/Src/spi.c **** void HAL_SPI_MspInit(SPI_HandleTypeDef* spiHandle)
 129:Core/Src/spi.c **** {
 279              		.loc 1 129 1 is_stmt 1 view -0
 280              		.cfi_startproc
 281              		@ args = 0, pretend = 0, frame = 40
 282              		@ frame_needed = 0, uses_anonymous_args = 0
 283              		.loc 1 129 1 is_stmt 0 view .LVU94
 284 0000 10B5     		push	{r4, lr}
 285              	.LCFI3:
 286              		.cfi_def_cfa_offset 8
 287              		.cfi_offset 4, -8
 288              		.cfi_offset 14, -4
 289 0002 8AB0     		sub	sp, sp, #40
 290              	.LCFI4:
 291              		.cfi_def_cfa_offset 48
 130:Core/Src/spi.c **** 
 131:Core/Src/spi.c ****   GPIO_InitTypeDef GPIO_InitStruct = {0};
 292              		.loc 1 131 3 is_stmt 1 view .LVU95
 293              		.loc 1 131 20 is_stmt 0 view .LVU96
 294 0004 0023     		movs	r3, #0
 295 0006 0693     		str	r3, [sp, #24]
 296 0008 0793     		str	r3, [sp, #28]
 297 000a 0893     		str	r3, [sp, #32]
 298 000c 0993     		str	r3, [sp, #36]
 132:Core/Src/spi.c ****   if(spiHandle->Instance==SPI1)
 299              		.loc 1 132 3 is_stmt 1 view .LVU97
 300              		.loc 1 132 15 is_stmt 0 view .LVU98
 301 000e 0368     		ldr	r3, [r0]
 302              		.loc 1 132 5 view .LVU99
 303 0010 424A     		ldr	r2, .L27
 304 0012 9342     		cmp	r3, r2
 305 0014 07D0     		beq	.L24
 133:Core/Src/spi.c ****   {
 134:Core/Src/spi.c ****   /* USER CODE BEGIN SPI1_MspInit 0 */
 135:Core/Src/spi.c **** 
 136:Core/Src/spi.c ****   /* USER CODE END SPI1_MspInit 0 */
 137:Core/Src/spi.c ****     /* SPI1 clock enable */
 138:Core/Src/spi.c ****     __HAL_RCC_SPI1_CLK_ENABLE();
 139:Core/Src/spi.c **** 
 140:Core/Src/spi.c ****     __HAL_RCC_GPIOA_CLK_ENABLE();
 141:Core/Src/spi.c ****     /**SPI1 GPIO Configuration
 142:Core/Src/spi.c ****     PA5     ------> SPI1_SCK
 143:Core/Src/spi.c ****     PA6     ------> SPI1_MISO
 144:Core/Src/spi.c ****     PA7     ------> SPI1_MOSI
 145:Core/Src/spi.c ****     */
 146:Core/Src/spi.c ****     GPIO_InitStruct.Pin = RFID_CLK_Pin|RFID_MOSI_Pin;
 147:Core/Src/spi.c ****     GPIO_InitStruct.Mode = GPIO_MODE_AF_PP;
 148:Core/Src/spi.c ****     GPIO_InitStruct.Speed = GPIO_SPEED_FREQ_HIGH;
 149:Core/Src/spi.c ****     HAL_GPIO_Init(GPIOA, &GPIO_InitStruct);
 150:Core/Src/spi.c **** 
 151:Core/Src/spi.c ****     GPIO_InitStruct.Pin = RFID_MISO_Pin;
 152:Core/Src/spi.c ****     GPIO_InitStruct.Mode = GPIO_MODE_INPUT;
 153:Core/Src/spi.c ****     GPIO_InitStruct.Pull = GPIO_NOPULL;
 154:Core/Src/spi.c ****     HAL_GPIO_Init(RFID_MISO_GPIO_Port, &GPIO_InitStruct);
 155:Core/Src/spi.c **** 
ARM GAS  C:\Users\Admin\AppData\Local\Temp\ccaAKXHR.s 			page 9


 156:Core/Src/spi.c ****   /* USER CODE BEGIN SPI1_MspInit 1 */
 157:Core/Src/spi.c **** 
 158:Core/Src/spi.c ****   /* USER CODE END SPI1_MspInit 1 */
 159:Core/Src/spi.c ****   }
 160:Core/Src/spi.c ****   else if(spiHandle->Instance==SPI2)
 306              		.loc 1 160 8 is_stmt 1 view .LVU100
 307              		.loc 1 160 10 is_stmt 0 view .LVU101
 308 0016 424A     		ldr	r2, .L27+4
 309 0018 9342     		cmp	r3, r2
 310 001a 2CD0     		beq	.L25
 161:Core/Src/spi.c ****   {
 162:Core/Src/spi.c ****   /* USER CODE BEGIN SPI2_MspInit 0 */
 163:Core/Src/spi.c **** 
 164:Core/Src/spi.c ****   /* USER CODE END SPI2_MspInit 0 */
 165:Core/Src/spi.c ****     /* SPI2 clock enable */
 166:Core/Src/spi.c ****     __HAL_RCC_SPI2_CLK_ENABLE();
 167:Core/Src/spi.c **** 
 168:Core/Src/spi.c ****     __HAL_RCC_GPIOB_CLK_ENABLE();
 169:Core/Src/spi.c ****     /**SPI2 GPIO Configuration
 170:Core/Src/spi.c ****     PB13     ------> SPI2_SCK
 171:Core/Src/spi.c ****     PB14     ------> SPI2_MISO
 172:Core/Src/spi.c ****     PB15     ------> SPI2_MOSI
 173:Core/Src/spi.c ****     */
 174:Core/Src/spi.c ****     GPIO_InitStruct.Pin = FLASH_CLK_Pin|FLASH_MOSI_Pin;
 175:Core/Src/spi.c ****     GPIO_InitStruct.Mode = GPIO_MODE_AF_PP;
 176:Core/Src/spi.c ****     GPIO_InitStruct.Speed = GPIO_SPEED_FREQ_HIGH;
 177:Core/Src/spi.c ****     HAL_GPIO_Init(GPIOB, &GPIO_InitStruct);
 178:Core/Src/spi.c **** 
 179:Core/Src/spi.c ****     GPIO_InitStruct.Pin = FLASH_MISO_Pin;
 180:Core/Src/spi.c ****     GPIO_InitStruct.Mode = GPIO_MODE_INPUT;
 181:Core/Src/spi.c ****     GPIO_InitStruct.Pull = GPIO_NOPULL;
 182:Core/Src/spi.c ****     HAL_GPIO_Init(FLASH_MISO_GPIO_Port, &GPIO_InitStruct);
 183:Core/Src/spi.c **** 
 184:Core/Src/spi.c ****   /* USER CODE BEGIN SPI2_MspInit 1 */
 185:Core/Src/spi.c **** 
 186:Core/Src/spi.c ****   /* USER CODE END SPI2_MspInit 1 */
 187:Core/Src/spi.c ****   }
 188:Core/Src/spi.c ****   else if(spiHandle->Instance==SPI3)
 311              		.loc 1 188 8 is_stmt 1 view .LVU102
 312              		.loc 1 188 10 is_stmt 0 view .LVU103
 313 001c 414A     		ldr	r2, .L27+8
 314 001e 9342     		cmp	r3, r2
 315 0020 53D0     		beq	.L26
 316              	.LVL7:
 317              	.L19:
 189:Core/Src/spi.c ****   {
 190:Core/Src/spi.c ****   /* USER CODE BEGIN SPI3_MspInit 0 */
 191:Core/Src/spi.c **** 
 192:Core/Src/spi.c ****   /* USER CODE END SPI3_MspInit 0 */
 193:Core/Src/spi.c ****     /* SPI3 clock enable */
 194:Core/Src/spi.c ****     __HAL_RCC_SPI3_CLK_ENABLE();
 195:Core/Src/spi.c **** 
 196:Core/Src/spi.c ****     __HAL_RCC_GPIOB_CLK_ENABLE();
 197:Core/Src/spi.c ****     /**SPI3 GPIO Configuration
 198:Core/Src/spi.c ****     PB3     ------> SPI3_SCK
 199:Core/Src/spi.c ****     PB4     ------> SPI3_MISO
 200:Core/Src/spi.c ****     PB5     ------> SPI3_MOSI
ARM GAS  C:\Users\Admin\AppData\Local\Temp\ccaAKXHR.s 			page 10


 201:Core/Src/spi.c ****     */
 202:Core/Src/spi.c ****     GPIO_InitStruct.Pin = SDCARD_CLK_Pin|SDCARD_MOSI_Pin;
 203:Core/Src/spi.c ****     GPIO_InitStruct.Mode = GPIO_MODE_AF_PP;
 204:Core/Src/spi.c ****     GPIO_InitStruct.Speed = GPIO_SPEED_FREQ_HIGH;
 205:Core/Src/spi.c ****     HAL_GPIO_Init(GPIOB, &GPIO_InitStruct);
 206:Core/Src/spi.c **** 
 207:Core/Src/spi.c ****     GPIO_InitStruct.Pin = SDCARD_MISO_Pin;
 208:Core/Src/spi.c ****     GPIO_InitStruct.Mode = GPIO_MODE_INPUT;
 209:Core/Src/spi.c ****     GPIO_InitStruct.Pull = GPIO_NOPULL;
 210:Core/Src/spi.c ****     HAL_GPIO_Init(SDCARD_MISO_GPIO_Port, &GPIO_InitStruct);
 211:Core/Src/spi.c **** 
 212:Core/Src/spi.c ****   /* USER CODE BEGIN SPI3_MspInit 1 */
 213:Core/Src/spi.c **** 
 214:Core/Src/spi.c ****   /* USER CODE END SPI3_MspInit 1 */
 215:Core/Src/spi.c ****   }
 216:Core/Src/spi.c **** }
 318              		.loc 1 216 1 view .LVU104
 319 0022 0AB0     		add	sp, sp, #40
 320              	.LCFI5:
 321              		.cfi_remember_state
 322              		.cfi_def_cfa_offset 8
 323              		@ sp needed
 324 0024 10BD     		pop	{r4, pc}
 325              	.LVL8:
 326              	.L24:
 327              	.LCFI6:
 328              		.cfi_restore_state
 138:Core/Src/spi.c **** 
 329              		.loc 1 138 5 is_stmt 1 view .LVU105
 330              	.LBB2:
 138:Core/Src/spi.c **** 
 331              		.loc 1 138 5 view .LVU106
 138:Core/Src/spi.c **** 
 332              		.loc 1 138 5 view .LVU107
 333 0026 404B     		ldr	r3, .L27+12
 334 0028 9A69     		ldr	r2, [r3, #24]
 335 002a 42F48052 		orr	r2, r2, #4096
 336 002e 9A61     		str	r2, [r3, #24]
 138:Core/Src/spi.c **** 
 337              		.loc 1 138 5 view .LVU108
 338 0030 9A69     		ldr	r2, [r3, #24]
 339 0032 02F48052 		and	r2, r2, #4096
 340 0036 0092     		str	r2, [sp]
 138:Core/Src/spi.c **** 
 341              		.loc 1 138 5 view .LVU109
 342 0038 009A     		ldr	r2, [sp]
 343              	.LBE2:
 138:Core/Src/spi.c **** 
 344              		.loc 1 138 5 view .LVU110
 140:Core/Src/spi.c ****     /**SPI1 GPIO Configuration
 345              		.loc 1 140 5 view .LVU111
 346              	.LBB3:
 140:Core/Src/spi.c ****     /**SPI1 GPIO Configuration
 347              		.loc 1 140 5 view .LVU112
 140:Core/Src/spi.c ****     /**SPI1 GPIO Configuration
 348              		.loc 1 140 5 view .LVU113
 349 003a 9A69     		ldr	r2, [r3, #24]
ARM GAS  C:\Users\Admin\AppData\Local\Temp\ccaAKXHR.s 			page 11


 350 003c 42F00402 		orr	r2, r2, #4
 351 0040 9A61     		str	r2, [r3, #24]
 140:Core/Src/spi.c ****     /**SPI1 GPIO Configuration
 352              		.loc 1 140 5 view .LVU114
 353 0042 9B69     		ldr	r3, [r3, #24]
 354 0044 03F00403 		and	r3, r3, #4
 355 0048 0193     		str	r3, [sp, #4]
 140:Core/Src/spi.c ****     /**SPI1 GPIO Configuration
 356              		.loc 1 140 5 view .LVU115
 357 004a 019B     		ldr	r3, [sp, #4]
 358              	.LBE3:
 140:Core/Src/spi.c ****     /**SPI1 GPIO Configuration
 359              		.loc 1 140 5 view .LVU116
 146:Core/Src/spi.c ****     GPIO_InitStruct.Mode = GPIO_MODE_AF_PP;
 360              		.loc 1 146 5 view .LVU117
 146:Core/Src/spi.c ****     GPIO_InitStruct.Mode = GPIO_MODE_AF_PP;
 361              		.loc 1 146 25 is_stmt 0 view .LVU118
 362 004c A023     		movs	r3, #160
 363 004e 0693     		str	r3, [sp, #24]
 147:Core/Src/spi.c ****     GPIO_InitStruct.Speed = GPIO_SPEED_FREQ_HIGH;
 364              		.loc 1 147 5 is_stmt 1 view .LVU119
 147:Core/Src/spi.c ****     GPIO_InitStruct.Speed = GPIO_SPEED_FREQ_HIGH;
 365              		.loc 1 147 26 is_stmt 0 view .LVU120
 366 0050 0223     		movs	r3, #2
 367 0052 0793     		str	r3, [sp, #28]
 148:Core/Src/spi.c ****     HAL_GPIO_Init(GPIOA, &GPIO_InitStruct);
 368              		.loc 1 148 5 is_stmt 1 view .LVU121
 148:Core/Src/spi.c ****     HAL_GPIO_Init(GPIOA, &GPIO_InitStruct);
 369              		.loc 1 148 27 is_stmt 0 view .LVU122
 370 0054 0323     		movs	r3, #3
 371 0056 0993     		str	r3, [sp, #36]
 149:Core/Src/spi.c **** 
 372              		.loc 1 149 5 is_stmt 1 view .LVU123
 373 0058 344C     		ldr	r4, .L27+16
 374 005a 06A9     		add	r1, sp, #24
 375 005c 2046     		mov	r0, r4
 376              	.LVL9:
 149:Core/Src/spi.c **** 
 377              		.loc 1 149 5 is_stmt 0 view .LVU124
 378 005e FFF7FEFF 		bl	HAL_GPIO_Init
 379              	.LVL10:
 151:Core/Src/spi.c ****     GPIO_InitStruct.Mode = GPIO_MODE_INPUT;
 380              		.loc 1 151 5 is_stmt 1 view .LVU125
 151:Core/Src/spi.c ****     GPIO_InitStruct.Mode = GPIO_MODE_INPUT;
 381              		.loc 1 151 25 is_stmt 0 view .LVU126
 382 0062 4023     		movs	r3, #64
 383 0064 0693     		str	r3, [sp, #24]
 152:Core/Src/spi.c ****     GPIO_InitStruct.Pull = GPIO_NOPULL;
 384              		.loc 1 152 5 is_stmt 1 view .LVU127
 152:Core/Src/spi.c ****     GPIO_InitStruct.Pull = GPIO_NOPULL;
 385              		.loc 1 152 26 is_stmt 0 view .LVU128
 386 0066 0023     		movs	r3, #0
 387 0068 0793     		str	r3, [sp, #28]
 153:Core/Src/spi.c ****     HAL_GPIO_Init(RFID_MISO_GPIO_Port, &GPIO_InitStruct);
 388              		.loc 1 153 5 is_stmt 1 view .LVU129
 153:Core/Src/spi.c ****     HAL_GPIO_Init(RFID_MISO_GPIO_Port, &GPIO_InitStruct);
 389              		.loc 1 153 26 is_stmt 0 view .LVU130
ARM GAS  C:\Users\Admin\AppData\Local\Temp\ccaAKXHR.s 			page 12


 390 006a 0893     		str	r3, [sp, #32]
 154:Core/Src/spi.c **** 
 391              		.loc 1 154 5 is_stmt 1 view .LVU131
 392 006c 06A9     		add	r1, sp, #24
 393 006e 2046     		mov	r0, r4
 394 0070 FFF7FEFF 		bl	HAL_GPIO_Init
 395              	.LVL11:
 396 0074 D5E7     		b	.L19
 397              	.LVL12:
 398              	.L25:
 166:Core/Src/spi.c **** 
 399              		.loc 1 166 5 view .LVU132
 400              	.LBB4:
 166:Core/Src/spi.c **** 
 401              		.loc 1 166 5 view .LVU133
 166:Core/Src/spi.c **** 
 402              		.loc 1 166 5 view .LVU134
 403 0076 2C4B     		ldr	r3, .L27+12
 404 0078 DA69     		ldr	r2, [r3, #28]
 405 007a 42F48042 		orr	r2, r2, #16384
 406 007e DA61     		str	r2, [r3, #28]
 166:Core/Src/spi.c **** 
 407              		.loc 1 166 5 view .LVU135
 408 0080 DA69     		ldr	r2, [r3, #28]
 409 0082 02F48042 		and	r2, r2, #16384
 410 0086 0292     		str	r2, [sp, #8]
 166:Core/Src/spi.c **** 
 411              		.loc 1 166 5 view .LVU136
 412 0088 029A     		ldr	r2, [sp, #8]
 413              	.LBE4:
 166:Core/Src/spi.c **** 
 414              		.loc 1 166 5 view .LVU137
 168:Core/Src/spi.c ****     /**SPI2 GPIO Configuration
 415              		.loc 1 168 5 view .LVU138
 416              	.LBB5:
 168:Core/Src/spi.c ****     /**SPI2 GPIO Configuration
 417              		.loc 1 168 5 view .LVU139
 168:Core/Src/spi.c ****     /**SPI2 GPIO Configuration
 418              		.loc 1 168 5 view .LVU140
 419 008a 9A69     		ldr	r2, [r3, #24]
 420 008c 42F00802 		orr	r2, r2, #8
 421 0090 9A61     		str	r2, [r3, #24]
 168:Core/Src/spi.c ****     /**SPI2 GPIO Configuration
 422              		.loc 1 168 5 view .LVU141
 423 0092 9B69     		ldr	r3, [r3, #24]
 424 0094 03F00803 		and	r3, r3, #8
 425 0098 0393     		str	r3, [sp, #12]
 168:Core/Src/spi.c ****     /**SPI2 GPIO Configuration
 426              		.loc 1 168 5 view .LVU142
 427 009a 039B     		ldr	r3, [sp, #12]
 428              	.LBE5:
 168:Core/Src/spi.c ****     /**SPI2 GPIO Configuration
 429              		.loc 1 168 5 view .LVU143
 174:Core/Src/spi.c ****     GPIO_InitStruct.Mode = GPIO_MODE_AF_PP;
 430              		.loc 1 174 5 view .LVU144
 174:Core/Src/spi.c ****     GPIO_InitStruct.Mode = GPIO_MODE_AF_PP;
 431              		.loc 1 174 25 is_stmt 0 view .LVU145
ARM GAS  C:\Users\Admin\AppData\Local\Temp\ccaAKXHR.s 			page 13


 432 009c 4FF42043 		mov	r3, #40960
 433 00a0 0693     		str	r3, [sp, #24]
 175:Core/Src/spi.c ****     GPIO_InitStruct.Speed = GPIO_SPEED_FREQ_HIGH;
 434              		.loc 1 175 5 is_stmt 1 view .LVU146
 175:Core/Src/spi.c ****     GPIO_InitStruct.Speed = GPIO_SPEED_FREQ_HIGH;
 435              		.loc 1 175 26 is_stmt 0 view .LVU147
 436 00a2 0223     		movs	r3, #2
 437 00a4 0793     		str	r3, [sp, #28]
 176:Core/Src/spi.c ****     HAL_GPIO_Init(GPIOB, &GPIO_InitStruct);
 438              		.loc 1 176 5 is_stmt 1 view .LVU148
 176:Core/Src/spi.c ****     HAL_GPIO_Init(GPIOB, &GPIO_InitStruct);
 439              		.loc 1 176 27 is_stmt 0 view .LVU149
 440 00a6 0323     		movs	r3, #3
 441 00a8 0993     		str	r3, [sp, #36]
 177:Core/Src/spi.c **** 
 442              		.loc 1 177 5 is_stmt 1 view .LVU150
 443 00aa 214C     		ldr	r4, .L27+20
 444 00ac 06A9     		add	r1, sp, #24
 445 00ae 2046     		mov	r0, r4
 446              	.LVL13:
 177:Core/Src/spi.c **** 
 447              		.loc 1 177 5 is_stmt 0 view .LVU151
 448 00b0 FFF7FEFF 		bl	HAL_GPIO_Init
 449              	.LVL14:
 179:Core/Src/spi.c ****     GPIO_InitStruct.Mode = GPIO_MODE_INPUT;
 450              		.loc 1 179 5 is_stmt 1 view .LVU152
 179:Core/Src/spi.c ****     GPIO_InitStruct.Mode = GPIO_MODE_INPUT;
 451              		.loc 1 179 25 is_stmt 0 view .LVU153
 452 00b4 4FF48043 		mov	r3, #16384
 453 00b8 0693     		str	r3, [sp, #24]
 180:Core/Src/spi.c ****     GPIO_InitStruct.Pull = GPIO_NOPULL;
 454              		.loc 1 180 5 is_stmt 1 view .LVU154
 180:Core/Src/spi.c ****     GPIO_InitStruct.Pull = GPIO_NOPULL;
 455              		.loc 1 180 26 is_stmt 0 view .LVU155
 456 00ba 0023     		movs	r3, #0
 457 00bc 0793     		str	r3, [sp, #28]
 181:Core/Src/spi.c ****     HAL_GPIO_Init(FLASH_MISO_GPIO_Port, &GPIO_InitStruct);
 458              		.loc 1 181 5 is_stmt 1 view .LVU156
 181:Core/Src/spi.c ****     HAL_GPIO_Init(FLASH_MISO_GPIO_Port, &GPIO_InitStruct);
 459              		.loc 1 181 26 is_stmt 0 view .LVU157
 460 00be 0893     		str	r3, [sp, #32]
 182:Core/Src/spi.c **** 
 461              		.loc 1 182 5 is_stmt 1 view .LVU158
 462 00c0 06A9     		add	r1, sp, #24
 463 00c2 2046     		mov	r0, r4
 464 00c4 FFF7FEFF 		bl	HAL_GPIO_Init
 465              	.LVL15:
 466 00c8 ABE7     		b	.L19
 467              	.LVL16:
 468              	.L26:
 194:Core/Src/spi.c **** 
 469              		.loc 1 194 5 view .LVU159
 470              	.LBB6:
 194:Core/Src/spi.c **** 
 471              		.loc 1 194 5 view .LVU160
 194:Core/Src/spi.c **** 
 472              		.loc 1 194 5 view .LVU161
ARM GAS  C:\Users\Admin\AppData\Local\Temp\ccaAKXHR.s 			page 14


 473 00ca 174B     		ldr	r3, .L27+12
 474 00cc DA69     		ldr	r2, [r3, #28]
 475 00ce 42F40042 		orr	r2, r2, #32768
 476 00d2 DA61     		str	r2, [r3, #28]
 194:Core/Src/spi.c **** 
 477              		.loc 1 194 5 view .LVU162
 478 00d4 DA69     		ldr	r2, [r3, #28]
 479 00d6 02F40042 		and	r2, r2, #32768
 480 00da 0492     		str	r2, [sp, #16]
 194:Core/Src/spi.c **** 
 481              		.loc 1 194 5 view .LVU163
 482 00dc 049A     		ldr	r2, [sp, #16]
 483              	.LBE6:
 194:Core/Src/spi.c **** 
 484              		.loc 1 194 5 view .LVU164
 196:Core/Src/spi.c ****     /**SPI3 GPIO Configuration
 485              		.loc 1 196 5 view .LVU165
 486              	.LBB7:
 196:Core/Src/spi.c ****     /**SPI3 GPIO Configuration
 487              		.loc 1 196 5 view .LVU166
 196:Core/Src/spi.c ****     /**SPI3 GPIO Configuration
 488              		.loc 1 196 5 view .LVU167
 489 00de 9A69     		ldr	r2, [r3, #24]
 490 00e0 42F00802 		orr	r2, r2, #8
 491 00e4 9A61     		str	r2, [r3, #24]
 196:Core/Src/spi.c ****     /**SPI3 GPIO Configuration
 492              		.loc 1 196 5 view .LVU168
 493 00e6 9B69     		ldr	r3, [r3, #24]
 494 00e8 03F00803 		and	r3, r3, #8
 495 00ec 0593     		str	r3, [sp, #20]
 196:Core/Src/spi.c ****     /**SPI3 GPIO Configuration
 496              		.loc 1 196 5 view .LVU169
 497 00ee 059B     		ldr	r3, [sp, #20]
 498              	.LBE7:
 196:Core/Src/spi.c ****     /**SPI3 GPIO Configuration
 499              		.loc 1 196 5 view .LVU170
 202:Core/Src/spi.c ****     GPIO_InitStruct.Mode = GPIO_MODE_AF_PP;
 500              		.loc 1 202 5 view .LVU171
 202:Core/Src/spi.c ****     GPIO_InitStruct.Mode = GPIO_MODE_AF_PP;
 501              		.loc 1 202 25 is_stmt 0 view .LVU172
 502 00f0 2823     		movs	r3, #40
 503 00f2 0693     		str	r3, [sp, #24]
 203:Core/Src/spi.c ****     GPIO_InitStruct.Speed = GPIO_SPEED_FREQ_HIGH;
 504              		.loc 1 203 5 is_stmt 1 view .LVU173
 203:Core/Src/spi.c ****     GPIO_InitStruct.Speed = GPIO_SPEED_FREQ_HIGH;
 505              		.loc 1 203 26 is_stmt 0 view .LVU174
 506 00f4 0223     		movs	r3, #2
 507 00f6 0793     		str	r3, [sp, #28]
 204:Core/Src/spi.c ****     HAL_GPIO_Init(GPIOB, &GPIO_InitStruct);
 508              		.loc 1 204 5 is_stmt 1 view .LVU175
 204:Core/Src/spi.c ****     HAL_GPIO_Init(GPIOB, &GPIO_InitStruct);
 509              		.loc 1 204 27 is_stmt 0 view .LVU176
 510 00f8 0323     		movs	r3, #3
 511 00fa 0993     		str	r3, [sp, #36]
 205:Core/Src/spi.c **** 
 512              		.loc 1 205 5 is_stmt 1 view .LVU177
 513 00fc 0C4C     		ldr	r4, .L27+20
ARM GAS  C:\Users\Admin\AppData\Local\Temp\ccaAKXHR.s 			page 15


 514 00fe 06A9     		add	r1, sp, #24
 515 0100 2046     		mov	r0, r4
 516              	.LVL17:
 205:Core/Src/spi.c **** 
 517              		.loc 1 205 5 is_stmt 0 view .LVU178
 518 0102 FFF7FEFF 		bl	HAL_GPIO_Init
 519              	.LVL18:
 207:Core/Src/spi.c ****     GPIO_InitStruct.Mode = GPIO_MODE_INPUT;
 520              		.loc 1 207 5 is_stmt 1 view .LVU179
 207:Core/Src/spi.c ****     GPIO_InitStruct.Mode = GPIO_MODE_INPUT;
 521              		.loc 1 207 25 is_stmt 0 view .LVU180
 522 0106 1023     		movs	r3, #16
 523 0108 0693     		str	r3, [sp, #24]
 208:Core/Src/spi.c ****     GPIO_InitStruct.Pull = GPIO_NOPULL;
 524              		.loc 1 208 5 is_stmt 1 view .LVU181
 208:Core/Src/spi.c ****     GPIO_InitStruct.Pull = GPIO_NOPULL;
 525              		.loc 1 208 26 is_stmt 0 view .LVU182
 526 010a 0023     		movs	r3, #0
 527 010c 0793     		str	r3, [sp, #28]
 209:Core/Src/spi.c ****     HAL_GPIO_Init(SDCARD_MISO_GPIO_Port, &GPIO_InitStruct);
 528              		.loc 1 209 5 is_stmt 1 view .LVU183
 209:Core/Src/spi.c ****     HAL_GPIO_Init(SDCARD_MISO_GPIO_Port, &GPIO_InitStruct);
 529              		.loc 1 209 26 is_stmt 0 view .LVU184
 530 010e 0893     		str	r3, [sp, #32]
 210:Core/Src/spi.c **** 
 531              		.loc 1 210 5 is_stmt 1 view .LVU185
 532 0110 06A9     		add	r1, sp, #24
 533 0112 2046     		mov	r0, r4
 534 0114 FFF7FEFF 		bl	HAL_GPIO_Init
 535              	.LVL19:
 536              		.loc 1 216 1 is_stmt 0 view .LVU186
 537 0118 83E7     		b	.L19
 538              	.L28:
 539 011a 00BF     		.align	2
 540              	.L27:
 541 011c 00300140 		.word	1073819648
 542 0120 00380040 		.word	1073756160
 543 0124 003C0040 		.word	1073757184
 544 0128 00100240 		.word	1073876992
 545 012c 00080140 		.word	1073809408
 546 0130 000C0140 		.word	1073810432
 547              		.cfi_endproc
 548              	.LFE68:
 550              		.section	.text.HAL_SPI_MspDeInit,"ax",%progbits
 551              		.align	1
 552              		.global	HAL_SPI_MspDeInit
 553              		.syntax unified
 554              		.thumb
 555              		.thumb_func
 557              	HAL_SPI_MspDeInit:
 558              	.LVL20:
 559              	.LFB69:
 217:Core/Src/spi.c **** 
 218:Core/Src/spi.c **** void HAL_SPI_MspDeInit(SPI_HandleTypeDef* spiHandle)
 219:Core/Src/spi.c **** {
 560              		.loc 1 219 1 is_stmt 1 view -0
 561              		.cfi_startproc
ARM GAS  C:\Users\Admin\AppData\Local\Temp\ccaAKXHR.s 			page 16


 562              		@ args = 0, pretend = 0, frame = 0
 563              		@ frame_needed = 0, uses_anonymous_args = 0
 564              		.loc 1 219 1 is_stmt 0 view .LVU188
 565 0000 08B5     		push	{r3, lr}
 566              	.LCFI7:
 567              		.cfi_def_cfa_offset 8
 568              		.cfi_offset 3, -8
 569              		.cfi_offset 14, -4
 220:Core/Src/spi.c **** 
 221:Core/Src/spi.c ****   if(spiHandle->Instance==SPI1)
 570              		.loc 1 221 3 is_stmt 1 view .LVU189
 571              		.loc 1 221 15 is_stmt 0 view .LVU190
 572 0002 0368     		ldr	r3, [r0]
 573              		.loc 1 221 5 view .LVU191
 574 0004 154A     		ldr	r2, .L37
 575 0006 9342     		cmp	r3, r2
 576 0008 06D0     		beq	.L34
 222:Core/Src/spi.c ****   {
 223:Core/Src/spi.c ****   /* USER CODE BEGIN SPI1_MspDeInit 0 */
 224:Core/Src/spi.c **** 
 225:Core/Src/spi.c ****   /* USER CODE END SPI1_MspDeInit 0 */
 226:Core/Src/spi.c ****     /* Peripheral clock disable */
 227:Core/Src/spi.c ****     __HAL_RCC_SPI1_CLK_DISABLE();
 228:Core/Src/spi.c **** 
 229:Core/Src/spi.c ****     /**SPI1 GPIO Configuration
 230:Core/Src/spi.c ****     PA5     ------> SPI1_SCK
 231:Core/Src/spi.c ****     PA6     ------> SPI1_MISO
 232:Core/Src/spi.c ****     PA7     ------> SPI1_MOSI
 233:Core/Src/spi.c ****     */
 234:Core/Src/spi.c ****     HAL_GPIO_DeInit(GPIOA, RFID_CLK_Pin|RFID_MISO_Pin|RFID_MOSI_Pin);
 235:Core/Src/spi.c **** 
 236:Core/Src/spi.c ****   /* USER CODE BEGIN SPI1_MspDeInit 1 */
 237:Core/Src/spi.c **** 
 238:Core/Src/spi.c ****   /* USER CODE END SPI1_MspDeInit 1 */
 239:Core/Src/spi.c ****   }
 240:Core/Src/spi.c ****   else if(spiHandle->Instance==SPI2)
 577              		.loc 1 240 8 is_stmt 1 view .LVU192
 578              		.loc 1 240 10 is_stmt 0 view .LVU193
 579 000a 154A     		ldr	r2, .L37+4
 580 000c 9342     		cmp	r3, r2
 581 000e 0ED0     		beq	.L35
 241:Core/Src/spi.c ****   {
 242:Core/Src/spi.c ****   /* USER CODE BEGIN SPI2_MspDeInit 0 */
 243:Core/Src/spi.c **** 
 244:Core/Src/spi.c ****   /* USER CODE END SPI2_MspDeInit 0 */
 245:Core/Src/spi.c ****     /* Peripheral clock disable */
 246:Core/Src/spi.c ****     __HAL_RCC_SPI2_CLK_DISABLE();
 247:Core/Src/spi.c **** 
 248:Core/Src/spi.c ****     /**SPI2 GPIO Configuration
 249:Core/Src/spi.c ****     PB13     ------> SPI2_SCK
 250:Core/Src/spi.c ****     PB14     ------> SPI2_MISO
 251:Core/Src/spi.c ****     PB15     ------> SPI2_MOSI
 252:Core/Src/spi.c ****     */
 253:Core/Src/spi.c ****     HAL_GPIO_DeInit(GPIOB, FLASH_CLK_Pin|FLASH_MISO_Pin|FLASH_MOSI_Pin);
 254:Core/Src/spi.c **** 
 255:Core/Src/spi.c ****   /* USER CODE BEGIN SPI2_MspDeInit 1 */
 256:Core/Src/spi.c **** 
ARM GAS  C:\Users\Admin\AppData\Local\Temp\ccaAKXHR.s 			page 17


 257:Core/Src/spi.c ****   /* USER CODE END SPI2_MspDeInit 1 */
 258:Core/Src/spi.c ****   }
 259:Core/Src/spi.c ****   else if(spiHandle->Instance==SPI3)
 582              		.loc 1 259 8 is_stmt 1 view .LVU194
 583              		.loc 1 259 10 is_stmt 0 view .LVU195
 584 0010 144A     		ldr	r2, .L37+8
 585 0012 9342     		cmp	r3, r2
 586 0014 17D0     		beq	.L36
 587              	.LVL21:
 588              	.L29:
 260:Core/Src/spi.c ****   {
 261:Core/Src/spi.c ****   /* USER CODE BEGIN SPI3_MspDeInit 0 */
 262:Core/Src/spi.c **** 
 263:Core/Src/spi.c ****   /* USER CODE END SPI3_MspDeInit 0 */
 264:Core/Src/spi.c ****     /* Peripheral clock disable */
 265:Core/Src/spi.c ****     __HAL_RCC_SPI3_CLK_DISABLE();
 266:Core/Src/spi.c **** 
 267:Core/Src/spi.c ****     /**SPI3 GPIO Configuration
 268:Core/Src/spi.c ****     PB3     ------> SPI3_SCK
 269:Core/Src/spi.c ****     PB4     ------> SPI3_MISO
 270:Core/Src/spi.c ****     PB5     ------> SPI3_MOSI
 271:Core/Src/spi.c ****     */
 272:Core/Src/spi.c ****     HAL_GPIO_DeInit(GPIOB, SDCARD_CLK_Pin|SDCARD_MISO_Pin|SDCARD_MOSI_Pin);
 273:Core/Src/spi.c **** 
 274:Core/Src/spi.c ****   /* USER CODE BEGIN SPI3_MspDeInit 1 */
 275:Core/Src/spi.c **** 
 276:Core/Src/spi.c ****   /* USER CODE END SPI3_MspDeInit 1 */
 277:Core/Src/spi.c ****   }
 278:Core/Src/spi.c **** }
 589              		.loc 1 278 1 view .LVU196
 590 0016 08BD     		pop	{r3, pc}
 591              	.LVL22:
 592              	.L34:
 227:Core/Src/spi.c **** 
 593              		.loc 1 227 5 is_stmt 1 view .LVU197
 594 0018 02F56042 		add	r2, r2, #57344
 595 001c 9369     		ldr	r3, [r2, #24]
 596 001e 23F48053 		bic	r3, r3, #4096
 597 0022 9361     		str	r3, [r2, #24]
 234:Core/Src/spi.c **** 
 598              		.loc 1 234 5 view .LVU198
 599 0024 E021     		movs	r1, #224
 600 0026 1048     		ldr	r0, .L37+12
 601              	.LVL23:
 234:Core/Src/spi.c **** 
 602              		.loc 1 234 5 is_stmt 0 view .LVU199
 603 0028 FFF7FEFF 		bl	HAL_GPIO_DeInit
 604              	.LVL24:
 605 002c F3E7     		b	.L29
 606              	.LVL25:
 607              	.L35:
 246:Core/Src/spi.c **** 
 608              		.loc 1 246 5 is_stmt 1 view .LVU200
 609 002e 02F5EC32 		add	r2, r2, #120832
 610 0032 D369     		ldr	r3, [r2, #28]
 611 0034 23F48043 		bic	r3, r3, #16384
 612 0038 D361     		str	r3, [r2, #28]
ARM GAS  C:\Users\Admin\AppData\Local\Temp\ccaAKXHR.s 			page 18


 253:Core/Src/spi.c **** 
 613              		.loc 1 253 5 view .LVU201
 614 003a 4FF46041 		mov	r1, #57344
 615 003e 0B48     		ldr	r0, .L37+16
 616              	.LVL26:
 253:Core/Src/spi.c **** 
 617              		.loc 1 253 5 is_stmt 0 view .LVU202
 618 0040 FFF7FEFF 		bl	HAL_GPIO_DeInit
 619              	.LVL27:
 620 0044 E7E7     		b	.L29
 621              	.LVL28:
 622              	.L36:
 265:Core/Src/spi.c **** 
 623              		.loc 1 265 5 is_stmt 1 view .LVU203
 624 0046 02F5EA32 		add	r2, r2, #119808
 625 004a D369     		ldr	r3, [r2, #28]
 626 004c 23F40043 		bic	r3, r3, #32768
 627 0050 D361     		str	r3, [r2, #28]
 272:Core/Src/spi.c **** 
 628              		.loc 1 272 5 view .LVU204
 629 0052 3821     		movs	r1, #56
 630 0054 0548     		ldr	r0, .L37+16
 631              	.LVL29:
 272:Core/Src/spi.c **** 
 632              		.loc 1 272 5 is_stmt 0 view .LVU205
 633 0056 FFF7FEFF 		bl	HAL_GPIO_DeInit
 634              	.LVL30:
 635              		.loc 1 278 1 view .LVU206
 636 005a DCE7     		b	.L29
 637              	.L38:
 638              		.align	2
 639              	.L37:
 640 005c 00300140 		.word	1073819648
 641 0060 00380040 		.word	1073756160
 642 0064 003C0040 		.word	1073757184
 643 0068 00080140 		.word	1073809408
 644 006c 000C0140 		.word	1073810432
 645              		.cfi_endproc
 646              	.LFE69:
 648              		.global	hspi3
 649              		.global	hspi2
 650              		.global	hspi1
 651              		.section	.bss.hspi1,"aw",%nobits
 652              		.align	2
 653              		.set	.LANCHOR0,. + 0
 656              	hspi1:
 657 0000 00000000 		.space	88
 657      00000000 
 657      00000000 
 657      00000000 
 657      00000000 
 658              		.section	.bss.hspi2,"aw",%nobits
 659              		.align	2
 660              		.set	.LANCHOR1,. + 0
 663              	hspi2:
 664 0000 00000000 		.space	88
 664      00000000 
ARM GAS  C:\Users\Admin\AppData\Local\Temp\ccaAKXHR.s 			page 19


 664      00000000 
 664      00000000 
 664      00000000 
 665              		.section	.bss.hspi3,"aw",%nobits
 666              		.align	2
 667              		.set	.LANCHOR2,. + 0
 670              	hspi3:
 671 0000 00000000 		.space	88
 671      00000000 
 671      00000000 
 671      00000000 
 671      00000000 
 672              		.text
 673              	.Letext0:
 674              		.file 2 "d:\\10 2021.10\\arm-none-eabi\\include\\machine\\_default_types.h"
 675              		.file 3 "d:\\10 2021.10\\arm-none-eabi\\include\\sys\\_stdint.h"
 676              		.file 4 "Drivers/CMSIS/Device/ST/STM32F1xx/Include/stm32f103xe.h"
 677              		.file 5 "Drivers/STM32F1xx_HAL_Driver/Inc/stm32f1xx_hal_def.h"
 678              		.file 6 "Drivers/STM32F1xx_HAL_Driver/Inc/stm32f1xx_hal_gpio.h"
 679              		.file 7 "Drivers/STM32F1xx_HAL_Driver/Inc/stm32f1xx_hal_dma.h"
 680              		.file 8 "Drivers/STM32F1xx_HAL_Driver/Inc/stm32f1xx_hal_spi.h"
 681              		.file 9 "Core/Inc/spi.h"
 682              		.file 10 "Core/Inc/main.h"
ARM GAS  C:\Users\Admin\AppData\Local\Temp\ccaAKXHR.s 			page 20


DEFINED SYMBOLS
                            *ABS*:00000000 spi.c
C:\Users\Admin\AppData\Local\Temp\ccaAKXHR.s:18     .text.MX_SPI1_Init:00000000 $t
C:\Users\Admin\AppData\Local\Temp\ccaAKXHR.s:24     .text.MX_SPI1_Init:00000000 MX_SPI1_Init
C:\Users\Admin\AppData\Local\Temp\ccaAKXHR.s:97     .text.MX_SPI1_Init:0000003c $d
C:\Users\Admin\AppData\Local\Temp\ccaAKXHR.s:103    .text.MX_SPI2_Init:00000000 $t
C:\Users\Admin\AppData\Local\Temp\ccaAKXHR.s:109    .text.MX_SPI2_Init:00000000 MX_SPI2_Init
C:\Users\Admin\AppData\Local\Temp\ccaAKXHR.s:180    .text.MX_SPI2_Init:00000038 $d
C:\Users\Admin\AppData\Local\Temp\ccaAKXHR.s:186    .text.MX_SPI3_Init:00000000 $t
C:\Users\Admin\AppData\Local\Temp\ccaAKXHR.s:192    .text.MX_SPI3_Init:00000000 MX_SPI3_Init
C:\Users\Admin\AppData\Local\Temp\ccaAKXHR.s:264    .text.MX_SPI3_Init:0000003c $d
C:\Users\Admin\AppData\Local\Temp\ccaAKXHR.s:270    .text.HAL_SPI_MspInit:00000000 $t
C:\Users\Admin\AppData\Local\Temp\ccaAKXHR.s:276    .text.HAL_SPI_MspInit:00000000 HAL_SPI_MspInit
C:\Users\Admin\AppData\Local\Temp\ccaAKXHR.s:541    .text.HAL_SPI_MspInit:0000011c $d
C:\Users\Admin\AppData\Local\Temp\ccaAKXHR.s:551    .text.HAL_SPI_MspDeInit:00000000 $t
C:\Users\Admin\AppData\Local\Temp\ccaAKXHR.s:557    .text.HAL_SPI_MspDeInit:00000000 HAL_SPI_MspDeInit
C:\Users\Admin\AppData\Local\Temp\ccaAKXHR.s:640    .text.HAL_SPI_MspDeInit:0000005c $d
C:\Users\Admin\AppData\Local\Temp\ccaAKXHR.s:670    .bss.hspi3:00000000 hspi3
C:\Users\Admin\AppData\Local\Temp\ccaAKXHR.s:663    .bss.hspi2:00000000 hspi2
C:\Users\Admin\AppData\Local\Temp\ccaAKXHR.s:656    .bss.hspi1:00000000 hspi1
C:\Users\Admin\AppData\Local\Temp\ccaAKXHR.s:652    .bss.hspi1:00000000 $d
C:\Users\Admin\AppData\Local\Temp\ccaAKXHR.s:659    .bss.hspi2:00000000 $d
C:\Users\Admin\AppData\Local\Temp\ccaAKXHR.s:666    .bss.hspi3:00000000 $d

UNDEFINED SYMBOLS
HAL_SPI_Init
Error_Handler
HAL_GPIO_Init
HAL_GPIO_DeInit
