ARM GAS  C:\Users\Admin\AppData\Local\Temp\ccFiUpfF.s 			page 1


   1              		.cpu cortex-m3
   2              		.arch armv7-m
   3              		.fpu softvfp
   4              		.eabi_attribute 20, 1
   5              		.eabi_attribute 21, 1
   6              		.eabi_attribute 23, 3
   7              		.eabi_attribute 24, 1
   8              		.eabi_attribute 25, 1
   9              		.eabi_attribute 26, 1
  10              		.eabi_attribute 30, 1
  11              		.eabi_attribute 34, 1
  12              		.eabi_attribute 18, 4
  13              		.file	"usart.c"
  14              		.text
  15              	.Ltext0:
  16              		.cfi_sections	.debug_frame
  17              		.section	.text.MX_UART4_Init,"ax",%progbits
  18              		.align	1
  19              		.global	MX_UART4_Init
  20              		.syntax unified
  21              		.thumb
  22              		.thumb_func
  24              	MX_UART4_Init:
  25              	.LFB65:
  26              		.file 1 "Core/Src/usart.c"
   1:Core/Src/usart.c **** /* USER CODE BEGIN Header */
   2:Core/Src/usart.c **** /**
   3:Core/Src/usart.c ****   ******************************************************************************
   4:Core/Src/usart.c ****   * @file    usart.c
   5:Core/Src/usart.c ****   * @brief   This file provides code for the configuration
   6:Core/Src/usart.c ****   *          of the USART instances.
   7:Core/Src/usart.c ****   ******************************************************************************
   8:Core/Src/usart.c ****   * @attention
   9:Core/Src/usart.c ****   *
  10:Core/Src/usart.c ****   * Copyright (c) 2023 STMicroelectronics.
  11:Core/Src/usart.c ****   * All rights reserved.
  12:Core/Src/usart.c ****   *
  13:Core/Src/usart.c ****   * This software is licensed under terms that can be found in the LICENSE file
  14:Core/Src/usart.c ****   * in the root directory of this software component.
  15:Core/Src/usart.c ****   * If no LICENSE file comes with this software, it is provided AS-IS.
  16:Core/Src/usart.c ****   *
  17:Core/Src/usart.c ****   ******************************************************************************
  18:Core/Src/usart.c ****   */
  19:Core/Src/usart.c **** /* USER CODE END Header */
  20:Core/Src/usart.c **** /* Includes ------------------------------------------------------------------*/
  21:Core/Src/usart.c **** #include "usart.h"
  22:Core/Src/usart.c **** 
  23:Core/Src/usart.c **** /* USER CODE BEGIN 0 */
  24:Core/Src/usart.c **** 
  25:Core/Src/usart.c **** /* USER CODE END 0 */
  26:Core/Src/usart.c **** 
  27:Core/Src/usart.c **** UART_HandleTypeDef huart4;
  28:Core/Src/usart.c **** UART_HandleTypeDef huart5;
  29:Core/Src/usart.c **** UART_HandleTypeDef huart1;
  30:Core/Src/usart.c **** UART_HandleTypeDef huart2;
  31:Core/Src/usart.c **** 
  32:Core/Src/usart.c **** /* UART4 init function */
ARM GAS  C:\Users\Admin\AppData\Local\Temp\ccFiUpfF.s 			page 2


  33:Core/Src/usart.c **** void MX_UART4_Init(void)
  34:Core/Src/usart.c **** {
  27              		.loc 1 34 1 view -0
  28              		.cfi_startproc
  29              		@ args = 0, pretend = 0, frame = 0
  30              		@ frame_needed = 0, uses_anonymous_args = 0
  31 0000 08B5     		push	{r3, lr}
  32              	.LCFI0:
  33              		.cfi_def_cfa_offset 8
  34              		.cfi_offset 3, -8
  35              		.cfi_offset 14, -4
  35:Core/Src/usart.c **** 
  36:Core/Src/usart.c ****   /* USER CODE BEGIN UART4_Init 0 */
  37:Core/Src/usart.c **** 
  38:Core/Src/usart.c ****   /* USER CODE END UART4_Init 0 */
  39:Core/Src/usart.c **** 
  40:Core/Src/usart.c ****   /* USER CODE BEGIN UART4_Init 1 */
  41:Core/Src/usart.c **** 
  42:Core/Src/usart.c ****   /* USER CODE END UART4_Init 1 */
  43:Core/Src/usart.c ****   huart4.Instance = UART4;
  36              		.loc 1 43 3 view .LVU1
  37              		.loc 1 43 19 is_stmt 0 view .LVU2
  38 0002 0A48     		ldr	r0, .L5
  39 0004 0A4B     		ldr	r3, .L5+4
  40 0006 0360     		str	r3, [r0]
  44:Core/Src/usart.c ****   huart4.Init.BaudRate = 9600;
  41              		.loc 1 44 3 is_stmt 1 view .LVU3
  42              		.loc 1 44 24 is_stmt 0 view .LVU4
  43 0008 4FF41653 		mov	r3, #9600
  44 000c 4360     		str	r3, [r0, #4]
  45:Core/Src/usart.c ****   huart4.Init.WordLength = UART_WORDLENGTH_8B;
  45              		.loc 1 45 3 is_stmt 1 view .LVU5
  46              		.loc 1 45 26 is_stmt 0 view .LVU6
  47 000e 0023     		movs	r3, #0
  48 0010 8360     		str	r3, [r0, #8]
  46:Core/Src/usart.c ****   huart4.Init.StopBits = UART_STOPBITS_1;
  49              		.loc 1 46 3 is_stmt 1 view .LVU7
  50              		.loc 1 46 24 is_stmt 0 view .LVU8
  51 0012 C360     		str	r3, [r0, #12]
  47:Core/Src/usart.c ****   huart4.Init.Parity = UART_PARITY_NONE;
  52              		.loc 1 47 3 is_stmt 1 view .LVU9
  53              		.loc 1 47 22 is_stmt 0 view .LVU10
  54 0014 0361     		str	r3, [r0, #16]
  48:Core/Src/usart.c ****   huart4.Init.Mode = UART_MODE_TX_RX;
  55              		.loc 1 48 3 is_stmt 1 view .LVU11
  56              		.loc 1 48 20 is_stmt 0 view .LVU12
  57 0016 0C22     		movs	r2, #12
  58 0018 4261     		str	r2, [r0, #20]
  49:Core/Src/usart.c ****   huart4.Init.HwFlowCtl = UART_HWCONTROL_NONE;
  59              		.loc 1 49 3 is_stmt 1 view .LVU13
  60              		.loc 1 49 25 is_stmt 0 view .LVU14
  61 001a 8361     		str	r3, [r0, #24]
  50:Core/Src/usart.c ****   huart4.Init.OverSampling = UART_OVERSAMPLING_16;
  62              		.loc 1 50 3 is_stmt 1 view .LVU15
  63              		.loc 1 50 28 is_stmt 0 view .LVU16
  64 001c C361     		str	r3, [r0, #28]
  51:Core/Src/usart.c ****   if (HAL_UART_Init(&huart4) != HAL_OK)
ARM GAS  C:\Users\Admin\AppData\Local\Temp\ccFiUpfF.s 			page 3


  65              		.loc 1 51 3 is_stmt 1 view .LVU17
  66              		.loc 1 51 7 is_stmt 0 view .LVU18
  67 001e FFF7FEFF 		bl	HAL_UART_Init
  68              	.LVL0:
  69              		.loc 1 51 6 view .LVU19
  70 0022 00B9     		cbnz	r0, .L4
  71              	.L1:
  52:Core/Src/usart.c ****   {
  53:Core/Src/usart.c ****     Error_Handler();
  54:Core/Src/usart.c ****   }
  55:Core/Src/usart.c ****   /* USER CODE BEGIN UART4_Init 2 */
  56:Core/Src/usart.c **** 
  57:Core/Src/usart.c ****   /* USER CODE END UART4_Init 2 */
  58:Core/Src/usart.c **** 
  59:Core/Src/usart.c **** }
  72              		.loc 1 59 1 view .LVU20
  73 0024 08BD     		pop	{r3, pc}
  74              	.L4:
  53:Core/Src/usart.c ****   }
  75              		.loc 1 53 5 is_stmt 1 view .LVU21
  76 0026 FFF7FEFF 		bl	Error_Handler
  77              	.LVL1:
  78              		.loc 1 59 1 is_stmt 0 view .LVU22
  79 002a FBE7     		b	.L1
  80              	.L6:
  81              		.align	2
  82              	.L5:
  83 002c 00000000 		.word	.LANCHOR0
  84 0030 004C0040 		.word	1073761280
  85              		.cfi_endproc
  86              	.LFE65:
  88              		.section	.text.MX_UART5_Init,"ax",%progbits
  89              		.align	1
  90              		.global	MX_UART5_Init
  91              		.syntax unified
  92              		.thumb
  93              		.thumb_func
  95              	MX_UART5_Init:
  96              	.LFB66:
  60:Core/Src/usart.c **** /* UART5 init function */
  61:Core/Src/usart.c **** void MX_UART5_Init(void)
  62:Core/Src/usart.c **** {
  97              		.loc 1 62 1 is_stmt 1 view -0
  98              		.cfi_startproc
  99              		@ args = 0, pretend = 0, frame = 0
 100              		@ frame_needed = 0, uses_anonymous_args = 0
 101 0000 08B5     		push	{r3, lr}
 102              	.LCFI1:
 103              		.cfi_def_cfa_offset 8
 104              		.cfi_offset 3, -8
 105              		.cfi_offset 14, -4
  63:Core/Src/usart.c **** 
  64:Core/Src/usart.c ****   /* USER CODE BEGIN UART5_Init 0 */
  65:Core/Src/usart.c **** 
  66:Core/Src/usart.c ****   /* USER CODE END UART5_Init 0 */
  67:Core/Src/usart.c **** 
  68:Core/Src/usart.c ****   /* USER CODE BEGIN UART5_Init 1 */
ARM GAS  C:\Users\Admin\AppData\Local\Temp\ccFiUpfF.s 			page 4


  69:Core/Src/usart.c **** 
  70:Core/Src/usart.c ****   /* USER CODE END UART5_Init 1 */
  71:Core/Src/usart.c ****   huart5.Instance = UART5;
 106              		.loc 1 71 3 view .LVU24
 107              		.loc 1 71 19 is_stmt 0 view .LVU25
 108 0002 0A48     		ldr	r0, .L11
 109 0004 0A4B     		ldr	r3, .L11+4
 110 0006 0360     		str	r3, [r0]
  72:Core/Src/usart.c ****   huart5.Init.BaudRate = 115200;
 111              		.loc 1 72 3 is_stmt 1 view .LVU26
 112              		.loc 1 72 24 is_stmt 0 view .LVU27
 113 0008 4FF4E133 		mov	r3, #115200
 114 000c 4360     		str	r3, [r0, #4]
  73:Core/Src/usart.c ****   huart5.Init.WordLength = UART_WORDLENGTH_8B;
 115              		.loc 1 73 3 is_stmt 1 view .LVU28
 116              		.loc 1 73 26 is_stmt 0 view .LVU29
 117 000e 0023     		movs	r3, #0
 118 0010 8360     		str	r3, [r0, #8]
  74:Core/Src/usart.c ****   huart5.Init.StopBits = UART_STOPBITS_1;
 119              		.loc 1 74 3 is_stmt 1 view .LVU30
 120              		.loc 1 74 24 is_stmt 0 view .LVU31
 121 0012 C360     		str	r3, [r0, #12]
  75:Core/Src/usart.c ****   huart5.Init.Parity = UART_PARITY_NONE;
 122              		.loc 1 75 3 is_stmt 1 view .LVU32
 123              		.loc 1 75 22 is_stmt 0 view .LVU33
 124 0014 0361     		str	r3, [r0, #16]
  76:Core/Src/usart.c ****   huart5.Init.Mode = UART_MODE_TX_RX;
 125              		.loc 1 76 3 is_stmt 1 view .LVU34
 126              		.loc 1 76 20 is_stmt 0 view .LVU35
 127 0016 0C22     		movs	r2, #12
 128 0018 4261     		str	r2, [r0, #20]
  77:Core/Src/usart.c ****   huart5.Init.HwFlowCtl = UART_HWCONTROL_NONE;
 129              		.loc 1 77 3 is_stmt 1 view .LVU36
 130              		.loc 1 77 25 is_stmt 0 view .LVU37
 131 001a 8361     		str	r3, [r0, #24]
  78:Core/Src/usart.c ****   huart5.Init.OverSampling = UART_OVERSAMPLING_16;
 132              		.loc 1 78 3 is_stmt 1 view .LVU38
 133              		.loc 1 78 28 is_stmt 0 view .LVU39
 134 001c C361     		str	r3, [r0, #28]
  79:Core/Src/usart.c ****   if (HAL_UART_Init(&huart5) != HAL_OK)
 135              		.loc 1 79 3 is_stmt 1 view .LVU40
 136              		.loc 1 79 7 is_stmt 0 view .LVU41
 137 001e FFF7FEFF 		bl	HAL_UART_Init
 138              	.LVL2:
 139              		.loc 1 79 6 view .LVU42
 140 0022 00B9     		cbnz	r0, .L10
 141              	.L7:
  80:Core/Src/usart.c ****   {
  81:Core/Src/usart.c ****     Error_Handler();
  82:Core/Src/usart.c ****   }
  83:Core/Src/usart.c ****   /* USER CODE BEGIN UART5_Init 2 */
  84:Core/Src/usart.c **** 
  85:Core/Src/usart.c ****   /* USER CODE END UART5_Init 2 */
  86:Core/Src/usart.c **** 
  87:Core/Src/usart.c **** }
 142              		.loc 1 87 1 view .LVU43
 143 0024 08BD     		pop	{r3, pc}
ARM GAS  C:\Users\Admin\AppData\Local\Temp\ccFiUpfF.s 			page 5


 144              	.L10:
  81:Core/Src/usart.c ****   }
 145              		.loc 1 81 5 is_stmt 1 view .LVU44
 146 0026 FFF7FEFF 		bl	Error_Handler
 147              	.LVL3:
 148              		.loc 1 87 1 is_stmt 0 view .LVU45
 149 002a FBE7     		b	.L7
 150              	.L12:
 151              		.align	2
 152              	.L11:
 153 002c 00000000 		.word	.LANCHOR1
 154 0030 00500040 		.word	1073762304
 155              		.cfi_endproc
 156              	.LFE66:
 158              		.section	.text.MX_USART1_UART_Init,"ax",%progbits
 159              		.align	1
 160              		.global	MX_USART1_UART_Init
 161              		.syntax unified
 162              		.thumb
 163              		.thumb_func
 165              	MX_USART1_UART_Init:
 166              	.LFB67:
  88:Core/Src/usart.c **** /* USART1 init function */
  89:Core/Src/usart.c **** 
  90:Core/Src/usart.c **** void MX_USART1_UART_Init(void)
  91:Core/Src/usart.c **** {
 167              		.loc 1 91 1 is_stmt 1 view -0
 168              		.cfi_startproc
 169              		@ args = 0, pretend = 0, frame = 0
 170              		@ frame_needed = 0, uses_anonymous_args = 0
 171 0000 08B5     		push	{r3, lr}
 172              	.LCFI2:
 173              		.cfi_def_cfa_offset 8
 174              		.cfi_offset 3, -8
 175              		.cfi_offset 14, -4
  92:Core/Src/usart.c **** 
  93:Core/Src/usart.c ****   /* USER CODE BEGIN USART1_Init 0 */
  94:Core/Src/usart.c **** 
  95:Core/Src/usart.c ****   /* USER CODE END USART1_Init 0 */
  96:Core/Src/usart.c **** 
  97:Core/Src/usart.c ****   /* USER CODE BEGIN USART1_Init 1 */
  98:Core/Src/usart.c **** 
  99:Core/Src/usart.c ****   /* USER CODE END USART1_Init 1 */
 100:Core/Src/usart.c ****   huart1.Instance = USART1;
 176              		.loc 1 100 3 view .LVU47
 177              		.loc 1 100 19 is_stmt 0 view .LVU48
 178 0002 0A48     		ldr	r0, .L17
 179 0004 0A4B     		ldr	r3, .L17+4
 180 0006 0360     		str	r3, [r0]
 101:Core/Src/usart.c ****   huart1.Init.BaudRate = 115200;
 181              		.loc 1 101 3 is_stmt 1 view .LVU49
 182              		.loc 1 101 24 is_stmt 0 view .LVU50
 183 0008 4FF4E133 		mov	r3, #115200
 184 000c 4360     		str	r3, [r0, #4]
 102:Core/Src/usart.c ****   huart1.Init.WordLength = UART_WORDLENGTH_8B;
 185              		.loc 1 102 3 is_stmt 1 view .LVU51
 186              		.loc 1 102 26 is_stmt 0 view .LVU52
ARM GAS  C:\Users\Admin\AppData\Local\Temp\ccFiUpfF.s 			page 6


 187 000e 0023     		movs	r3, #0
 188 0010 8360     		str	r3, [r0, #8]
 103:Core/Src/usart.c ****   huart1.Init.StopBits = UART_STOPBITS_1;
 189              		.loc 1 103 3 is_stmt 1 view .LVU53
 190              		.loc 1 103 24 is_stmt 0 view .LVU54
 191 0012 C360     		str	r3, [r0, #12]
 104:Core/Src/usart.c ****   huart1.Init.Parity = UART_PARITY_NONE;
 192              		.loc 1 104 3 is_stmt 1 view .LVU55
 193              		.loc 1 104 22 is_stmt 0 view .LVU56
 194 0014 0361     		str	r3, [r0, #16]
 105:Core/Src/usart.c ****   huart1.Init.Mode = UART_MODE_TX_RX;
 195              		.loc 1 105 3 is_stmt 1 view .LVU57
 196              		.loc 1 105 20 is_stmt 0 view .LVU58
 197 0016 0C22     		movs	r2, #12
 198 0018 4261     		str	r2, [r0, #20]
 106:Core/Src/usart.c ****   huart1.Init.HwFlowCtl = UART_HWCONTROL_NONE;
 199              		.loc 1 106 3 is_stmt 1 view .LVU59
 200              		.loc 1 106 25 is_stmt 0 view .LVU60
 201 001a 8361     		str	r3, [r0, #24]
 107:Core/Src/usart.c ****   huart1.Init.OverSampling = UART_OVERSAMPLING_16;
 202              		.loc 1 107 3 is_stmt 1 view .LVU61
 203              		.loc 1 107 28 is_stmt 0 view .LVU62
 204 001c C361     		str	r3, [r0, #28]
 108:Core/Src/usart.c ****   if (HAL_UART_Init(&huart1) != HAL_OK)
 205              		.loc 1 108 3 is_stmt 1 view .LVU63
 206              		.loc 1 108 7 is_stmt 0 view .LVU64
 207 001e FFF7FEFF 		bl	HAL_UART_Init
 208              	.LVL4:
 209              		.loc 1 108 6 view .LVU65
 210 0022 00B9     		cbnz	r0, .L16
 211              	.L13:
 109:Core/Src/usart.c ****   {
 110:Core/Src/usart.c ****     Error_Handler();
 111:Core/Src/usart.c ****   }
 112:Core/Src/usart.c ****   /* USER CODE BEGIN USART1_Init 2 */
 113:Core/Src/usart.c **** 
 114:Core/Src/usart.c ****   /* USER CODE END USART1_Init 2 */
 115:Core/Src/usart.c **** 
 116:Core/Src/usart.c **** }
 212              		.loc 1 116 1 view .LVU66
 213 0024 08BD     		pop	{r3, pc}
 214              	.L16:
 110:Core/Src/usart.c ****   }
 215              		.loc 1 110 5 is_stmt 1 view .LVU67
 216 0026 FFF7FEFF 		bl	Error_Handler
 217              	.LVL5:
 218              		.loc 1 116 1 is_stmt 0 view .LVU68
 219 002a FBE7     		b	.L13
 220              	.L18:
 221              		.align	2
 222              	.L17:
 223 002c 00000000 		.word	.LANCHOR2
 224 0030 00380140 		.word	1073821696
 225              		.cfi_endproc
 226              	.LFE67:
 228              		.section	.text.MX_USART2_UART_Init,"ax",%progbits
 229              		.align	1
ARM GAS  C:\Users\Admin\AppData\Local\Temp\ccFiUpfF.s 			page 7


 230              		.global	MX_USART2_UART_Init
 231              		.syntax unified
 232              		.thumb
 233              		.thumb_func
 235              	MX_USART2_UART_Init:
 236              	.LFB68:
 117:Core/Src/usart.c **** /* USART2 init function */
 118:Core/Src/usart.c **** 
 119:Core/Src/usart.c **** void MX_USART2_UART_Init(void)
 120:Core/Src/usart.c **** {
 237              		.loc 1 120 1 is_stmt 1 view -0
 238              		.cfi_startproc
 239              		@ args = 0, pretend = 0, frame = 0
 240              		@ frame_needed = 0, uses_anonymous_args = 0
 241 0000 08B5     		push	{r3, lr}
 242              	.LCFI3:
 243              		.cfi_def_cfa_offset 8
 244              		.cfi_offset 3, -8
 245              		.cfi_offset 14, -4
 121:Core/Src/usart.c **** 
 122:Core/Src/usart.c ****   /* USER CODE BEGIN USART2_Init 0 */
 123:Core/Src/usart.c **** 
 124:Core/Src/usart.c ****   /* USER CODE END USART2_Init 0 */
 125:Core/Src/usart.c **** 
 126:Core/Src/usart.c ****   /* USER CODE BEGIN USART2_Init 1 */
 127:Core/Src/usart.c **** 
 128:Core/Src/usart.c ****   /* USER CODE END USART2_Init 1 */
 129:Core/Src/usart.c ****   huart2.Instance = USART2;
 246              		.loc 1 129 3 view .LVU70
 247              		.loc 1 129 19 is_stmt 0 view .LVU71
 248 0002 0A48     		ldr	r0, .L23
 249 0004 0A4B     		ldr	r3, .L23+4
 250 0006 0360     		str	r3, [r0]
 130:Core/Src/usart.c ****   huart2.Init.BaudRate = 9600;
 251              		.loc 1 130 3 is_stmt 1 view .LVU72
 252              		.loc 1 130 24 is_stmt 0 view .LVU73
 253 0008 4FF41653 		mov	r3, #9600
 254 000c 4360     		str	r3, [r0, #4]
 131:Core/Src/usart.c ****   huart2.Init.WordLength = UART_WORDLENGTH_8B;
 255              		.loc 1 131 3 is_stmt 1 view .LVU74
 256              		.loc 1 131 26 is_stmt 0 view .LVU75
 257 000e 0023     		movs	r3, #0
 258 0010 8360     		str	r3, [r0, #8]
 132:Core/Src/usart.c ****   huart2.Init.StopBits = UART_STOPBITS_1;
 259              		.loc 1 132 3 is_stmt 1 view .LVU76
 260              		.loc 1 132 24 is_stmt 0 view .LVU77
 261 0012 C360     		str	r3, [r0, #12]
 133:Core/Src/usart.c ****   huart2.Init.Parity = UART_PARITY_NONE;
 262              		.loc 1 133 3 is_stmt 1 view .LVU78
 263              		.loc 1 133 22 is_stmt 0 view .LVU79
 264 0014 0361     		str	r3, [r0, #16]
 134:Core/Src/usart.c ****   huart2.Init.Mode = UART_MODE_TX_RX;
 265              		.loc 1 134 3 is_stmt 1 view .LVU80
 266              		.loc 1 134 20 is_stmt 0 view .LVU81
 267 0016 0C22     		movs	r2, #12
 268 0018 4261     		str	r2, [r0, #20]
 135:Core/Src/usart.c ****   huart2.Init.HwFlowCtl = UART_HWCONTROL_NONE;
ARM GAS  C:\Users\Admin\AppData\Local\Temp\ccFiUpfF.s 			page 8


 269              		.loc 1 135 3 is_stmt 1 view .LVU82
 270              		.loc 1 135 25 is_stmt 0 view .LVU83
 271 001a 8361     		str	r3, [r0, #24]
 136:Core/Src/usart.c ****   huart2.Init.OverSampling = UART_OVERSAMPLING_16;
 272              		.loc 1 136 3 is_stmt 1 view .LVU84
 273              		.loc 1 136 28 is_stmt 0 view .LVU85
 274 001c C361     		str	r3, [r0, #28]
 137:Core/Src/usart.c ****   if (HAL_UART_Init(&huart2) != HAL_OK)
 275              		.loc 1 137 3 is_stmt 1 view .LVU86
 276              		.loc 1 137 7 is_stmt 0 view .LVU87
 277 001e FFF7FEFF 		bl	HAL_UART_Init
 278              	.LVL6:
 279              		.loc 1 137 6 view .LVU88
 280 0022 00B9     		cbnz	r0, .L22
 281              	.L19:
 138:Core/Src/usart.c ****   {
 139:Core/Src/usart.c ****     Error_Handler();
 140:Core/Src/usart.c ****   }
 141:Core/Src/usart.c ****   /* USER CODE BEGIN USART2_Init 2 */
 142:Core/Src/usart.c **** 
 143:Core/Src/usart.c ****   /* USER CODE END USART2_Init 2 */
 144:Core/Src/usart.c **** 
 145:Core/Src/usart.c **** }
 282              		.loc 1 145 1 view .LVU89
 283 0024 08BD     		pop	{r3, pc}
 284              	.L22:
 139:Core/Src/usart.c ****   }
 285              		.loc 1 139 5 is_stmt 1 view .LVU90
 286 0026 FFF7FEFF 		bl	Error_Handler
 287              	.LVL7:
 288              		.loc 1 145 1 is_stmt 0 view .LVU91
 289 002a FBE7     		b	.L19
 290              	.L24:
 291              		.align	2
 292              	.L23:
 293 002c 00000000 		.word	.LANCHOR3
 294 0030 00440040 		.word	1073759232
 295              		.cfi_endproc
 296              	.LFE68:
 298              		.section	.text.HAL_UART_MspInit,"ax",%progbits
 299              		.align	1
 300              		.global	HAL_UART_MspInit
 301              		.syntax unified
 302              		.thumb
 303              		.thumb_func
 305              	HAL_UART_MspInit:
 306              	.LVL8:
 307              	.LFB69:
 146:Core/Src/usart.c **** 
 147:Core/Src/usart.c **** void HAL_UART_MspInit(UART_HandleTypeDef* uartHandle)
 148:Core/Src/usart.c **** {
 308              		.loc 1 148 1 is_stmt 1 view -0
 309              		.cfi_startproc
 310              		@ args = 0, pretend = 0, frame = 56
 311              		@ frame_needed = 0, uses_anonymous_args = 0
 312              		.loc 1 148 1 is_stmt 0 view .LVU93
 313 0000 30B5     		push	{r4, r5, lr}
ARM GAS  C:\Users\Admin\AppData\Local\Temp\ccFiUpfF.s 			page 9


 314              	.LCFI4:
 315              		.cfi_def_cfa_offset 12
 316              		.cfi_offset 4, -12
 317              		.cfi_offset 5, -8
 318              		.cfi_offset 14, -4
 319 0002 8FB0     		sub	sp, sp, #60
 320              	.LCFI5:
 321              		.cfi_def_cfa_offset 72
 149:Core/Src/usart.c **** 
 150:Core/Src/usart.c ****   GPIO_InitTypeDef GPIO_InitStruct = {0};
 322              		.loc 1 150 3 is_stmt 1 view .LVU94
 323              		.loc 1 150 20 is_stmt 0 view .LVU95
 324 0004 0023     		movs	r3, #0
 325 0006 0A93     		str	r3, [sp, #40]
 326 0008 0B93     		str	r3, [sp, #44]
 327 000a 0C93     		str	r3, [sp, #48]
 328 000c 0D93     		str	r3, [sp, #52]
 151:Core/Src/usart.c ****   if(uartHandle->Instance==UART4)
 329              		.loc 1 151 3 is_stmt 1 view .LVU96
 330              		.loc 1 151 16 is_stmt 0 view .LVU97
 331 000e 0368     		ldr	r3, [r0]
 332              		.loc 1 151 5 view .LVU98
 333 0010 614A     		ldr	r2, .L35
 334 0012 9342     		cmp	r3, r2
 335 0014 0BD0     		beq	.L31
 152:Core/Src/usart.c ****   {
 153:Core/Src/usart.c ****   /* USER CODE BEGIN UART4_MspInit 0 */
 154:Core/Src/usart.c **** 
 155:Core/Src/usart.c ****   /* USER CODE END UART4_MspInit 0 */
 156:Core/Src/usart.c ****     /* UART4 clock enable */
 157:Core/Src/usart.c ****     __HAL_RCC_UART4_CLK_ENABLE();
 158:Core/Src/usart.c **** 
 159:Core/Src/usart.c ****     __HAL_RCC_GPIOC_CLK_ENABLE();
 160:Core/Src/usart.c ****     /**UART4 GPIO Configuration
 161:Core/Src/usart.c ****     PC10     ------> UART4_TX
 162:Core/Src/usart.c ****     PC11     ------> UART4_RX
 163:Core/Src/usart.c ****     */
 164:Core/Src/usart.c ****     GPIO_InitStruct.Pin = GNSS_TX_Pin;
 165:Core/Src/usart.c ****     GPIO_InitStruct.Mode = GPIO_MODE_AF_PP;
 166:Core/Src/usart.c ****     GPIO_InitStruct.Speed = GPIO_SPEED_FREQ_HIGH;
 167:Core/Src/usart.c ****     HAL_GPIO_Init(GNSS_TX_GPIO_Port, &GPIO_InitStruct);
 168:Core/Src/usart.c **** 
 169:Core/Src/usart.c ****     GPIO_InitStruct.Pin = GNSS_RX_Pin;
 170:Core/Src/usart.c ****     GPIO_InitStruct.Mode = GPIO_MODE_INPUT;
 171:Core/Src/usart.c ****     GPIO_InitStruct.Pull = GPIO_NOPULL;
 172:Core/Src/usart.c ****     HAL_GPIO_Init(GNSS_RX_GPIO_Port, &GPIO_InitStruct);
 173:Core/Src/usart.c **** 
 174:Core/Src/usart.c ****   /* USER CODE BEGIN UART4_MspInit 1 */
 175:Core/Src/usart.c **** 
 176:Core/Src/usart.c ****   /* USER CODE END UART4_MspInit 1 */
 177:Core/Src/usart.c ****   }
 178:Core/Src/usart.c ****   else if(uartHandle->Instance==UART5)
 336              		.loc 1 178 8 is_stmt 1 view .LVU99
 337              		.loc 1 178 10 is_stmt 0 view .LVU100
 338 0016 614A     		ldr	r2, .L35+4
 339 0018 9342     		cmp	r3, r2
 340 001a 32D0     		beq	.L32
ARM GAS  C:\Users\Admin\AppData\Local\Temp\ccFiUpfF.s 			page 10


 179:Core/Src/usart.c ****   {
 180:Core/Src/usart.c ****   /* USER CODE BEGIN UART5_MspInit 0 */
 181:Core/Src/usart.c **** 
 182:Core/Src/usart.c ****   /* USER CODE END UART5_MspInit 0 */
 183:Core/Src/usart.c ****     /* UART5 clock enable */
 184:Core/Src/usart.c ****     __HAL_RCC_UART5_CLK_ENABLE();
 185:Core/Src/usart.c **** 
 186:Core/Src/usart.c ****     __HAL_RCC_GPIOC_CLK_ENABLE();
 187:Core/Src/usart.c ****     __HAL_RCC_GPIOD_CLK_ENABLE();
 188:Core/Src/usart.c ****     /**UART5 GPIO Configuration
 189:Core/Src/usart.c ****     PC12     ------> UART5_TX
 190:Core/Src/usart.c ****     PD2     ------> UART5_RX
 191:Core/Src/usart.c ****     */
 192:Core/Src/usart.c ****     GPIO_InitStruct.Pin = DEBUG_TX_Pin;
 193:Core/Src/usart.c ****     GPIO_InitStruct.Mode = GPIO_MODE_AF_PP;
 194:Core/Src/usart.c ****     GPIO_InitStruct.Speed = GPIO_SPEED_FREQ_HIGH;
 195:Core/Src/usart.c ****     HAL_GPIO_Init(DEBUG_TX_GPIO_Port, &GPIO_InitStruct);
 196:Core/Src/usart.c **** 
 197:Core/Src/usart.c ****     GPIO_InitStruct.Pin = DEBUG_RX_Pin;
 198:Core/Src/usart.c ****     GPIO_InitStruct.Mode = GPIO_MODE_INPUT;
 199:Core/Src/usart.c ****     GPIO_InitStruct.Pull = GPIO_NOPULL;
 200:Core/Src/usart.c ****     HAL_GPIO_Init(DEBUG_RX_GPIO_Port, &GPIO_InitStruct);
 201:Core/Src/usart.c **** 
 202:Core/Src/usart.c ****   /* USER CODE BEGIN UART5_MspInit 1 */
 203:Core/Src/usart.c **** 
 204:Core/Src/usart.c ****   /* USER CODE END UART5_MspInit 1 */
 205:Core/Src/usart.c ****   }
 206:Core/Src/usart.c ****   else if(uartHandle->Instance==USART1)
 341              		.loc 1 206 8 is_stmt 1 view .LVU101
 342              		.loc 1 206 10 is_stmt 0 view .LVU102
 343 001c 604A     		ldr	r2, .L35+8
 344 001e 9342     		cmp	r3, r2
 345 0020 60D0     		beq	.L33
 207:Core/Src/usart.c ****   {
 208:Core/Src/usart.c ****   /* USER CODE BEGIN USART1_MspInit 0 */
 209:Core/Src/usart.c **** 
 210:Core/Src/usart.c ****   /* USER CODE END USART1_MspInit 0 */
 211:Core/Src/usart.c ****     /* USART1 clock enable */
 212:Core/Src/usart.c ****     __HAL_RCC_USART1_CLK_ENABLE();
 213:Core/Src/usart.c **** 
 214:Core/Src/usart.c ****     __HAL_RCC_GPIOA_CLK_ENABLE();
 215:Core/Src/usart.c ****     /**USART1 GPIO Configuration
 216:Core/Src/usart.c ****     PA9     ------> USART1_TX
 217:Core/Src/usart.c ****     PA10     ------> USART1_RX
 218:Core/Src/usart.c ****     */
 219:Core/Src/usart.c ****     GPIO_InitStruct.Pin = SIM_TX_Pin;
 220:Core/Src/usart.c ****     GPIO_InitStruct.Mode = GPIO_MODE_AF_PP;
 221:Core/Src/usart.c ****     GPIO_InitStruct.Speed = GPIO_SPEED_FREQ_HIGH;
 222:Core/Src/usart.c ****     HAL_GPIO_Init(SIM_TX_GPIO_Port, &GPIO_InitStruct);
 223:Core/Src/usart.c **** 
 224:Core/Src/usart.c ****     GPIO_InitStruct.Pin = SIM_RX_Pin;
 225:Core/Src/usart.c ****     GPIO_InitStruct.Mode = GPIO_MODE_INPUT;
 226:Core/Src/usart.c ****     GPIO_InitStruct.Pull = GPIO_NOPULL;
 227:Core/Src/usart.c ****     HAL_GPIO_Init(SIM_RX_GPIO_Port, &GPIO_InitStruct);
 228:Core/Src/usart.c **** 
 229:Core/Src/usart.c ****     /* USART1 interrupt Init */
 230:Core/Src/usart.c ****     HAL_NVIC_SetPriority(USART1_IRQn, 0, 0);
ARM GAS  C:\Users\Admin\AppData\Local\Temp\ccFiUpfF.s 			page 11


 231:Core/Src/usart.c ****     HAL_NVIC_EnableIRQ(USART1_IRQn);
 232:Core/Src/usart.c ****   /* USER CODE BEGIN USART1_MspInit 1 */
 233:Core/Src/usart.c **** 
 234:Core/Src/usart.c ****   /* USER CODE END USART1_MspInit 1 */
 235:Core/Src/usart.c ****   }
 236:Core/Src/usart.c ****   else if(uartHandle->Instance==USART2)
 346              		.loc 1 236 8 is_stmt 1 view .LVU103
 347              		.loc 1 236 10 is_stmt 0 view .LVU104
 348 0022 604A     		ldr	r2, .L35+12
 349 0024 9342     		cmp	r3, r2
 350 0026 00F08F80 		beq	.L34
 351              	.LVL9:
 352              	.L25:
 237:Core/Src/usart.c ****   {
 238:Core/Src/usart.c ****   /* USER CODE BEGIN USART2_MspInit 0 */
 239:Core/Src/usart.c **** 
 240:Core/Src/usart.c ****   /* USER CODE END USART2_MspInit 0 */
 241:Core/Src/usart.c ****     /* USART2 clock enable */
 242:Core/Src/usart.c ****     __HAL_RCC_USART2_CLK_ENABLE();
 243:Core/Src/usart.c **** 
 244:Core/Src/usart.c ****     __HAL_RCC_GPIOA_CLK_ENABLE();
 245:Core/Src/usart.c ****     /**USART2 GPIO Configuration
 246:Core/Src/usart.c ****     PA2     ------> USART2_TX
 247:Core/Src/usart.c ****     PA3     ------> USART2_RX
 248:Core/Src/usart.c ****     */
 249:Core/Src/usart.c ****     GPIO_InitStruct.Pin = RS232_TX_Pin;
 250:Core/Src/usart.c ****     GPIO_InitStruct.Mode = GPIO_MODE_AF_PP;
 251:Core/Src/usart.c ****     GPIO_InitStruct.Speed = GPIO_SPEED_FREQ_HIGH;
 252:Core/Src/usart.c ****     HAL_GPIO_Init(RS232_TX_GPIO_Port, &GPIO_InitStruct);
 253:Core/Src/usart.c **** 
 254:Core/Src/usart.c ****     GPIO_InitStruct.Pin = RS232_RX_Pin;
 255:Core/Src/usart.c ****     GPIO_InitStruct.Mode = GPIO_MODE_INPUT;
 256:Core/Src/usart.c ****     GPIO_InitStruct.Pull = GPIO_NOPULL;
 257:Core/Src/usart.c ****     HAL_GPIO_Init(RS232_RX_GPIO_Port, &GPIO_InitStruct);
 258:Core/Src/usart.c **** 
 259:Core/Src/usart.c ****   /* USER CODE BEGIN USART2_MspInit 1 */
 260:Core/Src/usart.c **** 
 261:Core/Src/usart.c ****   /* USER CODE END USART2_MspInit 1 */
 262:Core/Src/usart.c ****   }
 263:Core/Src/usart.c **** }
 353              		.loc 1 263 1 view .LVU105
 354 002a 0FB0     		add	sp, sp, #60
 355              	.LCFI6:
 356              		.cfi_remember_state
 357              		.cfi_def_cfa_offset 12
 358              		@ sp needed
 359 002c 30BD     		pop	{r4, r5, pc}
 360              	.LVL10:
 361              	.L31:
 362              	.LCFI7:
 363              		.cfi_restore_state
 157:Core/Src/usart.c **** 
 364              		.loc 1 157 5 is_stmt 1 view .LVU106
 365              	.LBB2:
 157:Core/Src/usart.c **** 
 366              		.loc 1 157 5 view .LVU107
 157:Core/Src/usart.c **** 
ARM GAS  C:\Users\Admin\AppData\Local\Temp\ccFiUpfF.s 			page 12


 367              		.loc 1 157 5 view .LVU108
 368 002e 5E4B     		ldr	r3, .L35+16
 369 0030 DA69     		ldr	r2, [r3, #28]
 370 0032 42F40022 		orr	r2, r2, #524288
 371 0036 DA61     		str	r2, [r3, #28]
 157:Core/Src/usart.c **** 
 372              		.loc 1 157 5 view .LVU109
 373 0038 DA69     		ldr	r2, [r3, #28]
 374 003a 02F40022 		and	r2, r2, #524288
 375 003e 0192     		str	r2, [sp, #4]
 157:Core/Src/usart.c **** 
 376              		.loc 1 157 5 view .LVU110
 377 0040 019A     		ldr	r2, [sp, #4]
 378              	.LBE2:
 157:Core/Src/usart.c **** 
 379              		.loc 1 157 5 view .LVU111
 159:Core/Src/usart.c ****     /**UART4 GPIO Configuration
 380              		.loc 1 159 5 view .LVU112
 381              	.LBB3:
 159:Core/Src/usart.c ****     /**UART4 GPIO Configuration
 382              		.loc 1 159 5 view .LVU113
 159:Core/Src/usart.c ****     /**UART4 GPIO Configuration
 383              		.loc 1 159 5 view .LVU114
 384 0042 9A69     		ldr	r2, [r3, #24]
 385 0044 42F01002 		orr	r2, r2, #16
 386 0048 9A61     		str	r2, [r3, #24]
 159:Core/Src/usart.c ****     /**UART4 GPIO Configuration
 387              		.loc 1 159 5 view .LVU115
 388 004a 9B69     		ldr	r3, [r3, #24]
 389 004c 03F01003 		and	r3, r3, #16
 390 0050 0293     		str	r3, [sp, #8]
 159:Core/Src/usart.c ****     /**UART4 GPIO Configuration
 391              		.loc 1 159 5 view .LVU116
 392 0052 029B     		ldr	r3, [sp, #8]
 393              	.LBE3:
 159:Core/Src/usart.c ****     /**UART4 GPIO Configuration
 394              		.loc 1 159 5 view .LVU117
 164:Core/Src/usart.c ****     GPIO_InitStruct.Mode = GPIO_MODE_AF_PP;
 395              		.loc 1 164 5 view .LVU118
 164:Core/Src/usart.c ****     GPIO_InitStruct.Mode = GPIO_MODE_AF_PP;
 396              		.loc 1 164 25 is_stmt 0 view .LVU119
 397 0054 4FF48063 		mov	r3, #1024
 398 0058 0A93     		str	r3, [sp, #40]
 165:Core/Src/usart.c ****     GPIO_InitStruct.Speed = GPIO_SPEED_FREQ_HIGH;
 399              		.loc 1 165 5 is_stmt 1 view .LVU120
 165:Core/Src/usart.c ****     GPIO_InitStruct.Speed = GPIO_SPEED_FREQ_HIGH;
 400              		.loc 1 165 26 is_stmt 0 view .LVU121
 401 005a 0223     		movs	r3, #2
 402 005c 0B93     		str	r3, [sp, #44]
 166:Core/Src/usart.c ****     HAL_GPIO_Init(GNSS_TX_GPIO_Port, &GPIO_InitStruct);
 403              		.loc 1 166 5 is_stmt 1 view .LVU122
 166:Core/Src/usart.c ****     HAL_GPIO_Init(GNSS_TX_GPIO_Port, &GPIO_InitStruct);
 404              		.loc 1 166 27 is_stmt 0 view .LVU123
 405 005e 0323     		movs	r3, #3
 406 0060 0D93     		str	r3, [sp, #52]
 167:Core/Src/usart.c **** 
 407              		.loc 1 167 5 is_stmt 1 view .LVU124
ARM GAS  C:\Users\Admin\AppData\Local\Temp\ccFiUpfF.s 			page 13


 408 0062 524C     		ldr	r4, .L35+20
 409 0064 0AA9     		add	r1, sp, #40
 410 0066 2046     		mov	r0, r4
 411              	.LVL11:
 167:Core/Src/usart.c **** 
 412              		.loc 1 167 5 is_stmt 0 view .LVU125
 413 0068 FFF7FEFF 		bl	HAL_GPIO_Init
 414              	.LVL12:
 169:Core/Src/usart.c ****     GPIO_InitStruct.Mode = GPIO_MODE_INPUT;
 415              		.loc 1 169 5 is_stmt 1 view .LVU126
 169:Core/Src/usart.c ****     GPIO_InitStruct.Mode = GPIO_MODE_INPUT;
 416              		.loc 1 169 25 is_stmt 0 view .LVU127
 417 006c 4FF40063 		mov	r3, #2048
 418 0070 0A93     		str	r3, [sp, #40]
 170:Core/Src/usart.c ****     GPIO_InitStruct.Pull = GPIO_NOPULL;
 419              		.loc 1 170 5 is_stmt 1 view .LVU128
 170:Core/Src/usart.c ****     GPIO_InitStruct.Pull = GPIO_NOPULL;
 420              		.loc 1 170 26 is_stmt 0 view .LVU129
 421 0072 0023     		movs	r3, #0
 422 0074 0B93     		str	r3, [sp, #44]
 171:Core/Src/usart.c ****     HAL_GPIO_Init(GNSS_RX_GPIO_Port, &GPIO_InitStruct);
 423              		.loc 1 171 5 is_stmt 1 view .LVU130
 171:Core/Src/usart.c ****     HAL_GPIO_Init(GNSS_RX_GPIO_Port, &GPIO_InitStruct);
 424              		.loc 1 171 26 is_stmt 0 view .LVU131
 425 0076 0C93     		str	r3, [sp, #48]
 172:Core/Src/usart.c **** 
 426              		.loc 1 172 5 is_stmt 1 view .LVU132
 427 0078 0AA9     		add	r1, sp, #40
 428 007a 2046     		mov	r0, r4
 429 007c FFF7FEFF 		bl	HAL_GPIO_Init
 430              	.LVL13:
 431 0080 D3E7     		b	.L25
 432              	.LVL14:
 433              	.L32:
 184:Core/Src/usart.c **** 
 434              		.loc 1 184 5 view .LVU133
 435              	.LBB4:
 184:Core/Src/usart.c **** 
 436              		.loc 1 184 5 view .LVU134
 184:Core/Src/usart.c **** 
 437              		.loc 1 184 5 view .LVU135
 438 0082 494B     		ldr	r3, .L35+16
 439 0084 DA69     		ldr	r2, [r3, #28]
 440 0086 42F48012 		orr	r2, r2, #1048576
 441 008a DA61     		str	r2, [r3, #28]
 184:Core/Src/usart.c **** 
 442              		.loc 1 184 5 view .LVU136
 443 008c DA69     		ldr	r2, [r3, #28]
 444 008e 02F48012 		and	r2, r2, #1048576
 445 0092 0392     		str	r2, [sp, #12]
 184:Core/Src/usart.c **** 
 446              		.loc 1 184 5 view .LVU137
 447 0094 039A     		ldr	r2, [sp, #12]
 448              	.LBE4:
 184:Core/Src/usart.c **** 
 449              		.loc 1 184 5 view .LVU138
 186:Core/Src/usart.c ****     __HAL_RCC_GPIOD_CLK_ENABLE();
ARM GAS  C:\Users\Admin\AppData\Local\Temp\ccFiUpfF.s 			page 14


 450              		.loc 1 186 5 view .LVU139
 451              	.LBB5:
 186:Core/Src/usart.c ****     __HAL_RCC_GPIOD_CLK_ENABLE();
 452              		.loc 1 186 5 view .LVU140
 186:Core/Src/usart.c ****     __HAL_RCC_GPIOD_CLK_ENABLE();
 453              		.loc 1 186 5 view .LVU141
 454 0096 9A69     		ldr	r2, [r3, #24]
 455 0098 42F01002 		orr	r2, r2, #16
 456 009c 9A61     		str	r2, [r3, #24]
 186:Core/Src/usart.c ****     __HAL_RCC_GPIOD_CLK_ENABLE();
 457              		.loc 1 186 5 view .LVU142
 458 009e 9A69     		ldr	r2, [r3, #24]
 459 00a0 02F01002 		and	r2, r2, #16
 460 00a4 0492     		str	r2, [sp, #16]
 186:Core/Src/usart.c ****     __HAL_RCC_GPIOD_CLK_ENABLE();
 461              		.loc 1 186 5 view .LVU143
 462 00a6 049A     		ldr	r2, [sp, #16]
 463              	.LBE5:
 186:Core/Src/usart.c ****     __HAL_RCC_GPIOD_CLK_ENABLE();
 464              		.loc 1 186 5 view .LVU144
 187:Core/Src/usart.c ****     /**UART5 GPIO Configuration
 465              		.loc 1 187 5 view .LVU145
 466              	.LBB6:
 187:Core/Src/usart.c ****     /**UART5 GPIO Configuration
 467              		.loc 1 187 5 view .LVU146
 187:Core/Src/usart.c ****     /**UART5 GPIO Configuration
 468              		.loc 1 187 5 view .LVU147
 469 00a8 9A69     		ldr	r2, [r3, #24]
 470 00aa 42F02002 		orr	r2, r2, #32
 471 00ae 9A61     		str	r2, [r3, #24]
 187:Core/Src/usart.c ****     /**UART5 GPIO Configuration
 472              		.loc 1 187 5 view .LVU148
 473 00b0 9B69     		ldr	r3, [r3, #24]
 474 00b2 03F02003 		and	r3, r3, #32
 475 00b6 0593     		str	r3, [sp, #20]
 187:Core/Src/usart.c ****     /**UART5 GPIO Configuration
 476              		.loc 1 187 5 view .LVU149
 477 00b8 059B     		ldr	r3, [sp, #20]
 478              	.LBE6:
 187:Core/Src/usart.c ****     /**UART5 GPIO Configuration
 479              		.loc 1 187 5 view .LVU150
 192:Core/Src/usart.c ****     GPIO_InitStruct.Mode = GPIO_MODE_AF_PP;
 480              		.loc 1 192 5 view .LVU151
 192:Core/Src/usart.c ****     GPIO_InitStruct.Mode = GPIO_MODE_AF_PP;
 481              		.loc 1 192 25 is_stmt 0 view .LVU152
 482 00ba 4FF48053 		mov	r3, #4096
 483 00be 0A93     		str	r3, [sp, #40]
 193:Core/Src/usart.c ****     GPIO_InitStruct.Speed = GPIO_SPEED_FREQ_HIGH;
 484              		.loc 1 193 5 is_stmt 1 view .LVU153
 193:Core/Src/usart.c ****     GPIO_InitStruct.Speed = GPIO_SPEED_FREQ_HIGH;
 485              		.loc 1 193 26 is_stmt 0 view .LVU154
 486 00c0 0223     		movs	r3, #2
 487 00c2 0B93     		str	r3, [sp, #44]
 194:Core/Src/usart.c ****     HAL_GPIO_Init(DEBUG_TX_GPIO_Port, &GPIO_InitStruct);
 488              		.loc 1 194 5 is_stmt 1 view .LVU155
 194:Core/Src/usart.c ****     HAL_GPIO_Init(DEBUG_TX_GPIO_Port, &GPIO_InitStruct);
 489              		.loc 1 194 27 is_stmt 0 view .LVU156
ARM GAS  C:\Users\Admin\AppData\Local\Temp\ccFiUpfF.s 			page 15


 490 00c4 0323     		movs	r3, #3
 491 00c6 0D93     		str	r3, [sp, #52]
 195:Core/Src/usart.c **** 
 492              		.loc 1 195 5 is_stmt 1 view .LVU157
 493 00c8 0AA9     		add	r1, sp, #40
 494 00ca 3848     		ldr	r0, .L35+20
 495              	.LVL15:
 195:Core/Src/usart.c **** 
 496              		.loc 1 195 5 is_stmt 0 view .LVU158
 497 00cc FFF7FEFF 		bl	HAL_GPIO_Init
 498              	.LVL16:
 197:Core/Src/usart.c ****     GPIO_InitStruct.Mode = GPIO_MODE_INPUT;
 499              		.loc 1 197 5 is_stmt 1 view .LVU159
 197:Core/Src/usart.c ****     GPIO_InitStruct.Mode = GPIO_MODE_INPUT;
 500              		.loc 1 197 25 is_stmt 0 view .LVU160
 501 00d0 0423     		movs	r3, #4
 502 00d2 0A93     		str	r3, [sp, #40]
 198:Core/Src/usart.c ****     GPIO_InitStruct.Pull = GPIO_NOPULL;
 503              		.loc 1 198 5 is_stmt 1 view .LVU161
 198:Core/Src/usart.c ****     GPIO_InitStruct.Pull = GPIO_NOPULL;
 504              		.loc 1 198 26 is_stmt 0 view .LVU162
 505 00d4 0023     		movs	r3, #0
 506 00d6 0B93     		str	r3, [sp, #44]
 199:Core/Src/usart.c ****     HAL_GPIO_Init(DEBUG_RX_GPIO_Port, &GPIO_InitStruct);
 507              		.loc 1 199 5 is_stmt 1 view .LVU163
 199:Core/Src/usart.c ****     HAL_GPIO_Init(DEBUG_RX_GPIO_Port, &GPIO_InitStruct);
 508              		.loc 1 199 26 is_stmt 0 view .LVU164
 509 00d8 0C93     		str	r3, [sp, #48]
 200:Core/Src/usart.c **** 
 510              		.loc 1 200 5 is_stmt 1 view .LVU165
 511 00da 0AA9     		add	r1, sp, #40
 512 00dc 3448     		ldr	r0, .L35+24
 513 00de FFF7FEFF 		bl	HAL_GPIO_Init
 514              	.LVL17:
 515 00e2 A2E7     		b	.L25
 516              	.LVL18:
 517              	.L33:
 212:Core/Src/usart.c **** 
 518              		.loc 1 212 5 view .LVU166
 519              	.LBB7:
 212:Core/Src/usart.c **** 
 520              		.loc 1 212 5 view .LVU167
 212:Core/Src/usart.c **** 
 521              		.loc 1 212 5 view .LVU168
 522 00e4 304B     		ldr	r3, .L35+16
 523 00e6 9A69     		ldr	r2, [r3, #24]
 524 00e8 42F48042 		orr	r2, r2, #16384
 525 00ec 9A61     		str	r2, [r3, #24]
 212:Core/Src/usart.c **** 
 526              		.loc 1 212 5 view .LVU169
 527 00ee 9A69     		ldr	r2, [r3, #24]
 528 00f0 02F48042 		and	r2, r2, #16384
 529 00f4 0692     		str	r2, [sp, #24]
 212:Core/Src/usart.c **** 
 530              		.loc 1 212 5 view .LVU170
 531 00f6 069A     		ldr	r2, [sp, #24]
 532              	.LBE7:
ARM GAS  C:\Users\Admin\AppData\Local\Temp\ccFiUpfF.s 			page 16


 212:Core/Src/usart.c **** 
 533              		.loc 1 212 5 view .LVU171
 214:Core/Src/usart.c ****     /**USART1 GPIO Configuration
 534              		.loc 1 214 5 view .LVU172
 535              	.LBB8:
 214:Core/Src/usart.c ****     /**USART1 GPIO Configuration
 536              		.loc 1 214 5 view .LVU173
 214:Core/Src/usart.c ****     /**USART1 GPIO Configuration
 537              		.loc 1 214 5 view .LVU174
 538 00f8 9A69     		ldr	r2, [r3, #24]
 539 00fa 42F00402 		orr	r2, r2, #4
 540 00fe 9A61     		str	r2, [r3, #24]
 214:Core/Src/usart.c ****     /**USART1 GPIO Configuration
 541              		.loc 1 214 5 view .LVU175
 542 0100 9B69     		ldr	r3, [r3, #24]
 543 0102 03F00403 		and	r3, r3, #4
 544 0106 0793     		str	r3, [sp, #28]
 214:Core/Src/usart.c ****     /**USART1 GPIO Configuration
 545              		.loc 1 214 5 view .LVU176
 546 0108 079B     		ldr	r3, [sp, #28]
 547              	.LBE8:
 214:Core/Src/usart.c ****     /**USART1 GPIO Configuration
 548              		.loc 1 214 5 view .LVU177
 219:Core/Src/usart.c ****     GPIO_InitStruct.Mode = GPIO_MODE_AF_PP;
 549              		.loc 1 219 5 view .LVU178
 219:Core/Src/usart.c ****     GPIO_InitStruct.Mode = GPIO_MODE_AF_PP;
 550              		.loc 1 219 25 is_stmt 0 view .LVU179
 551 010a 4FF40073 		mov	r3, #512
 552 010e 0A93     		str	r3, [sp, #40]
 220:Core/Src/usart.c ****     GPIO_InitStruct.Speed = GPIO_SPEED_FREQ_HIGH;
 553              		.loc 1 220 5 is_stmt 1 view .LVU180
 220:Core/Src/usart.c ****     GPIO_InitStruct.Speed = GPIO_SPEED_FREQ_HIGH;
 554              		.loc 1 220 26 is_stmt 0 view .LVU181
 555 0110 0223     		movs	r3, #2
 556 0112 0B93     		str	r3, [sp, #44]
 221:Core/Src/usart.c ****     HAL_GPIO_Init(SIM_TX_GPIO_Port, &GPIO_InitStruct);
 557              		.loc 1 221 5 is_stmt 1 view .LVU182
 221:Core/Src/usart.c ****     HAL_GPIO_Init(SIM_TX_GPIO_Port, &GPIO_InitStruct);
 558              		.loc 1 221 27 is_stmt 0 view .LVU183
 559 0114 0323     		movs	r3, #3
 560 0116 0D93     		str	r3, [sp, #52]
 222:Core/Src/usart.c **** 
 561              		.loc 1 222 5 is_stmt 1 view .LVU184
 562 0118 264D     		ldr	r5, .L35+28
 563 011a 0AA9     		add	r1, sp, #40
 564 011c 2846     		mov	r0, r5
 565              	.LVL19:
 222:Core/Src/usart.c **** 
 566              		.loc 1 222 5 is_stmt 0 view .LVU185
 567 011e FFF7FEFF 		bl	HAL_GPIO_Init
 568              	.LVL20:
 224:Core/Src/usart.c ****     GPIO_InitStruct.Mode = GPIO_MODE_INPUT;
 569              		.loc 1 224 5 is_stmt 1 view .LVU186
 224:Core/Src/usart.c ****     GPIO_InitStruct.Mode = GPIO_MODE_INPUT;
 570              		.loc 1 224 25 is_stmt 0 view .LVU187
 571 0122 4FF48063 		mov	r3, #1024
 572 0126 0A93     		str	r3, [sp, #40]
ARM GAS  C:\Users\Admin\AppData\Local\Temp\ccFiUpfF.s 			page 17


 225:Core/Src/usart.c ****     GPIO_InitStruct.Pull = GPIO_NOPULL;
 573              		.loc 1 225 5 is_stmt 1 view .LVU188
 225:Core/Src/usart.c ****     GPIO_InitStruct.Pull = GPIO_NOPULL;
 574              		.loc 1 225 26 is_stmt 0 view .LVU189
 575 0128 0024     		movs	r4, #0
 576 012a 0B94     		str	r4, [sp, #44]
 226:Core/Src/usart.c ****     HAL_GPIO_Init(SIM_RX_GPIO_Port, &GPIO_InitStruct);
 577              		.loc 1 226 5 is_stmt 1 view .LVU190
 226:Core/Src/usart.c ****     HAL_GPIO_Init(SIM_RX_GPIO_Port, &GPIO_InitStruct);
 578              		.loc 1 226 26 is_stmt 0 view .LVU191
 579 012c 0C94     		str	r4, [sp, #48]
 227:Core/Src/usart.c **** 
 580              		.loc 1 227 5 is_stmt 1 view .LVU192
 581 012e 0AA9     		add	r1, sp, #40
 582 0130 2846     		mov	r0, r5
 583 0132 FFF7FEFF 		bl	HAL_GPIO_Init
 584              	.LVL21:
 230:Core/Src/usart.c ****     HAL_NVIC_EnableIRQ(USART1_IRQn);
 585              		.loc 1 230 5 view .LVU193
 586 0136 2246     		mov	r2, r4
 587 0138 2146     		mov	r1, r4
 588 013a 2520     		movs	r0, #37
 589 013c FFF7FEFF 		bl	HAL_NVIC_SetPriority
 590              	.LVL22:
 231:Core/Src/usart.c ****   /* USER CODE BEGIN USART1_MspInit 1 */
 591              		.loc 1 231 5 view .LVU194
 592 0140 2520     		movs	r0, #37
 593 0142 FFF7FEFF 		bl	HAL_NVIC_EnableIRQ
 594              	.LVL23:
 595 0146 70E7     		b	.L25
 596              	.LVL24:
 597              	.L34:
 242:Core/Src/usart.c **** 
 598              		.loc 1 242 5 view .LVU195
 599              	.LBB9:
 242:Core/Src/usart.c **** 
 600              		.loc 1 242 5 view .LVU196
 242:Core/Src/usart.c **** 
 601              		.loc 1 242 5 view .LVU197
 602 0148 174B     		ldr	r3, .L35+16
 603 014a DA69     		ldr	r2, [r3, #28]
 604 014c 42F40032 		orr	r2, r2, #131072
 605 0150 DA61     		str	r2, [r3, #28]
 242:Core/Src/usart.c **** 
 606              		.loc 1 242 5 view .LVU198
 607 0152 DA69     		ldr	r2, [r3, #28]
 608 0154 02F40032 		and	r2, r2, #131072
 609 0158 0892     		str	r2, [sp, #32]
 242:Core/Src/usart.c **** 
 610              		.loc 1 242 5 view .LVU199
 611 015a 089A     		ldr	r2, [sp, #32]
 612              	.LBE9:
 242:Core/Src/usart.c **** 
 613              		.loc 1 242 5 view .LVU200
 244:Core/Src/usart.c ****     /**USART2 GPIO Configuration
 614              		.loc 1 244 5 view .LVU201
 615              	.LBB10:
ARM GAS  C:\Users\Admin\AppData\Local\Temp\ccFiUpfF.s 			page 18


 244:Core/Src/usart.c ****     /**USART2 GPIO Configuration
 616              		.loc 1 244 5 view .LVU202
 244:Core/Src/usart.c ****     /**USART2 GPIO Configuration
 617              		.loc 1 244 5 view .LVU203
 618 015c 9A69     		ldr	r2, [r3, #24]
 619 015e 42F00402 		orr	r2, r2, #4
 620 0162 9A61     		str	r2, [r3, #24]
 244:Core/Src/usart.c ****     /**USART2 GPIO Configuration
 621              		.loc 1 244 5 view .LVU204
 622 0164 9B69     		ldr	r3, [r3, #24]
 623 0166 03F00403 		and	r3, r3, #4
 624 016a 0993     		str	r3, [sp, #36]
 244:Core/Src/usart.c ****     /**USART2 GPIO Configuration
 625              		.loc 1 244 5 view .LVU205
 626 016c 099B     		ldr	r3, [sp, #36]
 627              	.LBE10:
 244:Core/Src/usart.c ****     /**USART2 GPIO Configuration
 628              		.loc 1 244 5 view .LVU206
 249:Core/Src/usart.c ****     GPIO_InitStruct.Mode = GPIO_MODE_AF_PP;
 629              		.loc 1 249 5 view .LVU207
 249:Core/Src/usart.c ****     GPIO_InitStruct.Mode = GPIO_MODE_AF_PP;
 630              		.loc 1 249 25 is_stmt 0 view .LVU208
 631 016e 0423     		movs	r3, #4
 632 0170 0A93     		str	r3, [sp, #40]
 250:Core/Src/usart.c ****     GPIO_InitStruct.Speed = GPIO_SPEED_FREQ_HIGH;
 633              		.loc 1 250 5 is_stmt 1 view .LVU209
 250:Core/Src/usart.c ****     GPIO_InitStruct.Speed = GPIO_SPEED_FREQ_HIGH;
 634              		.loc 1 250 26 is_stmt 0 view .LVU210
 635 0172 0223     		movs	r3, #2
 636 0174 0B93     		str	r3, [sp, #44]
 251:Core/Src/usart.c ****     HAL_GPIO_Init(RS232_TX_GPIO_Port, &GPIO_InitStruct);
 637              		.loc 1 251 5 is_stmt 1 view .LVU211
 251:Core/Src/usart.c ****     HAL_GPIO_Init(RS232_TX_GPIO_Port, &GPIO_InitStruct);
 638              		.loc 1 251 27 is_stmt 0 view .LVU212
 639 0176 0323     		movs	r3, #3
 640 0178 0D93     		str	r3, [sp, #52]
 252:Core/Src/usart.c **** 
 641              		.loc 1 252 5 is_stmt 1 view .LVU213
 642 017a 0E4C     		ldr	r4, .L35+28
 643 017c 0AA9     		add	r1, sp, #40
 644 017e 2046     		mov	r0, r4
 645              	.LVL25:
 252:Core/Src/usart.c **** 
 646              		.loc 1 252 5 is_stmt 0 view .LVU214
 647 0180 FFF7FEFF 		bl	HAL_GPIO_Init
 648              	.LVL26:
 254:Core/Src/usart.c ****     GPIO_InitStruct.Mode = GPIO_MODE_INPUT;
 649              		.loc 1 254 5 is_stmt 1 view .LVU215
 254:Core/Src/usart.c ****     GPIO_InitStruct.Mode = GPIO_MODE_INPUT;
 650              		.loc 1 254 25 is_stmt 0 view .LVU216
 651 0184 0823     		movs	r3, #8
 652 0186 0A93     		str	r3, [sp, #40]
 255:Core/Src/usart.c ****     GPIO_InitStruct.Pull = GPIO_NOPULL;
 653              		.loc 1 255 5 is_stmt 1 view .LVU217
 255:Core/Src/usart.c ****     GPIO_InitStruct.Pull = GPIO_NOPULL;
 654              		.loc 1 255 26 is_stmt 0 view .LVU218
 655 0188 0023     		movs	r3, #0
ARM GAS  C:\Users\Admin\AppData\Local\Temp\ccFiUpfF.s 			page 19


 656 018a 0B93     		str	r3, [sp, #44]
 256:Core/Src/usart.c ****     HAL_GPIO_Init(RS232_RX_GPIO_Port, &GPIO_InitStruct);
 657              		.loc 1 256 5 is_stmt 1 view .LVU219
 256:Core/Src/usart.c ****     HAL_GPIO_Init(RS232_RX_GPIO_Port, &GPIO_InitStruct);
 658              		.loc 1 256 26 is_stmt 0 view .LVU220
 659 018c 0C93     		str	r3, [sp, #48]
 257:Core/Src/usart.c **** 
 660              		.loc 1 257 5 is_stmt 1 view .LVU221
 661 018e 0AA9     		add	r1, sp, #40
 662 0190 2046     		mov	r0, r4
 663 0192 FFF7FEFF 		bl	HAL_GPIO_Init
 664              	.LVL27:
 665              		.loc 1 263 1 is_stmt 0 view .LVU222
 666 0196 48E7     		b	.L25
 667              	.L36:
 668              		.align	2
 669              	.L35:
 670 0198 004C0040 		.word	1073761280
 671 019c 00500040 		.word	1073762304
 672 01a0 00380140 		.word	1073821696
 673 01a4 00440040 		.word	1073759232
 674 01a8 00100240 		.word	1073876992
 675 01ac 00100140 		.word	1073811456
 676 01b0 00140140 		.word	1073812480
 677 01b4 00080140 		.word	1073809408
 678              		.cfi_endproc
 679              	.LFE69:
 681              		.section	.text.HAL_UART_MspDeInit,"ax",%progbits
 682              		.align	1
 683              		.global	HAL_UART_MspDeInit
 684              		.syntax unified
 685              		.thumb
 686              		.thumb_func
 688              	HAL_UART_MspDeInit:
 689              	.LVL28:
 690              	.LFB70:
 264:Core/Src/usart.c **** 
 265:Core/Src/usart.c **** void HAL_UART_MspDeInit(UART_HandleTypeDef* uartHandle)
 266:Core/Src/usart.c **** {
 691              		.loc 1 266 1 is_stmt 1 view -0
 692              		.cfi_startproc
 693              		@ args = 0, pretend = 0, frame = 0
 694              		@ frame_needed = 0, uses_anonymous_args = 0
 695              		.loc 1 266 1 is_stmt 0 view .LVU224
 696 0000 08B5     		push	{r3, lr}
 697              	.LCFI8:
 698              		.cfi_def_cfa_offset 8
 699              		.cfi_offset 3, -8
 700              		.cfi_offset 14, -4
 267:Core/Src/usart.c **** 
 268:Core/Src/usart.c ****   if(uartHandle->Instance==UART4)
 701              		.loc 1 268 3 is_stmt 1 view .LVU225
 702              		.loc 1 268 16 is_stmt 0 view .LVU226
 703 0002 0368     		ldr	r3, [r0]
 704              		.loc 1 268 5 view .LVU227
 705 0004 214A     		ldr	r2, .L47
 706 0006 9342     		cmp	r3, r2
ARM GAS  C:\Users\Admin\AppData\Local\Temp\ccFiUpfF.s 			page 20


 707 0008 09D0     		beq	.L43
 269:Core/Src/usart.c ****   {
 270:Core/Src/usart.c ****   /* USER CODE BEGIN UART4_MspDeInit 0 */
 271:Core/Src/usart.c **** 
 272:Core/Src/usart.c ****   /* USER CODE END UART4_MspDeInit 0 */
 273:Core/Src/usart.c ****     /* Peripheral clock disable */
 274:Core/Src/usart.c ****     __HAL_RCC_UART4_CLK_DISABLE();
 275:Core/Src/usart.c **** 
 276:Core/Src/usart.c ****     /**UART4 GPIO Configuration
 277:Core/Src/usart.c ****     PC10     ------> UART4_TX
 278:Core/Src/usart.c ****     PC11     ------> UART4_RX
 279:Core/Src/usart.c ****     */
 280:Core/Src/usart.c ****     HAL_GPIO_DeInit(GPIOC, GNSS_TX_Pin|GNSS_RX_Pin);
 281:Core/Src/usart.c **** 
 282:Core/Src/usart.c ****   /* USER CODE BEGIN UART4_MspDeInit 1 */
 283:Core/Src/usart.c **** 
 284:Core/Src/usart.c ****   /* USER CODE END UART4_MspDeInit 1 */
 285:Core/Src/usart.c ****   }
 286:Core/Src/usart.c ****   else if(uartHandle->Instance==UART5)
 708              		.loc 1 286 8 is_stmt 1 view .LVU228
 709              		.loc 1 286 10 is_stmt 0 view .LVU229
 710 000a 214A     		ldr	r2, .L47+4
 711 000c 9342     		cmp	r3, r2
 712 000e 12D0     		beq	.L44
 287:Core/Src/usart.c ****   {
 288:Core/Src/usart.c ****   /* USER CODE BEGIN UART5_MspDeInit 0 */
 289:Core/Src/usart.c **** 
 290:Core/Src/usart.c ****   /* USER CODE END UART5_MspDeInit 0 */
 291:Core/Src/usart.c ****     /* Peripheral clock disable */
 292:Core/Src/usart.c ****     __HAL_RCC_UART5_CLK_DISABLE();
 293:Core/Src/usart.c **** 
 294:Core/Src/usart.c ****     /**UART5 GPIO Configuration
 295:Core/Src/usart.c ****     PC12     ------> UART5_TX
 296:Core/Src/usart.c ****     PD2     ------> UART5_RX
 297:Core/Src/usart.c ****     */
 298:Core/Src/usart.c ****     HAL_GPIO_DeInit(DEBUG_TX_GPIO_Port, DEBUG_TX_Pin);
 299:Core/Src/usart.c **** 
 300:Core/Src/usart.c ****     HAL_GPIO_DeInit(DEBUG_RX_GPIO_Port, DEBUG_RX_Pin);
 301:Core/Src/usart.c **** 
 302:Core/Src/usart.c ****   /* USER CODE BEGIN UART5_MspDeInit 1 */
 303:Core/Src/usart.c **** 
 304:Core/Src/usart.c ****   /* USER CODE END UART5_MspDeInit 1 */
 305:Core/Src/usart.c ****   }
 306:Core/Src/usart.c ****   else if(uartHandle->Instance==USART1)
 713              		.loc 1 306 8 is_stmt 1 view .LVU230
 714              		.loc 1 306 10 is_stmt 0 view .LVU231
 715 0010 204A     		ldr	r2, .L47+8
 716 0012 9342     		cmp	r3, r2
 717 0014 1FD0     		beq	.L45
 307:Core/Src/usart.c ****   {
 308:Core/Src/usart.c ****   /* USER CODE BEGIN USART1_MspDeInit 0 */
 309:Core/Src/usart.c **** 
 310:Core/Src/usart.c ****   /* USER CODE END USART1_MspDeInit 0 */
 311:Core/Src/usart.c ****     /* Peripheral clock disable */
 312:Core/Src/usart.c ****     __HAL_RCC_USART1_CLK_DISABLE();
 313:Core/Src/usart.c **** 
 314:Core/Src/usart.c ****     /**USART1 GPIO Configuration
ARM GAS  C:\Users\Admin\AppData\Local\Temp\ccFiUpfF.s 			page 21


 315:Core/Src/usart.c ****     PA9     ------> USART1_TX
 316:Core/Src/usart.c ****     PA10     ------> USART1_RX
 317:Core/Src/usart.c ****     */
 318:Core/Src/usart.c ****     HAL_GPIO_DeInit(GPIOA, SIM_TX_Pin|SIM_RX_Pin);
 319:Core/Src/usart.c **** 
 320:Core/Src/usart.c ****     /* USART1 interrupt Deinit */
 321:Core/Src/usart.c ****     HAL_NVIC_DisableIRQ(USART1_IRQn);
 322:Core/Src/usart.c ****   /* USER CODE BEGIN USART1_MspDeInit 1 */
 323:Core/Src/usart.c **** 
 324:Core/Src/usart.c ****   /* USER CODE END USART1_MspDeInit 1 */
 325:Core/Src/usart.c ****   }
 326:Core/Src/usart.c ****   else if(uartHandle->Instance==USART2)
 718              		.loc 1 326 8 is_stmt 1 view .LVU232
 719              		.loc 1 326 10 is_stmt 0 view .LVU233
 720 0016 204A     		ldr	r2, .L47+12
 721 0018 9342     		cmp	r3, r2
 722 001a 2BD0     		beq	.L46
 723              	.LVL29:
 724              	.L37:
 327:Core/Src/usart.c ****   {
 328:Core/Src/usart.c ****   /* USER CODE BEGIN USART2_MspDeInit 0 */
 329:Core/Src/usart.c **** 
 330:Core/Src/usart.c ****   /* USER CODE END USART2_MspDeInit 0 */
 331:Core/Src/usart.c ****     /* Peripheral clock disable */
 332:Core/Src/usart.c ****     __HAL_RCC_USART2_CLK_DISABLE();
 333:Core/Src/usart.c **** 
 334:Core/Src/usart.c ****     /**USART2 GPIO Configuration
 335:Core/Src/usart.c ****     PA2     ------> USART2_TX
 336:Core/Src/usart.c ****     PA3     ------> USART2_RX
 337:Core/Src/usart.c ****     */
 338:Core/Src/usart.c ****     HAL_GPIO_DeInit(GPIOA, RS232_TX_Pin|RS232_RX_Pin);
 339:Core/Src/usart.c **** 
 340:Core/Src/usart.c ****   /* USER CODE BEGIN USART2_MspDeInit 1 */
 341:Core/Src/usart.c **** 
 342:Core/Src/usart.c ****   /* USER CODE END USART2_MspDeInit 1 */
 343:Core/Src/usart.c ****   }
 344:Core/Src/usart.c **** }
 725              		.loc 1 344 1 view .LVU234
 726 001c 08BD     		pop	{r3, pc}
 727              	.LVL30:
 728              	.L43:
 274:Core/Src/usart.c **** 
 729              		.loc 1 274 5 is_stmt 1 view .LVU235
 730 001e 02F5E232 		add	r2, r2, #115712
 731 0022 D369     		ldr	r3, [r2, #28]
 732 0024 23F40023 		bic	r3, r3, #524288
 733 0028 D361     		str	r3, [r2, #28]
 280:Core/Src/usart.c **** 
 734              		.loc 1 280 5 view .LVU236
 735 002a 4FF44061 		mov	r1, #3072
 736 002e 1B48     		ldr	r0, .L47+16
 737              	.LVL31:
 280:Core/Src/usart.c **** 
 738              		.loc 1 280 5 is_stmt 0 view .LVU237
 739 0030 FFF7FEFF 		bl	HAL_GPIO_DeInit
 740              	.LVL32:
 741 0034 F2E7     		b	.L37
ARM GAS  C:\Users\Admin\AppData\Local\Temp\ccFiUpfF.s 			page 22


 742              	.LVL33:
 743              	.L44:
 292:Core/Src/usart.c **** 
 744              		.loc 1 292 5 is_stmt 1 view .LVU238
 745 0036 02F5E032 		add	r2, r2, #114688
 746 003a D369     		ldr	r3, [r2, #28]
 747 003c 23F48013 		bic	r3, r3, #1048576
 748 0040 D361     		str	r3, [r2, #28]
 298:Core/Src/usart.c **** 
 749              		.loc 1 298 5 view .LVU239
 750 0042 4FF48051 		mov	r1, #4096
 751 0046 1548     		ldr	r0, .L47+16
 752              	.LVL34:
 298:Core/Src/usart.c **** 
 753              		.loc 1 298 5 is_stmt 0 view .LVU240
 754 0048 FFF7FEFF 		bl	HAL_GPIO_DeInit
 755              	.LVL35:
 300:Core/Src/usart.c **** 
 756              		.loc 1 300 5 is_stmt 1 view .LVU241
 757 004c 0421     		movs	r1, #4
 758 004e 1448     		ldr	r0, .L47+20
 759 0050 FFF7FEFF 		bl	HAL_GPIO_DeInit
 760              	.LVL36:
 761 0054 E2E7     		b	.L37
 762              	.LVL37:
 763              	.L45:
 312:Core/Src/usart.c **** 
 764              		.loc 1 312 5 view .LVU242
 765 0056 02F55842 		add	r2, r2, #55296
 766 005a 9369     		ldr	r3, [r2, #24]
 767 005c 23F48043 		bic	r3, r3, #16384
 768 0060 9361     		str	r3, [r2, #24]
 318:Core/Src/usart.c **** 
 769              		.loc 1 318 5 view .LVU243
 770 0062 4FF4C061 		mov	r1, #1536
 771 0066 0F48     		ldr	r0, .L47+24
 772              	.LVL38:
 318:Core/Src/usart.c **** 
 773              		.loc 1 318 5 is_stmt 0 view .LVU244
 774 0068 FFF7FEFF 		bl	HAL_GPIO_DeInit
 775              	.LVL39:
 321:Core/Src/usart.c ****   /* USER CODE BEGIN USART1_MspDeInit 1 */
 776              		.loc 1 321 5 is_stmt 1 view .LVU245
 777 006c 2520     		movs	r0, #37
 778 006e FFF7FEFF 		bl	HAL_NVIC_DisableIRQ
 779              	.LVL40:
 780 0072 D3E7     		b	.L37
 781              	.LVL41:
 782              	.L46:
 332:Core/Src/usart.c **** 
 783              		.loc 1 332 5 view .LVU246
 784 0074 02F5E632 		add	r2, r2, #117760
 785 0078 D369     		ldr	r3, [r2, #28]
 786 007a 23F40033 		bic	r3, r3, #131072
 787 007e D361     		str	r3, [r2, #28]
 338:Core/Src/usart.c **** 
 788              		.loc 1 338 5 view .LVU247
ARM GAS  C:\Users\Admin\AppData\Local\Temp\ccFiUpfF.s 			page 23


 789 0080 0C21     		movs	r1, #12
 790 0082 0848     		ldr	r0, .L47+24
 791              	.LVL42:
 338:Core/Src/usart.c **** 
 792              		.loc 1 338 5 is_stmt 0 view .LVU248
 793 0084 FFF7FEFF 		bl	HAL_GPIO_DeInit
 794              	.LVL43:
 795              		.loc 1 344 1 view .LVU249
 796 0088 C8E7     		b	.L37
 797              	.L48:
 798 008a 00BF     		.align	2
 799              	.L47:
 800 008c 004C0040 		.word	1073761280
 801 0090 00500040 		.word	1073762304
 802 0094 00380140 		.word	1073821696
 803 0098 00440040 		.word	1073759232
 804 009c 00100140 		.word	1073811456
 805 00a0 00140140 		.word	1073812480
 806 00a4 00080140 		.word	1073809408
 807              		.cfi_endproc
 808              	.LFE70:
 810              		.global	huart2
 811              		.global	huart1
 812              		.global	huart5
 813              		.global	huart4
 814              		.section	.bss.huart1,"aw",%nobits
 815              		.align	2
 816              		.set	.LANCHOR2,. + 0
 819              	huart1:
 820 0000 00000000 		.space	72
 820      00000000 
 820      00000000 
 820      00000000 
 820      00000000 
 821              		.section	.bss.huart2,"aw",%nobits
 822              		.align	2
 823              		.set	.LANCHOR3,. + 0
 826              	huart2:
 827 0000 00000000 		.space	72
 827      00000000 
 827      00000000 
 827      00000000 
 827      00000000 
 828              		.section	.bss.huart4,"aw",%nobits
 829              		.align	2
 830              		.set	.LANCHOR0,. + 0
 833              	huart4:
 834 0000 00000000 		.space	72
 834      00000000 
 834      00000000 
 834      00000000 
 834      00000000 
 835              		.section	.bss.huart5,"aw",%nobits
 836              		.align	2
 837              		.set	.LANCHOR1,. + 0
 840              	huart5:
 841 0000 00000000 		.space	72
ARM GAS  C:\Users\Admin\AppData\Local\Temp\ccFiUpfF.s 			page 24


 841      00000000 
 841      00000000 
 841      00000000 
 841      00000000 
 842              		.text
 843              	.Letext0:
 844              		.file 2 "d:\\10 2021.10\\arm-none-eabi\\include\\machine\\_default_types.h"
 845              		.file 3 "d:\\10 2021.10\\arm-none-eabi\\include\\sys\\_stdint.h"
 846              		.file 4 "Drivers/CMSIS/Device/ST/STM32F1xx/Include/stm32f103xe.h"
 847              		.file 5 "Drivers/STM32F1xx_HAL_Driver/Inc/stm32f1xx_hal_def.h"
 848              		.file 6 "Drivers/STM32F1xx_HAL_Driver/Inc/stm32f1xx_hal_gpio.h"
 849              		.file 7 "Drivers/STM32F1xx_HAL_Driver/Inc/stm32f1xx_hal_dma.h"
 850              		.file 8 "Drivers/STM32F1xx_HAL_Driver/Inc/stm32f1xx_hal_uart.h"
 851              		.file 9 "Core/Inc/usart.h"
 852              		.file 10 "Drivers/STM32F1xx_HAL_Driver/Inc/stm32f1xx_hal_cortex.h"
 853              		.file 11 "Core/Inc/main.h"
ARM GAS  C:\Users\Admin\AppData\Local\Temp\ccFiUpfF.s 			page 25


DEFINED SYMBOLS
                            *ABS*:00000000 usart.c
C:\Users\Admin\AppData\Local\Temp\ccFiUpfF.s:18     .text.MX_UART4_Init:00000000 $t
C:\Users\Admin\AppData\Local\Temp\ccFiUpfF.s:24     .text.MX_UART4_Init:00000000 MX_UART4_Init
C:\Users\Admin\AppData\Local\Temp\ccFiUpfF.s:83     .text.MX_UART4_Init:0000002c $d
C:\Users\Admin\AppData\Local\Temp\ccFiUpfF.s:89     .text.MX_UART5_Init:00000000 $t
C:\Users\Admin\AppData\Local\Temp\ccFiUpfF.s:95     .text.MX_UART5_Init:00000000 MX_UART5_Init
C:\Users\Admin\AppData\Local\Temp\ccFiUpfF.s:153    .text.MX_UART5_Init:0000002c $d
C:\Users\Admin\AppData\Local\Temp\ccFiUpfF.s:159    .text.MX_USART1_UART_Init:00000000 $t
C:\Users\Admin\AppData\Local\Temp\ccFiUpfF.s:165    .text.MX_USART1_UART_Init:00000000 MX_USART1_UART_Init
C:\Users\Admin\AppData\Local\Temp\ccFiUpfF.s:223    .text.MX_USART1_UART_Init:0000002c $d
C:\Users\Admin\AppData\Local\Temp\ccFiUpfF.s:229    .text.MX_USART2_UART_Init:00000000 $t
C:\Users\Admin\AppData\Local\Temp\ccFiUpfF.s:235    .text.MX_USART2_UART_Init:00000000 MX_USART2_UART_Init
C:\Users\Admin\AppData\Local\Temp\ccFiUpfF.s:293    .text.MX_USART2_UART_Init:0000002c $d
C:\Users\Admin\AppData\Local\Temp\ccFiUpfF.s:299    .text.HAL_UART_MspInit:00000000 $t
C:\Users\Admin\AppData\Local\Temp\ccFiUpfF.s:305    .text.HAL_UART_MspInit:00000000 HAL_UART_MspInit
C:\Users\Admin\AppData\Local\Temp\ccFiUpfF.s:670    .text.HAL_UART_MspInit:00000198 $d
C:\Users\Admin\AppData\Local\Temp\ccFiUpfF.s:682    .text.HAL_UART_MspDeInit:00000000 $t
C:\Users\Admin\AppData\Local\Temp\ccFiUpfF.s:688    .text.HAL_UART_MspDeInit:00000000 HAL_UART_MspDeInit
C:\Users\Admin\AppData\Local\Temp\ccFiUpfF.s:800    .text.HAL_UART_MspDeInit:0000008c $d
C:\Users\Admin\AppData\Local\Temp\ccFiUpfF.s:826    .bss.huart2:00000000 huart2
C:\Users\Admin\AppData\Local\Temp\ccFiUpfF.s:819    .bss.huart1:00000000 huart1
C:\Users\Admin\AppData\Local\Temp\ccFiUpfF.s:840    .bss.huart5:00000000 huart5
C:\Users\Admin\AppData\Local\Temp\ccFiUpfF.s:833    .bss.huart4:00000000 huart4
C:\Users\Admin\AppData\Local\Temp\ccFiUpfF.s:815    .bss.huart1:00000000 $d
C:\Users\Admin\AppData\Local\Temp\ccFiUpfF.s:822    .bss.huart2:00000000 $d
C:\Users\Admin\AppData\Local\Temp\ccFiUpfF.s:829    .bss.huart4:00000000 $d
C:\Users\Admin\AppData\Local\Temp\ccFiUpfF.s:836    .bss.huart5:00000000 $d

UNDEFINED SYMBOLS
HAL_UART_Init
Error_Handler
HAL_GPIO_Init
HAL_NVIC_SetPriority
HAL_NVIC_EnableIRQ
HAL_GPIO_DeInit
HAL_NVIC_DisableIRQ
